#! /usr/bin/vvp
:ivl_version "10.2 (stable)";
:ivl_delay_selection "TYPICAL";
:vpi_time_precision + 0;
:vpi_module "system";
:vpi_module "vhdl_sys";
:vpi_module "v2005_math";
:vpi_module "va_math";
S_0x561ab9cb4aa0 .scope module, "top" "top" 2 5;
 .timescale 0 0;
    .port_info 0 /INPUT 2 "KEY"
    .port_info 1 /INPUT 1 "ADC_CLK_10"
    .port_info 2 /OUTPUT 2 "LEDR"
    .port_info 3 /OUTPUT 8 "HEX0"
    .port_info 4 /OUTPUT 8 "HEX1"
    .port_info 5 /OUTPUT 8 "HEX2"
    .port_info 6 /OUTPUT 8 "HEX4"
    .port_info 7 /OUTPUT 8 "HEX5"
L_0x561ab9cc6d80 .functor BUFZ 1, L_0x561ab9cf7f30, C4<0>, C4<0>, C4<0>;
o0x7f8af1117018 .functor BUFZ 1, C4<z>; HiZ drive
v0x561ab9cf5b90_0 .net "ADC_CLK_10", 0 0, o0x7f8af1117018;  0 drivers
v0x561ab9cf5c30_0 .net "BCD_value", 9 0, L_0x561ab9cf8600;  1 drivers
v0x561ab9cf5cf0_0 .net "HEX0", 7 0, v0x561ab9cf46c0_0;  1 drivers
v0x561ab9cf5df0_0 .net "HEX1", 7 0, v0x561ab9cf4b90_0;  1 drivers
v0x561ab9cf5ec0_0 .net "HEX2", 7 0, v0x561ab9cf50b0_0;  1 drivers
v0x561ab9cf5fb0_0 .net "HEX4", 7 0, v0x561ab9cf5580_0;  1 drivers
v0x561ab9cf6080_0 .net "HEX5", 7 0, v0x561ab9cf5a50_0;  1 drivers
o0x7f8af1117738 .functor BUFZ 2, C4<zz>; HiZ drive
v0x561ab9cf6150_0 .net "KEY", 1 0, o0x7f8af1117738;  0 drivers
v0x561ab9cf6210_0 .net "LEDR", 1 0, L_0x561ab9cf8090;  1 drivers
v0x561ab9cf62f0_0 .net *"_s10", 0 0, L_0x561ab9cf8180;  1 drivers
v0x561ab9cf63b0_0 .net *"_s12", 4 0, L_0x561ab9cf82f0;  1 drivers
L_0x7f8af10ce060 .functor BUFT 1, C4<0>, C4<0>, C4<0>, C4<0>;
v0x561ab9cf6490_0 .net *"_s15", 0 0, L_0x7f8af10ce060;  1 drivers
L_0x7f8af10ce0a8 .functor BUFT 1, C4<11111>, C4<0>, C4<0>, C4<0>;
v0x561ab9cf6570_0 .net/2u *"_s16", 4 0, L_0x7f8af10ce0a8;  1 drivers
v0x561ab9cf6650_0 .net *"_s18", 4 0, L_0x561ab9cf8440;  1 drivers
v0x561ab9cf6730_0 .net *"_s23", 4 0, L_0x561ab9cf8730;  1 drivers
L_0x7f8af10ce0f0 .functor BUFT 1, C4<0>, C4<0>, C4<0>, C4<0>;
v0x561ab9cf6810_0 .net *"_s26", 0 0, L_0x7f8af10ce0f0;  1 drivers
v0x561ab9cf68f0_0 .net *"_s27", 6 0, L_0x561ab9cf88c0;  1 drivers
L_0x7f8af10ce138 .functor BUFT 1, C4<000>, C4<0>, C4<0>, C4<0>;
v0x561ab9cf6ae0_0 .net *"_s30", 2 0, L_0x7f8af10ce138;  1 drivers
L_0x7f8af10ce180 .functor BUFT 1, C4<0001010>, C4<0>, C4<0>, C4<0>;
v0x561ab9cf6bc0_0 .net/2u *"_s31", 6 0, L_0x7f8af10ce180;  1 drivers
v0x561ab9cf6ca0_0 .net *"_s34", 6 0, L_0x561ab9cf8a00;  1 drivers
L_0x7f8af10ce1c8 .functor BUFT 1, C4<000>, C4<0>, C4<0>, C4<0>;
v0x561ab9cf6d80_0 .net/2u *"_s35", 2 0, L_0x7f8af10ce1c8;  1 drivers
v0x561ab9cf6e60_0 .net *"_s37", 6 0, L_0x561ab9cf8b40;  1 drivers
v0x561ab9cf6f40_0 .net *"_s47", 0 0, L_0x561ab9cf8ff0;  1 drivers
v0x561ab9cf7020_0 .net *"_s5", 0 0, L_0x561ab9cc6d80;  1 drivers
v0x561ab9cf7100_0 .net *"_s51", 0 0, L_0x561ab9cf9110;  1 drivers
L_0x7f8af10ce018 .functor BUFT 1, C4<0000>, C4<0>, C4<0>, C4<0>;
v0x561ab9cf71e0_0 .net/2u *"_s8", 3 0, L_0x7f8af10ce018;  1 drivers
v0x561ab9cf72c0_0 .net "clk", 0 0, L_0x561ab9cf7f30;  1 drivers
v0x561ab9cf7390_0 .net "clk_1hz", 0 0, v0x561ab9cf3b50_0;  1 drivers
v0x561ab9cf7460_0 .net "clk_5hz", 0 0, v0x561ab9cf3c60_0;  1 drivers
v0x561ab9cf7530_0 .var "dom", 4 0;
v0x561ab9cf75d0_0 .var "dom_ones", 4 0;
v0x561ab9cf76a0_0 .var "dom_tens", 4 0;
v0x561ab9cf7770_0 .net "doy_binary_value", 6 0, L_0x561ab9cf8c90;  1 drivers
v0x561ab9cf7a40_0 .var "freq_sel", 0 0;
v0x561ab9cf7b00_0 .var "latch_out", 0 0;
v0x561ab9cf7ba0_0 .var "month_value", 4 0;
v0x561ab9cf7c60_0 .net "ones_data", 3 0, v0x561ab9cf4090_0;  1 drivers
v0x561ab9cf7d30_0 .net "tens_data", 3 0, v0x561ab9cf4210_0;  1 drivers
E_0x561ab9caeb20 .event edge, v0x561ab9cf7530_0;
E_0x561ab9cae0c0 .event edge, v0x561ab9cf7770_0;
E_0x561ab9cae320 .event negedge, L_0x561ab9cf9110;
E_0x561ab9cae590 .event negedge, L_0x561ab9cf8ff0;
L_0x561ab9cf7f30 .functor MUXZ 1, v0x561ab9cf3c60_0, v0x561ab9cf3b50_0, v0x561ab9cf7a40_0, C4<>;
L_0x561ab9cf8090 .part/pv L_0x561ab9cc6d80, 1, 1, 2;
L_0x561ab9cf8180 .cmp/ne 4, v0x561ab9cf4210_0, L_0x7f8af10ce018;
L_0x561ab9cf82f0 .concat [ 4 1 0 0], v0x561ab9cf4210_0, L_0x7f8af10ce060;
L_0x561ab9cf8440 .functor MUXZ 5, L_0x7f8af10ce0a8, L_0x561ab9cf82f0, L_0x561ab9cf8180, C4<>;
L_0x561ab9cf8600 .concat8 [ 5 5 0 0], L_0x561ab9cf8730, L_0x561ab9cf8440;
L_0x561ab9cf8730 .concat [ 4 1 0 0], v0x561ab9cf4090_0, L_0x7f8af10ce0f0;
L_0x561ab9cf88c0 .concat [ 4 3 0 0], v0x561ab9cf4210_0, L_0x7f8af10ce138;
L_0x561ab9cf8a00 .arith/mult 7, L_0x561ab9cf88c0, L_0x7f8af10ce180;
L_0x561ab9cf8b40 .concat [ 4 3 0 0], v0x561ab9cf4090_0, L_0x7f8af10ce1c8;
L_0x561ab9cf8c90 .arith/sum 7, L_0x561ab9cf8a00, L_0x561ab9cf8b40;
L_0x561ab9cf8df0 .part L_0x561ab9cf8600, 0, 5;
L_0x561ab9cf8f50 .part L_0x561ab9cf8600, 5, 5;
L_0x561ab9cf8ff0 .part o0x7f8af1117738, 0, 1;
L_0x561ab9cf9110 .part o0x7f8af1117738, 1, 1;
S_0x561ab9cb15e0 .scope module, "c" "clock_divider" 2 23, 3 1 0, S_0x561ab9cb4aa0;
 .timescale 0 0;
    .port_info 0 /INPUT 1 "clk"
    .port_info 1 /INPUT 1 "reset_n"
    .port_info 2 /OUTPUT 1 "slw_clk_1"
    .port_info 3 /OUTPUT 1 "slw_clk_2"
P_0x561ab9cc8d20 .param/l "divby_1" 0 3 10, +C4<00000000100110001001011010000000>;
P_0x561ab9cc8d60 .param/l "divby_2" 0 3 11, +C4<00000000000111101000010010000000>;
v0x561ab9cc2270_0 .net "clk", 0 0, o0x7f8af1117018;  alias, 0 drivers
v0x561ab9cc2340_0 .var "divider_1", 23 0;
v0x561ab9cbfd00_0 .var "divider_2", 23 0;
v0x561ab9cbfe00_0 .net "reset_n", 0 0, v0x561ab9cf7b00_0;  1 drivers
v0x561ab9cf3b50_0 .var "slw_clk_1", 0 0;
v0x561ab9cf3c60_0 .var "slw_clk_2", 0 0;
E_0x561ab9cd45f0/0 .event negedge, v0x561ab9cbfe00_0;
E_0x561ab9cd45f0/1 .event posedge, v0x561ab9cc2270_0;
E_0x561ab9cd45f0 .event/or E_0x561ab9cd45f0/0, E_0x561ab9cd45f0/1;
S_0x561ab9cf3da0 .scope module, "cnt" "counter" 2 38, 4 1 0, S_0x561ab9cb4aa0;
 .timescale 0 0;
    .port_info 0 /INPUT 1 "reset_n"
    .port_info 1 /INPUT 1 "clk"
    .port_info 2 /OUTPUT 4 "ones"
    .port_info 3 /OUTPUT 4 "tens"
v0x561ab9cf3fb0_0 .net "clk", 0 0, L_0x561ab9cf7f30;  alias, 1 drivers
v0x561ab9cf4090_0 .var "ones", 3 0;
v0x561ab9cf4170_0 .net "reset_n", 0 0, v0x561ab9cf7b00_0;  alias, 1 drivers
v0x561ab9cf4210_0 .var "tens", 3 0;
E_0x561ab9cd4630/0 .event negedge, v0x561ab9cbfe00_0;
E_0x561ab9cd4630/1 .event posedge, v0x561ab9cf3fb0_0;
E_0x561ab9cd4630 .event/or E_0x561ab9cd4630/0, E_0x561ab9cd4630/1;
S_0x561ab9cf4330 .scope module, "h0" "codeconverter" 2 107, 5 1 0, S_0x561ab9cb4aa0;
 .timescale 0 0;
    .port_info 0 /INPUT 5 "num"
    .port_info 1 /OUTPUT 8 "out"
v0x561ab9cf45c0_0 .net "num", 4 0, v0x561ab9cf75d0_0;  1 drivers
v0x561ab9cf46c0_0 .var "out", 7 0;
E_0x561ab9cf4540 .event edge, v0x561ab9cf45c0_0;
S_0x561ab9cf4800 .scope module, "h1" "codeconverter" 2 112, 5 1 0, S_0x561ab9cb4aa0;
 .timescale 0 0;
    .port_info 0 /INPUT 5 "num"
    .port_info 1 /OUTPUT 8 "out"
v0x561ab9cf4a90_0 .net "num", 4 0, v0x561ab9cf76a0_0;  1 drivers
v0x561ab9cf4b90_0 .var "out", 7 0;
E_0x561ab9cf4a10 .event edge, v0x561ab9cf4a90_0;
S_0x561ab9cf4cd0 .scope module, "h2" "codeconverter" 2 117, 5 1 0, S_0x561ab9cb4aa0;
 .timescale 0 0;
    .port_info 0 /INPUT 5 "num"
    .port_info 1 /OUTPUT 8 "out"
v0x561ab9cf4fb0_0 .net "num", 4 0, v0x561ab9cf7ba0_0;  1 drivers
v0x561ab9cf50b0_0 .var "out", 7 0;
E_0x561ab9cf4f30 .event edge, v0x561ab9cf4fb0_0;
S_0x561ab9cf51f0 .scope module, "h4" "codeconverter" 2 122, 5 1 0, S_0x561ab9cb4aa0;
 .timescale 0 0;
    .port_info 0 /INPUT 5 "num"
    .port_info 1 /OUTPUT 8 "out"
v0x561ab9cf5480_0 .net "num", 4 0, L_0x561ab9cf8df0;  1 drivers
v0x561ab9cf5580_0 .var "out", 7 0;
E_0x561ab9cf5400 .event edge, v0x561ab9cf5480_0;
S_0x561ab9cf56c0 .scope module, "h5" "codeconverter" 2 127, 5 1 0, S_0x561ab9cb4aa0;
 .timescale 0 0;
    .port_info 0 /INPUT 5 "num"
    .port_info 1 /OUTPUT 8 "out"
v0x561ab9cf5950_0 .net "num", 4 0, L_0x561ab9cf8f50;  1 drivers
v0x561ab9cf5a50_0 .var "out", 7 0;
E_0x561ab9cf58d0 .event edge, v0x561ab9cf5950_0;
    .scope S_0x561ab9cb15e0;
T_0 ;
    %wait E_0x561ab9cd45f0;
    %load/vec4 v0x561ab9cbfe00_0;
    %pad/u 32;
    %cmpi/e 0, 0, 32;
    %jmp/0xz  T_0.0, 4;
    %pushi/vec4 0, 0, 24;
    %assign/vec4 v0x561ab9cc2340_0, 0;
    %jmp T_0.1;
T_0.0 ;
    %load/vec4 v0x561ab9cc2340_0;
    %pad/u 32;
    %cmpi/e 10000000, 0, 32;
    %jmp/0xz  T_0.2, 4;
    %load/vec4 v0x561ab9cf3b50_0;
    %inv;
    %assign/vec4 v0x561ab9cf3b50_0, 0;
    %pushi/vec4 0, 0, 24;
    %assign/vec4 v0x561ab9cc2340_0, 0;
    %jmp T_0.3;
T_0.2 ;
    %load/vec4 v0x561ab9cc2340_0;
    %addi 1, 0, 24;
    %assign/vec4 v0x561ab9cc2340_0, 0;
T_0.3 ;
T_0.1 ;
    %jmp T_0;
    .thread T_0;
    .scope S_0x561ab9cb15e0;
T_1 ;
    %wait E_0x561ab9cd45f0;
    %load/vec4 v0x561ab9cbfe00_0;
    %pad/u 32;
    %cmpi/e 0, 0, 32;
    %jmp/0xz  T_1.0, 4;
    %pushi/vec4 0, 0, 24;
    %assign/vec4 v0x561ab9cbfd00_0, 0;
    %jmp T_1.1;
T_1.0 ;
    %load/vec4 v0x561ab9cbfd00_0;
    %pad/u 32;
    %cmpi/e 2000000, 0, 32;
    %jmp/0xz  T_1.2, 4;
    %load/vec4 v0x561ab9cf3c60_0;
    %inv;
    %assign/vec4 v0x561ab9cf3c60_0, 0;
    %pushi/vec4 0, 0, 24;
    %assign/vec4 v0x561ab9cbfd00_0, 0;
    %jmp T_1.3;
T_1.2 ;
    %load/vec4 v0x561ab9cbfd00_0;
    %addi 1, 0, 24;
    %assign/vec4 v0x561ab9cbfd00_0, 0;
T_1.3 ;
T_1.1 ;
    %jmp T_1;
    .thread T_1;
    .scope S_0x561ab9cf3da0;
T_2 ;
    %wait E_0x561ab9cd4630;
    %load/vec4 v0x561ab9cf4170_0;
    %pad/u 32;
    %cmpi/e 0, 0, 32;
    %jmp/0xz  T_2.0, 4;
    %pushi/vec4 1, 0, 4;
    %assign/vec4 v0x561ab9cf4090_0, 0;
    %jmp T_2.1;
T_2.0 ;
    %load/vec4 v0x561ab9cf4090_0;
    %pad/u 32;
    %cmpi/ne 9, 0, 32;
    %jmp/0xz  T_2.2, 4;
    %load/vec4 v0x561ab9cf4090_0;
    %addi 1, 0, 4;
    %assign/vec4 v0x561ab9cf4090_0, 0;
    %jmp T_2.3;
T_2.2 ;
    %pushi/vec4 0, 0, 4;
    %assign/vec4 v0x561ab9cf4090_0, 0;
T_2.3 ;
T_2.1 ;
    %jmp T_2;
    .thread T_2;
    .scope S_0x561ab9cf3da0;
T_3 ;
    %wait E_0x561ab9cd4630;
    %load/vec4 v0x561ab9cf4170_0;
    %pad/u 32;
    %cmpi/e 0, 0, 32;
    %jmp/0xz  T_3.0, 4;
    %pushi/vec4 0, 0, 4;
    %assign/vec4 v0x561ab9cf4210_0, 0;
    %jmp T_3.1;
T_3.0 ;
    %load/vec4 v0x561ab9cf4210_0;
    %pad/u 32;
    %pushi/vec4 9, 0, 32;
    %cmp/e;
    %flag_get/vec4 4;
    %inv;
    %load/vec4 v0x561ab9cf4090_0;
    %pad/u 32;
    %pushi/vec4 9, 0, 32;
    %cmp/e;
    %flag_get/vec4 4;
    %and;
    %flag_set/vec4 8;
    %jmp/0xz  T_3.2, 8;
    %load/vec4 v0x561ab9cf4210_0;
    %addi 1, 0, 4;
    %assign/vec4 v0x561ab9cf4210_0, 0;
    %jmp T_3.3;
T_3.2 ;
    %load/vec4 v0x561ab9cf4210_0;
    %pad/u 32;
    %pushi/vec4 9, 0, 32;
    %cmp/e;
    %flag_get/vec4 4;
    %load/vec4 v0x561ab9cf4090_0;
    %pad/u 32;
    %pushi/vec4 9, 0, 32;
    %cmp/e;
    %flag_get/vec4 4;
    %and;
    %flag_set/vec4 8;
    %jmp/0xz  T_3.4, 8;
    %pushi/vec4 0, 0, 4;
    %assign/vec4 v0x561ab9cf4210_0, 0;
T_3.4 ;
T_3.3 ;
T_3.1 ;
    %jmp T_3;
    .thread T_3;
    .scope S_0x561ab9cf4330;
T_4 ;
    %wait E_0x561ab9cf4540;
    %load/vec4 v0x561ab9cf45c0_0;
    %dup/vec4;
    %pushi/vec4 0, 0, 5;
    %cmp/u;
    %jmp/1 T_4.0, 6;
    %dup/vec4;
    %pushi/vec4 1, 0, 5;
    %cmp/u;
    %jmp/1 T_4.1, 6;
    %dup/vec4;
    %pushi/vec4 2, 0, 5;
    %cmp/u;
    %jmp/1 T_4.2, 6;
    %dup/vec4;
    %pushi/vec4 3, 0, 5;
    %cmp/u;
    %jmp/1 T_4.3, 6;
    %dup/vec4;
    %pushi/vec4 4, 0, 5;
    %cmp/u;
    %jmp/1 T_4.4, 6;
    %dup/vec4;
    %pushi/vec4 5, 0, 5;
    %cmp/u;
    %jmp/1 T_4.5, 6;
    %dup/vec4;
    %pushi/vec4 6, 0, 5;
    %cmp/u;
    %jmp/1 T_4.6, 6;
    %dup/vec4;
    %pushi/vec4 7, 0, 5;
    %cmp/u;
    %jmp/1 T_4.7, 6;
    %dup/vec4;
    %pushi/vec4 8, 0, 5;
    %cmp/u;
    %jmp/1 T_4.8, 6;
    %dup/vec4;
    %pushi/vec4 9, 0, 5;
    %cmp/u;
    %jmp/1 T_4.9, 6;
    %dup/vec4;
    %pushi/vec4 10, 0, 5;
    %cmp/u;
    %jmp/1 T_4.10, 6;
    %dup/vec4;
    %pushi/vec4 11, 0, 5;
    %cmp/u;
    %jmp/1 T_4.11, 6;
    %dup/vec4;
    %pushi/vec4 12, 0, 5;
    %cmp/u;
    %jmp/1 T_4.12, 6;
    %dup/vec4;
    %pushi/vec4 13, 0, 5;
    %cmp/u;
    %jmp/1 T_4.13, 6;
    %dup/vec4;
    %pushi/vec4 14, 0, 5;
    %cmp/u;
    %jmp/1 T_4.14, 6;
    %dup/vec4;
    %pushi/vec4 15, 0, 5;
    %cmp/u;
    %jmp/1 T_4.15, 6;
    %dup/vec4;
    %pushi/vec4 31, 0, 5;
    %cmp/u;
    %jmp/1 T_4.16, 6;
    %pushi/vec4 255, 0, 8;
    %store/vec4 v0x561ab9cf46c0_0, 0, 8;
    %jmp T_4.18;
T_4.0 ;
    %pushi/vec4 192, 0, 8;
    %store/vec4 v0x561ab9cf46c0_0, 0, 8;
    %jmp T_4.18;
T_4.1 ;
    %pushi/vec4 249, 0, 8;
    %store/vec4 v0x561ab9cf46c0_0, 0, 8;
    %jmp T_4.18;
T_4.2 ;
    %pushi/vec4 164, 0, 8;
    %store/vec4 v0x561ab9cf46c0_0, 0, 8;
    %jmp T_4.18;
T_4.3 ;
    %pushi/vec4 176, 0, 8;
    %store/vec4 v0x561ab9cf46c0_0, 0, 8;
    %jmp T_4.18;
T_4.4 ;
    %pushi/vec4 153, 0, 8;
    %store/vec4 v0x561ab9cf46c0_0, 0, 8;
    %jmp T_4.18;
T_4.5 ;
    %pushi/vec4 146, 0, 8;
    %store/vec4 v0x561ab9cf46c0_0, 0, 8;
    %jmp T_4.18;
T_4.6 ;
    %pushi/vec4 130, 0, 8;
    %store/vec4 v0x561ab9cf46c0_0, 0, 8;
    %jmp T_4.18;
T_4.7 ;
    %pushi/vec4 248, 0, 8;
    %store/vec4 v0x561ab9cf46c0_0, 0, 8;
    %jmp T_4.18;
T_4.8 ;
    %pushi/vec4 128, 0, 8;
    %store/vec4 v0x561ab9cf46c0_0, 0, 8;
    %jmp T_4.18;
T_4.9 ;
    %pushi/vec4 152, 0, 8;
    %store/vec4 v0x561ab9cf46c0_0, 0, 8;
    %jmp T_4.18;
T_4.10 ;
    %pushi/vec4 136, 0, 8;
    %store/vec4 v0x561ab9cf46c0_0, 0, 8;
    %jmp T_4.18;
T_4.11 ;
    %pushi/vec4 131, 0, 8;
    %store/vec4 v0x561ab9cf46c0_0, 0, 8;
    %jmp T_4.18;
T_4.12 ;
    %pushi/vec4 198, 0, 8;
    %store/vec4 v0x561ab9cf46c0_0, 0, 8;
    %jmp T_4.18;
T_4.13 ;
    %pushi/vec4 161, 0, 8;
    %store/vec4 v0x561ab9cf46c0_0, 0, 8;
    %jmp T_4.18;
T_4.14 ;
    %pushi/vec4 134, 0, 8;
    %store/vec4 v0x561ab9cf46c0_0, 0, 8;
    %jmp T_4.18;
T_4.15 ;
    %pushi/vec4 142, 0, 8;
    %store/vec4 v0x561ab9cf46c0_0, 0, 8;
    %jmp T_4.18;
T_4.16 ;
    %pushi/vec4 255, 0, 8;
    %store/vec4 v0x561ab9cf46c0_0, 0, 8;
    %jmp T_4.18;
T_4.18 ;
    %pop/vec4 1;
    %jmp T_4;
    .thread T_4, $push;
    .scope S_0x561ab9cf4800;
T_5 ;
    %wait E_0x561ab9cf4a10;
    %load/vec4 v0x561ab9cf4a90_0;
    %dup/vec4;
    %pushi/vec4 0, 0, 5;
    %cmp/u;
    %jmp/1 T_5.0, 6;
    %dup/vec4;
    %pushi/vec4 1, 0, 5;
    %cmp/u;
    %jmp/1 T_5.1, 6;
    %dup/vec4;
    %pushi/vec4 2, 0, 5;
    %cmp/u;
    %jmp/1 T_5.2, 6;
    %dup/vec4;
    %pushi/vec4 3, 0, 5;
    %cmp/u;
    %jmp/1 T_5.3, 6;
    %dup/vec4;
    %pushi/vec4 4, 0, 5;
    %cmp/u;
    %jmp/1 T_5.4, 6;
    %dup/vec4;
    %pushi/vec4 5, 0, 5;
    %cmp/u;
    %jmp/1 T_5.5, 6;
    %dup/vec4;
    %pushi/vec4 6, 0, 5;
    %cmp/u;
    %jmp/1 T_5.6, 6;
    %dup/vec4;
    %pushi/vec4 7, 0, 5;
    %cmp/u;
    %jmp/1 T_5.7, 6;
    %dup/vec4;
    %pushi/vec4 8, 0, 5;
    %cmp/u;
    %jmp/1 T_5.8, 6;
    %dup/vec4;
    %pushi/vec4 9, 0, 5;
    %cmp/u;
    %jmp/1 T_5.9, 6;
    %dup/vec4;
    %pushi/vec4 10, 0, 5;
    %cmp/u;
    %jmp/1 T_5.10, 6;
    %dup/vec4;
    %pushi/vec4 11, 0, 5;
    %cmp/u;
    %jmp/1 T_5.11, 6;
    %dup/vec4;
    %pushi/vec4 12, 0, 5;
    %cmp/u;
    %jmp/1 T_5.12, 6;
    %dup/vec4;
    %pushi/vec4 13, 0, 5;
    %cmp/u;
    %jmp/1 T_5.13, 6;
    %dup/vec4;
    %pushi/vec4 14, 0, 5;
    %cmp/u;
    %jmp/1 T_5.14, 6;
    %dup/vec4;
    %pushi/vec4 15, 0, 5;
    %cmp/u;
    %jmp/1 T_5.15, 6;
    %dup/vec4;
    %pushi/vec4 31, 0, 5;
    %cmp/u;
    %jmp/1 T_5.16, 6;
    %pushi/vec4 255, 0, 8;
    %store/vec4 v0x561ab9cf4b90_0, 0, 8;
    %jmp T_5.18;
T_5.0 ;
    %pushi/vec4 192, 0, 8;
    %store/vec4 v0x561ab9cf4b90_0, 0, 8;
    %jmp T_5.18;
T_5.1 ;
    %pushi/vec4 249, 0, 8;
    %store/vec4 v0x561ab9cf4b90_0, 0, 8;
    %jmp T_5.18;
T_5.2 ;
    %pushi/vec4 164, 0, 8;
    %store/vec4 v0x561ab9cf4b90_0, 0, 8;
    %jmp T_5.18;
T_5.3 ;
    %pushi/vec4 176, 0, 8;
    %store/vec4 v0x561ab9cf4b90_0, 0, 8;
    %jmp T_5.18;
T_5.4 ;
    %pushi/vec4 153, 0, 8;
    %store/vec4 v0x561ab9cf4b90_0, 0, 8;
    %jmp T_5.18;
T_5.5 ;
    %pushi/vec4 146, 0, 8;
    %store/vec4 v0x561ab9cf4b90_0, 0, 8;
    %jmp T_5.18;
T_5.6 ;
    %pushi/vec4 130, 0, 8;
    %store/vec4 v0x561ab9cf4b90_0, 0, 8;
    %jmp T_5.18;
T_5.7 ;
    %pushi/vec4 248, 0, 8;
    %store/vec4 v0x561ab9cf4b90_0, 0, 8;
    %jmp T_5.18;
T_5.8 ;
    %pushi/vec4 128, 0, 8;
    %store/vec4 v0x561ab9cf4b90_0, 0, 8;
    %jmp T_5.18;
T_5.9 ;
    %pushi/vec4 152, 0, 8;
    %store/vec4 v0x561ab9cf4b90_0, 0, 8;
    %jmp T_5.18;
T_5.10 ;
    %pushi/vec4 136, 0, 8;
    %store/vec4 v0x561ab9cf4b90_0, 0, 8;
    %jmp T_5.18;
T_5.11 ;
    %pushi/vec4 131, 0, 8;
    %store/vec4 v0x561ab9cf4b90_0, 0, 8;
    %jmp T_5.18;
T_5.12 ;
    %pushi/vec4 198, 0, 8;
    %store/vec4 v0x561ab9cf4b90_0, 0, 8;
    %jmp T_5.18;
T_5.13 ;
    %pushi/vec4 161, 0, 8;
    %store/vec4 v0x561ab9cf4b90_0, 0, 8;
    %jmp T_5.18;
T_5.14 ;
    %pushi/vec4 134, 0, 8;
    %store/vec4 v0x561ab9cf4b90_0, 0, 8;
    %jmp T_5.18;
T_5.15 ;
    %pushi/vec4 142, 0, 8;
    %store/vec4 v0x561ab9cf4b90_0, 0, 8;
    %jmp T_5.18;
T_5.16 ;
    %pushi/vec4 255, 0, 8;
    %store/vec4 v0x561ab9cf4b90_0, 0, 8;
    %jmp T_5.18;
T_5.18 ;
    %pop/vec4 1;
    %jmp T_5;
    .thread T_5, $push;
    .scope S_0x561ab9cf4cd0;
T_6 ;
    %wait E_0x561ab9cf4f30;
    %load/vec4 v0x561ab9cf4fb0_0;
    %dup/vec4;
    %pushi/vec4 0, 0, 5;
    %cmp/u;
    %jmp/1 T_6.0, 6;
    %dup/vec4;
    %pushi/vec4 1, 0, 5;
    %cmp/u;
    %jmp/1 T_6.1, 6;
    %dup/vec4;
    %pushi/vec4 2, 0, 5;
    %cmp/u;
    %jmp/1 T_6.2, 6;
    %dup/vec4;
    %pushi/vec4 3, 0, 5;
    %cmp/u;
    %jmp/1 T_6.3, 6;
    %dup/vec4;
    %pushi/vec4 4, 0, 5;
    %cmp/u;
    %jmp/1 T_6.4, 6;
    %dup/vec4;
    %pushi/vec4 5, 0, 5;
    %cmp/u;
    %jmp/1 T_6.5, 6;
    %dup/vec4;
    %pushi/vec4 6, 0, 5;
    %cmp/u;
    %jmp/1 T_6.6, 6;
    %dup/vec4;
    %pushi/vec4 7, 0, 5;
    %cmp/u;
    %jmp/1 T_6.7, 6;
    %dup/vec4;
    %pushi/vec4 8, 0, 5;
    %cmp/u;
    %jmp/1 T_6.8, 6;
    %dup/vec4;
    %pushi/vec4 9, 0, 5;
    %cmp/u;
    %jmp/1 T_6.9, 6;
    %dup/vec4;
    %pushi/vec4 10, 0, 5;
    %cmp/u;
    %jmp/1 T_6.10, 6;
    %dup/vec4;
    %pushi/vec4 11, 0, 5;
    %cmp/u;
    %jmp/1 T_6.11, 6;
    %dup/vec4;
    %pushi/vec4 12, 0, 5;
    %cmp/u;
    %jmp/1 T_6.12, 6;
    %dup/vec4;
    %pushi/vec4 13, 0, 5;
    %cmp/u;
    %jmp/1 T_6.13, 6;
    %dup/vec4;
    %pushi/vec4 14, 0, 5;
    %cmp/u;
    %jmp/1 T_6.14, 6;
    %dup/vec4;
    %pushi/vec4 15, 0, 5;
    %cmp/u;
    %jmp/1 T_6.15, 6;
    %dup/vec4;
    %pushi/vec4 31, 0, 5;
    %cmp/u;
    %jmp/1 T_6.16, 6;
    %pushi/vec4 255, 0, 8;
    %store/vec4 v0x561ab9cf50b0_0, 0, 8;
    %jmp T_6.18;
T_6.0 ;
    %pushi/vec4 192, 0, 8;
    %store/vec4 v0x561ab9cf50b0_0, 0, 8;
    %jmp T_6.18;
T_6.1 ;
    %pushi/vec4 249, 0, 8;
    %store/vec4 v0x561ab9cf50b0_0, 0, 8;
    %jmp T_6.18;
T_6.2 ;
    %pushi/vec4 164, 0, 8;
    %store/vec4 v0x561ab9cf50b0_0, 0, 8;
    %jmp T_6.18;
T_6.3 ;
    %pushi/vec4 176, 0, 8;
    %store/vec4 v0x561ab9cf50b0_0, 0, 8;
    %jmp T_6.18;
T_6.4 ;
    %pushi/vec4 153, 0, 8;
    %store/vec4 v0x561ab9cf50b0_0, 0, 8;
    %jmp T_6.18;
T_6.5 ;
    %pushi/vec4 146, 0, 8;
    %store/vec4 v0x561ab9cf50b0_0, 0, 8;
    %jmp T_6.18;
T_6.6 ;
    %pushi/vec4 130, 0, 8;
    %store/vec4 v0x561ab9cf50b0_0, 0, 8;
    %jmp T_6.18;
T_6.7 ;
    %pushi/vec4 248, 0, 8;
    %store/vec4 v0x561ab9cf50b0_0, 0, 8;
    %jmp T_6.18;
T_6.8 ;
    %pushi/vec4 128, 0, 8;
    %store/vec4 v0x561ab9cf50b0_0, 0, 8;
    %jmp T_6.18;
T_6.9 ;
    %pushi/vec4 152, 0, 8;
    %store/vec4 v0x561ab9cf50b0_0, 0, 8;
    %jmp T_6.18;
T_6.10 ;
    %pushi/vec4 136, 0, 8;
    %store/vec4 v0x561ab9cf50b0_0, 0, 8;
    %jmp T_6.18;
T_6.11 ;
    %pushi/vec4 131, 0, 8;
    %store/vec4 v0x561ab9cf50b0_0, 0, 8;
    %jmp T_6.18;
T_6.12 ;
    %pushi/vec4 198, 0, 8;
    %store/vec4 v0x561ab9cf50b0_0, 0, 8;
    %jmp T_6.18;
T_6.13 ;
    %pushi/vec4 161, 0, 8;
    %store/vec4 v0x561ab9cf50b0_0, 0, 8;
    %jmp T_6.18;
T_6.14 ;
    %pushi/vec4 134, 0, 8;
    %store/vec4 v0x561ab9cf50b0_0, 0, 8;
    %jmp T_6.18;
T_6.15 ;
    %pushi/vec4 142, 0, 8;
    %store/vec4 v0x561ab9cf50b0_0, 0, 8;
    %jmp T_6.18;
T_6.16 ;
    %pushi/vec4 255, 0, 8;
    %store/vec4 v0x561ab9cf50b0_0, 0, 8;
    %jmp T_6.18;
T_6.18 ;
    %pop/vec4 1;
    %jmp T_6;
    .thread T_6, $push;
    .scope S_0x561ab9cf51f0;
T_7 ;
    %wait E_0x561ab9cf5400;
    %load/vec4 v0x561ab9cf5480_0;
    %dup/vec4;
    %pushi/vec4 0, 0, 5;
    %cmp/u;
    %jmp/1 T_7.0, 6;
    %dup/vec4;
    %pushi/vec4 1, 0, 5;
    %cmp/u;
    %jmp/1 T_7.1, 6;
    %dup/vec4;
    %pushi/vec4 2, 0, 5;
    %cmp/u;
    %jmp/1 T_7.2, 6;
    %dup/vec4;
    %pushi/vec4 3, 0, 5;
    %cmp/u;
    %jmp/1 T_7.3, 6;
    %dup/vec4;
    %pushi/vec4 4, 0, 5;
    %cmp/u;
    %jmp/1 T_7.4, 6;
    %dup/vec4;
    %pushi/vec4 5, 0, 5;
    %cmp/u;
    %jmp/1 T_7.5, 6;
    %dup/vec4;
    %pushi/vec4 6, 0, 5;
    %cmp/u;
    %jmp/1 T_7.6, 6;
    %dup/vec4;
    %pushi/vec4 7, 0, 5;
    %cmp/u;
    %jmp/1 T_7.7, 6;
    %dup/vec4;
    %pushi/vec4 8, 0, 5;
    %cmp/u;
    %jmp/1 T_7.8, 6;
    %dup/vec4;
    %pushi/vec4 9, 0, 5;
    %cmp/u;
    %jmp/1 T_7.9, 6;
    %dup/vec4;
    %pushi/vec4 10, 0, 5;
    %cmp/u;
    %jmp/1 T_7.10, 6;
    %dup/vec4;
    %pushi/vec4 11, 0, 5;
    %cmp/u;
    %jmp/1 T_7.11, 6;
    %dup/vec4;
    %pushi/vec4 12, 0, 5;
    %cmp/u;
    %jmp/1 T_7.12, 6;
    %dup/vec4;
    %pushi/vec4 13, 0, 5;
    %cmp/u;
    %jmp/1 T_7.13, 6;
    %dup/vec4;
    %pushi/vec4 14, 0, 5;
    %cmp/u;
    %jmp/1 T_7.14, 6;
    %dup/vec4;
    %pushi/vec4 15, 0, 5;
    %cmp/u;
    %jmp/1 T_7.15, 6;
    %dup/vec4;
    %pushi/vec4 31, 0, 5;
    %cmp/u;
    %jmp/1 T_7.16, 6;
    %pushi/vec4 255, 0, 8;
    %store/vec4 v0x561ab9cf5580_0, 0, 8;
    %jmp T_7.18;
T_7.0 ;
    %pushi/vec4 192, 0, 8;
    %store/vec4 v0x561ab9cf5580_0, 0, 8;
    %jmp T_7.18;
T_7.1 ;
    %pushi/vec4 249, 0, 8;
    %store/vec4 v0x561ab9cf5580_0, 0, 8;
    %jmp T_7.18;
T_7.2 ;
    %pushi/vec4 164, 0, 8;
    %store/vec4 v0x561ab9cf5580_0, 0, 8;
    %jmp T_7.18;
T_7.3 ;
    %pushi/vec4 176, 0, 8;
    %store/vec4 v0x561ab9cf5580_0, 0, 8;
    %jmp T_7.18;
T_7.4 ;
    %pushi/vec4 153, 0, 8;
    %store/vec4 v0x561ab9cf5580_0, 0, 8;
    %jmp T_7.18;
T_7.5 ;
    %pushi/vec4 146, 0, 8;
    %store/vec4 v0x561ab9cf5580_0, 0, 8;
    %jmp T_7.18;
T_7.6 ;
    %pushi/vec4 130, 0, 8;
    %store/vec4 v0x561ab9cf5580_0, 0, 8;
    %jmp T_7.18;
T_7.7 ;
    %pushi/vec4 248, 0, 8;
    %store/vec4 v0x561ab9cf5580_0, 0, 8;
    %jmp T_7.18;
T_7.8 ;
    %pushi/vec4 128, 0, 8;
    %store/vec4 v0x561ab9cf5580_0, 0, 8;
    %jmp T_7.18;
T_7.9 ;
    %pushi/vec4 152, 0, 8;
    %store/vec4 v0x561ab9cf5580_0, 0, 8;
    %jmp T_7.18;
T_7.10 ;
    %pushi/vec4 136, 0, 8;
    %store/vec4 v0x561ab9cf5580_0, 0, 8;
    %jmp T_7.18;
T_7.11 ;
    %pushi/vec4 131, 0, 8;
    %store/vec4 v0x561ab9cf5580_0, 0, 8;
    %jmp T_7.18;
T_7.12 ;
    %pushi/vec4 198, 0, 8;
    %store/vec4 v0x561ab9cf5580_0, 0, 8;
    %jmp T_7.18;
T_7.13 ;
    %pushi/vec4 161, 0, 8;
    %store/vec4 v0x561ab9cf5580_0, 0, 8;
    %jmp T_7.18;
T_7.14 ;
    %pushi/vec4 134, 0, 8;
    %store/vec4 v0x561ab9cf5580_0, 0, 8;
    %jmp T_7.18;
T_7.15 ;
    %pushi/vec4 142, 0, 8;
    %store/vec4 v0x561ab9cf5580_0, 0, 8;
    %jmp T_7.18;
T_7.16 ;
    %pushi/vec4 255, 0, 8;
    %store/vec4 v0x561ab9cf5580_0, 0, 8;
    %jmp T_7.18;
T_7.18 ;
    %pop/vec4 1;
    %jmp T_7;
    .thread T_7, $push;
    .scope S_0x561ab9cf56c0;
T_8 ;
    %wait E_0x561ab9cf58d0;
    %load/vec4 v0x561ab9cf5950_0;
    %dup/vec4;
    %pushi/vec4 0, 0, 5;
    %cmp/u;
    %jmp/1 T_8.0, 6;
    %dup/vec4;
    %pushi/vec4 1, 0, 5;
    %cmp/u;
    %jmp/1 T_8.1, 6;
    %dup/vec4;
    %pushi/vec4 2, 0, 5;
    %cmp/u;
    %jmp/1 T_8.2, 6;
    %dup/vec4;
    %pushi/vec4 3, 0, 5;
    %cmp/u;
    %jmp/1 T_8.3, 6;
    %dup/vec4;
    %pushi/vec4 4, 0, 5;
    %cmp/u;
    %jmp/1 T_8.4, 6;
    %dup/vec4;
    %pushi/vec4 5, 0, 5;
    %cmp/u;
    %jmp/1 T_8.5, 6;
    %dup/vec4;
    %pushi/vec4 6, 0, 5;
    %cmp/u;
    %jmp/1 T_8.6, 6;
    %dup/vec4;
    %pushi/vec4 7, 0, 5;
    %cmp/u;
    %jmp/1 T_8.7, 6;
    %dup/vec4;
    %pushi/vec4 8, 0, 5;
    %cmp/u;
    %jmp/1 T_8.8, 6;
    %dup/vec4;
    %pushi/vec4 9, 0, 5;
    %cmp/u;
    %jmp/1 T_8.9, 6;
    %dup/vec4;
    %pushi/vec4 10, 0, 5;
    %cmp/u;
    %jmp/1 T_8.10, 6;
    %dup/vec4;
    %pushi/vec4 11, 0, 5;
    %cmp/u;
    %jmp/1 T_8.11, 6;
    %dup/vec4;
    %pushi/vec4 12, 0, 5;
    %cmp/u;
    %jmp/1 T_8.12, 6;
    %dup/vec4;
    %pushi/vec4 13, 0, 5;
    %cmp/u;
    %jmp/1 T_8.13, 6;
    %dup/vec4;
    %pushi/vec4 14, 0, 5;
    %cmp/u;
    %jmp/1 T_8.14, 6;
    %dup/vec4;
    %pushi/vec4 15, 0, 5;
    %cmp/u;
    %jmp/1 T_8.15, 6;
    %dup/vec4;
    %pushi/vec4 31, 0, 5;
    %cmp/u;
    %jmp/1 T_8.16, 6;
    %pushi/vec4 255, 0, 8;
    %store/vec4 v0x561ab9cf5a50_0, 0, 8;
    %jmp T_8.18;
T_8.0 ;
    %pushi/vec4 192, 0, 8;
    %store/vec4 v0x561ab9cf5a50_0, 0, 8;
    %jmp T_8.18;
T_8.1 ;
    %pushi/vec4 249, 0, 8;
    %store/vec4 v0x561ab9cf5a50_0, 0, 8;
    %jmp T_8.18;
T_8.2 ;
    %pushi/vec4 164, 0, 8;
    %store/vec4 v0x561ab9cf5a50_0, 0, 8;
    %jmp T_8.18;
T_8.3 ;
    %pushi/vec4 176, 0, 8;
    %store/vec4 v0x561ab9cf5a50_0, 0, 8;
    %jmp T_8.18;
T_8.4 ;
    %pushi/vec4 153, 0, 8;
    %store/vec4 v0x561ab9cf5a50_0, 0, 8;
    %jmp T_8.18;
T_8.5 ;
    %pushi/vec4 146, 0, 8;
    %store/vec4 v0x561ab9cf5a50_0, 0, 8;
    %jmp T_8.18;
T_8.6 ;
    %pushi/vec4 130, 0, 8;
    %store/vec4 v0x561ab9cf5a50_0, 0, 8;
    %jmp T_8.18;
T_8.7 ;
    %pushi/vec4 248, 0, 8;
    %store/vec4 v0x561ab9cf5a50_0, 0, 8;
    %jmp T_8.18;
T_8.8 ;
    %pushi/vec4 128, 0, 8;
    %store/vec4 v0x561ab9cf5a50_0, 0, 8;
    %jmp T_8.18;
T_8.9 ;
    %pushi/vec4 152, 0, 8;
    %store/vec4 v0x561ab9cf5a50_0, 0, 8;
    %jmp T_8.18;
T_8.10 ;
    %pushi/vec4 136, 0, 8;
    %store/vec4 v0x561ab9cf5a50_0, 0, 8;
    %jmp T_8.18;
T_8.11 ;
    %pushi/vec4 131, 0, 8;
    %store/vec4 v0x561ab9cf5a50_0, 0, 8;
    %jmp T_8.18;
T_8.12 ;
    %pushi/vec4 198, 0, 8;
    %store/vec4 v0x561ab9cf5a50_0, 0, 8;
    %jmp T_8.18;
T_8.13 ;
    %pushi/vec4 161, 0, 8;
    %store/vec4 v0x561ab9cf5a50_0, 0, 8;
    %jmp T_8.18;
T_8.14 ;
    %pushi/vec4 134, 0, 8;
    %store/vec4 v0x561ab9cf5a50_0, 0, 8;
    %jmp T_8.18;
T_8.15 ;
    %pushi/vec4 142, 0, 8;
    %store/vec4 v0x561ab9cf5a50_0, 0, 8;
    %jmp T_8.18;
T_8.16 ;
    %pushi/vec4 255, 0, 8;
    %store/vec4 v0x561ab9cf5a50_0, 0, 8;
    %jmp T_8.18;
T_8.18 ;
    %pop/vec4 1;
    %jmp T_8;
    .thread T_8, $push;
    .scope S_0x561ab9cb4aa0;
T_9 ;
    %wait E_0x561ab9cae590;
    %load/vec4 v0x561ab9cf7b00_0;
    %inv;
    %assign/vec4 v0x561ab9cf7b00_0, 0;
    %jmp T_9;
    .thread T_9;
    .scope S_0x561ab9cb4aa0;
T_10 ;
    %wait E_0x561ab9cae320;
    %load/vec4 v0x561ab9cf7a40_0;
    %inv;
    %assign/vec4 v0x561ab9cf7a40_0, 0;
    %jmp T_10;
    .thread T_10;
    .scope S_0x561ab9cb4aa0;
T_11 ;
    %wait E_0x561ab9cae0c0;
    %load/vec4 v0x561ab9cf7770_0;
    %pad/u 32;
    %cmpi/u 31, 0, 32;
    %flag_or 5, 4;
    %jmp/0xz  T_11.0, 5;
    %pushi/vec4 1, 0, 5;
    %store/vec4 v0x561ab9cf7ba0_0, 0, 5;
    %load/vec4 v0x561ab9cf7770_0;
    %pad/u 5;
    %store/vec4 v0x561ab9cf7530_0, 0, 5;
    %jmp T_11.1;
T_11.0 ;
    %load/vec4 v0x561ab9cf7770_0;
    %pad/u 32;
    %cmpi/u 59, 0, 32;
    %flag_or 5, 4;
    %jmp/0xz  T_11.2, 5;
    %pushi/vec4 2, 0, 5;
    %store/vec4 v0x561ab9cf7ba0_0, 0, 5;
    %load/vec4 v0x561ab9cf7770_0;
    %subi 31, 0, 7;
    %pad/u 5;
    %store/vec4 v0x561ab9cf7530_0, 0, 5;
    %jmp T_11.3;
T_11.2 ;
    %load/vec4 v0x561ab9cf7770_0;
    %pad/u 32;
    %cmpi/u 90, 0, 32;
    %flag_or 5, 4;
    %jmp/0xz  T_11.4, 5;
    %pushi/vec4 3, 0, 5;
    %store/vec4 v0x561ab9cf7ba0_0, 0, 5;
    %load/vec4 v0x561ab9cf7770_0;
    %subi 59, 0, 7;
    %pad/u 5;
    %store/vec4 v0x561ab9cf7530_0, 0, 5;
    %jmp T_11.5;
T_11.4 ;
    %pushi/vec4 4, 0, 5;
    %store/vec4 v0x561ab9cf7ba0_0, 0, 5;
    %load/vec4 v0x561ab9cf7770_0;
    %pad/u 8;
    %subi 90, 0, 8;
    %pad/u 5;
    %store/vec4 v0x561ab9cf7530_0, 0, 5;
T_11.5 ;
T_11.3 ;
T_11.1 ;
    %jmp T_11;
    .thread T_11, $push;
    .scope S_0x561ab9cb4aa0;
T_12 ;
    %wait E_0x561ab9caeb20;
    %load/vec4 v0x561ab9cf7530_0;
    %pad/u 32;
    %cmpi/u 9, 0, 32;
    %flag_or 5, 4;
    %jmp/0xz  T_12.0, 5;
    %pushi/vec4 31, 0, 5;
    %store/vec4 v0x561ab9cf76a0_0, 0, 5;
    %load/vec4 v0x561ab9cf7530_0;
    %store/vec4 v0x561ab9cf75d0_0, 0, 5;
    %jmp T_12.1;
T_12.0 ;
    %load/vec4 v0x561ab9cf7530_0;
    %pad/u 32;
    %cmpi/u 19, 0, 32;
    %flag_or 5, 4;
    %jmp/0xz  T_12.2, 5;
    %pushi/vec4 1, 0, 5;
    %store/vec4 v0x561ab9cf76a0_0, 0, 5;
    %load/vec4 v0x561ab9cf7530_0;
    %subi 10, 0, 5;
    %store/vec4 v0x561ab9cf75d0_0, 0, 5;
    %jmp T_12.3;
T_12.2 ;
    %load/vec4 v0x561ab9cf7530_0;
    %pad/u 32;
    %cmpi/u 29, 0, 32;
    %flag_or 5, 4;
    %jmp/0xz  T_12.4, 5;
    %pushi/vec4 2, 0, 5;
    %store/vec4 v0x561ab9cf76a0_0, 0, 5;
    %load/vec4 v0x561ab9cf7530_0;
    %pad/u 6;
    %subi 20, 0, 6;
    %pad/u 5;
    %store/vec4 v0x561ab9cf75d0_0, 0, 5;
    %jmp T_12.5;
T_12.4 ;
    %pushi/vec4 3, 0, 5;
    %store/vec4 v0x561ab9cf76a0_0, 0, 5;
    %load/vec4 v0x561ab9cf7530_0;
    %pad/u 6;
    %subi 30, 0, 6;
    %pad/u 5;
    %store/vec4 v0x561ab9cf75d0_0, 0, 5;
T_12.5 ;
T_12.3 ;
T_12.1 ;
    %jmp T_12;
    .thread T_12, $push;
# The file index is used to find the file name in the following table.
:file_names 6;
    "N/A";
    "<interactive>";
    "top.v";
    "clock_divider.v";
    "counter.v";
    "codeconverter.v";
