#! /usr/bin/vvp
:ivl_version "10.2 (stable)";
:ivl_delay_selection "TYPICAL";
:vpi_time_precision - 10;
:vpi_module "system";
:vpi_module "vhdl_sys";
:vpi_module "v2005_math";
:vpi_module "va_math";
S_0x56423677c130 .scope module, "tb" "tb" 2 2;
 .timescale -9 -10;
v0x5642367c21b0_0 .net "BCD_value", 9 0, L_0x5642367c2ac0;  1 drivers
v0x5642367c22c0_0 .var "clock", 0 0;
v0x5642367c23b0_0 .net "latch_out", 0 0, v0x5642367c1b10_0;  1 drivers
v0x5642367c2450_0 .var "reset_n", 0 0;
S_0x56423677c2b0 .scope module, "DUT" "top" 2 8, 3 5 0, S_0x56423677c130;
 .timescale 0 0;
    .port_info 0 /INPUT 2 "KEY"
    .port_info 1 /INPUT 1 "ADC_CLK_10"
    .port_info 2 /OUTPUT 2 "LEDR"
    .port_info 3 /OUTPUT 8 "HEX0"
    .port_info 4 /OUTPUT 8 "HEX1"
    .port_info 5 /OUTPUT 8 "HEX2"
    .port_info 6 /OUTPUT 8 "HEX4"
    .port_info 7 /OUTPUT 8 "HEX5"
    .port_info 8 /OUTPUT 1 "latch_out"
    .port_info 9 /OUTPUT 1 "clk"
    .port_info 10 /OUTPUT 10 "BCD_value"
L_0x5642367907c0 .functor BUFZ 1, v0x5642367be2d0_0, C4<0>, C4<0>, C4<0>;
v0x5642367c02e0_0 .net "ADC_CLK_10", 0 0, v0x5642367c22c0_0;  1 drivers
v0x5642367c0380_0 .net "BCD_value", 9 0, L_0x5642367c2ac0;  alias, 1 drivers
v0x5642367c0440_0 .net "HEX0", 7 0, v0x5642367bee10_0;  1 drivers
v0x5642367c0540_0 .net "HEX1", 7 0, v0x5642367bf2e0_0;  1 drivers
v0x5642367c0610_0 .net "HEX2", 7 0, v0x5642367bf800_0;  1 drivers
v0x5642367c0700_0 .net "HEX4", 7 0, v0x5642367bfcd0_0;  1 drivers
v0x5642367c07d0_0 .net "HEX5", 7 0, v0x5642367c01a0_0;  1 drivers
o0x7f60215c8708 .functor BUFZ 2, C4<zz>; HiZ drive
v0x5642367c08a0_0 .net "KEY", 1 0, o0x7f60215c8708;  0 drivers
v0x5642367c0960_0 .net "LEDR", 1 0, L_0x5642367c24f0;  1 drivers
v0x5642367c0a40_0 .net *"_s10", 4 0, L_0x5642367c27b0;  1 drivers
L_0x7f602157f060 .functor BUFT 1, C4<0>, C4<0>, C4<0>, C4<0>;
v0x5642367c0b20_0 .net *"_s13", 0 0, L_0x7f602157f060;  1 drivers
L_0x7f602157f0a8 .functor BUFT 1, C4<11111>, C4<0>, C4<0>, C4<0>;
v0x5642367c0c00_0 .net/2u *"_s14", 4 0, L_0x7f602157f0a8;  1 drivers
v0x5642367c0ce0_0 .net *"_s16", 4 0, L_0x5642367c28d0;  1 drivers
v0x5642367c0dc0_0 .net *"_s21", 4 0, L_0x5642367c2c00;  1 drivers
L_0x7f602157f0f0 .functor BUFT 1, C4<0>, C4<0>, C4<0>, C4<0>;
v0x5642367c0ea0_0 .net *"_s24", 0 0, L_0x7f602157f0f0;  1 drivers
v0x5642367c0f80_0 .net *"_s25", 6 0, L_0x5642367c2dd0;  1 drivers
L_0x7f602157f138 .functor BUFT 1, C4<000>, C4<0>, C4<0>, C4<0>;
v0x5642367c1060_0 .net *"_s28", 2 0, L_0x7f602157f138;  1 drivers
L_0x7f602157f180 .functor BUFT 1, C4<0001010>, C4<0>, C4<0>, C4<0>;
v0x5642367c1140_0 .net/2u *"_s29", 6 0, L_0x7f602157f180;  1 drivers
v0x5642367c1220_0 .net *"_s3", 0 0, L_0x5642367907c0;  1 drivers
v0x5642367c1300_0 .net *"_s32", 6 0, L_0x5642367c2ec0;  1 drivers
L_0x7f602157f1c8 .functor BUFT 1, C4<000>, C4<0>, C4<0>, C4<0>;
v0x5642367c13e0_0 .net/2u *"_s33", 2 0, L_0x7f602157f1c8;  1 drivers
v0x5642367c14c0_0 .net *"_s35", 6 0, L_0x5642367c3050;  1 drivers
L_0x7f602157f018 .functor BUFT 1, C4<0000>, C4<0>, C4<0>, C4<0>;
v0x5642367c15a0_0 .net/2u *"_s6", 3 0, L_0x7f602157f018;  1 drivers
v0x5642367c1680_0 .net *"_s8", 0 0, L_0x5642367c2640;  1 drivers
v0x5642367c1740_0 .net "clk", 0 0, v0x5642367be2d0_0;  1 drivers
v0x5642367c17e0_0 .var "dom", 4 0;
v0x5642367c18c0_0 .var "dom_ones", 4 0;
v0x5642367c1980_0 .var "dom_tens", 4 0;
v0x5642367c1a50_0 .net "doy_binary_value", 6 0, L_0x5642367c3140;  1 drivers
v0x5642367c1b10_0 .var "latch_out", 0 0;
v0x5642367c1c00_0 .var "month_value", 4 0;
v0x5642367c1cc0_0 .net "ones_data", 3 0, v0x5642367be7f0_0;  1 drivers
v0x5642367c1d90_0 .net "tens_data", 3 0, v0x5642367be9b0_0;  1 drivers
E_0x564236776240 .event edge, v0x5642367c17e0_0;
E_0x5642367757e0 .event edge, v0x5642367c1a50_0;
L_0x5642367c24f0 .part/pv L_0x5642367907c0, 1, 1, 2;
L_0x5642367c2640 .cmp/ne 4, v0x5642367be9b0_0, L_0x7f602157f018;
L_0x5642367c27b0 .concat [ 4 1 0 0], v0x5642367be9b0_0, L_0x7f602157f060;
L_0x5642367c28d0 .functor MUXZ 5, L_0x7f602157f0a8, L_0x5642367c27b0, L_0x5642367c2640, C4<>;
L_0x5642367c2ac0 .concat8 [ 5 5 0 0], L_0x5642367c2c00, L_0x5642367c28d0;
L_0x5642367c2c00 .concat [ 4 1 0 0], v0x5642367be7f0_0, L_0x7f602157f0f0;
L_0x5642367c2dd0 .concat [ 4 3 0 0], v0x5642367be9b0_0, L_0x7f602157f138;
L_0x5642367c2ec0 .arith/mult 7, L_0x5642367c2dd0, L_0x7f602157f180;
L_0x5642367c3050 .concat [ 4 3 0 0], v0x5642367be7f0_0, L_0x7f602157f1c8;
L_0x5642367c3140 .arith/sum 7, L_0x5642367c2ec0, L_0x5642367c3050;
L_0x5642367c3350 .part L_0x5642367c2ac0, 0, 5;
L_0x5642367c33f0 .part L_0x5642367c2ac0, 5, 5;
S_0x564236778ca0 .scope module, "c" "clock_divider" 3 28, 4 1 0, S_0x56423677c2b0;
 .timescale 0 0;
    .port_info 0 /INPUT 1 "clk"
    .port_info 1 /INPUT 1 "reset_n"
    .port_info 2 /OUTPUT 1 "slw_clk_1"
    .port_info 3 /OUTPUT 1 "slw_clk_2"
P_0x56423679eb70 .param/l "divby_1" 0 4 10, +C4<00000000000000000000000000001010>;
P_0x56423679ebb0 .param/l "divby_2" 0 4 11, +C4<00000000000000000000000000000010>;
v0x56423678bcb0_0 .net "clk", 0 0, v0x5642367c22c0_0;  alias, 1 drivers
v0x56423678bd80_0 .var "divider_1", 23 0;
v0x564236789ca0_0 .var "divider_2", 23 0;
v0x564236789da0_0 .net "reset_n", 0 0, v0x5642367c1b10_0;  alias, 1 drivers
v0x5642367be2d0_0 .var "slw_clk_1", 0 0;
v0x5642367be3e0_0 .var "slw_clk_2", 0 0;
E_0x564236775a40/0 .event negedge, v0x564236789da0_0;
E_0x564236775a40/1 .event posedge, v0x56423678bcb0_0;
E_0x564236775a40 .event/or E_0x564236775a40/0, E_0x564236775a40/1;
S_0x5642367be520 .scope module, "cnt" "counter" 3 45, 5 1 0, S_0x56423677c2b0;
 .timescale 0 0;
    .port_info 0 /INPUT 1 "reset_n"
    .port_info 1 /INPUT 1 "clk"
    .port_info 2 /OUTPUT 4 "ones"
    .port_info 3 /OUTPUT 4 "tens"
v0x5642367be730_0 .net "clk", 0 0, v0x5642367be2d0_0;  alias, 1 drivers
v0x5642367be7f0_0 .var "ones", 3 0;
v0x5642367be8b0_0 .net "reset_n", 0 0, v0x5642367c1b10_0;  alias, 1 drivers
v0x5642367be9b0_0 .var "tens", 3 0;
E_0x564236775cb0/0 .event negedge, v0x564236789da0_0;
E_0x564236775cb0/1 .event posedge, v0x5642367be2d0_0;
E_0x564236775cb0 .event/or E_0x564236775cb0/0, E_0x564236775cb0/1;
S_0x5642367beb00 .scope module, "h0" "codeconverter" 3 114, 6 1 0, S_0x56423677c2b0;
 .timescale 0 0;
    .port_info 0 /INPUT 5 "num"
    .port_info 1 /OUTPUT 8 "out"
v0x5642367bed10_0 .net "num", 4 0, v0x5642367c18c0_0;  1 drivers
v0x5642367bee10_0 .var "out", 7 0;
E_0x56423679f0c0 .event edge, v0x5642367bed10_0;
S_0x5642367bef50 .scope module, "h1" "codeconverter" 3 119, 6 1 0, S_0x56423677c2b0;
 .timescale 0 0;
    .port_info 0 /INPUT 5 "num"
    .port_info 1 /OUTPUT 8 "out"
v0x5642367bf1e0_0 .net "num", 4 0, v0x5642367c1980_0;  1 drivers
v0x5642367bf2e0_0 .var "out", 7 0;
E_0x5642367bf160 .event edge, v0x5642367bf1e0_0;
S_0x5642367bf420 .scope module, "h2" "codeconverter" 3 124, 6 1 0, S_0x56423677c2b0;
 .timescale 0 0;
    .port_info 0 /INPUT 5 "num"
    .port_info 1 /OUTPUT 8 "out"
v0x5642367bf700_0 .net "num", 4 0, v0x5642367c1c00_0;  1 drivers
v0x5642367bf800_0 .var "out", 7 0;
E_0x5642367bf680 .event edge, v0x5642367bf700_0;
S_0x5642367bf940 .scope module, "h4" "codeconverter" 3 129, 6 1 0, S_0x56423677c2b0;
 .timescale 0 0;
    .port_info 0 /INPUT 5 "num"
    .port_info 1 /OUTPUT 8 "out"
v0x5642367bfbd0_0 .net "num", 4 0, L_0x5642367c3350;  1 drivers
v0x5642367bfcd0_0 .var "out", 7 0;
E_0x5642367bfb50 .event edge, v0x5642367bfbd0_0;
S_0x5642367bfe10 .scope module, "h5" "codeconverter" 3 134, 6 1 0, S_0x56423677c2b0;
 .timescale 0 0;
    .port_info 0 /INPUT 5 "num"
    .port_info 1 /OUTPUT 8 "out"
v0x5642367c00a0_0 .net "num", 4 0, L_0x5642367c33f0;  1 drivers
v0x5642367c01a0_0 .var "out", 7 0;
E_0x5642367c0020 .event edge, v0x5642367c00a0_0;
    .scope S_0x564236778ca0;
T_0 ;
    %wait E_0x564236775a40;
    %load/vec4 v0x564236789da0_0;
    %pad/u 32;
    %cmpi/e 0, 0, 32;
    %jmp/0xz  T_0.0, 4;
    %pushi/vec4 0, 0, 24;
    %assign/vec4 v0x56423678bd80_0, 0;
    %jmp T_0.1;
T_0.0 ;
    %load/vec4 v0x56423678bd80_0;
    %pad/u 32;
    %cmpi/e 10, 0, 32;
    %jmp/0xz  T_0.2, 4;
    %load/vec4 v0x5642367be2d0_0;
    %inv;
    %assign/vec4 v0x5642367be2d0_0, 0;
    %pushi/vec4 0, 0, 24;
    %assign/vec4 v0x56423678bd80_0, 0;
    %jmp T_0.3;
T_0.2 ;
    %load/vec4 v0x56423678bd80_0;
    %addi 1, 0, 24;
    %assign/vec4 v0x56423678bd80_0, 0;
T_0.3 ;
T_0.1 ;
    %jmp T_0;
    .thread T_0;
    .scope S_0x564236778ca0;
T_1 ;
    %wait E_0x564236775a40;
    %load/vec4 v0x564236789da0_0;
    %pad/u 32;
    %cmpi/e 0, 0, 32;
    %jmp/0xz  T_1.0, 4;
    %pushi/vec4 0, 0, 24;
    %assign/vec4 v0x564236789ca0_0, 0;
    %jmp T_1.1;
T_1.0 ;
    %load/vec4 v0x564236789ca0_0;
    %pad/u 32;
    %cmpi/e 2, 0, 32;
    %jmp/0xz  T_1.2, 4;
    %load/vec4 v0x5642367be3e0_0;
    %inv;
    %assign/vec4 v0x5642367be3e0_0, 0;
    %pushi/vec4 0, 0, 24;
    %assign/vec4 v0x564236789ca0_0, 0;
    %jmp T_1.3;
T_1.2 ;
    %load/vec4 v0x564236789ca0_0;
    %addi 1, 0, 24;
    %assign/vec4 v0x564236789ca0_0, 0;
T_1.3 ;
T_1.1 ;
    %jmp T_1;
    .thread T_1;
    .scope S_0x5642367be520;
T_2 ;
    %wait E_0x564236775cb0;
    %load/vec4 v0x5642367be8b0_0;
    %pad/u 32;
    %cmpi/e 0, 0, 32;
    %jmp/0xz  T_2.0, 4;
    %pushi/vec4 1, 0, 4;
    %assign/vec4 v0x5642367be7f0_0, 0;
    %jmp T_2.1;
T_2.0 ;
    %load/vec4 v0x5642367be7f0_0;
    %pad/u 32;
    %cmpi/ne 9, 0, 32;
    %jmp/0xz  T_2.2, 4;
    %load/vec4 v0x5642367be7f0_0;
    %addi 1, 0, 4;
    %assign/vec4 v0x5642367be7f0_0, 0;
    %jmp T_2.3;
T_2.2 ;
    %pushi/vec4 0, 0, 4;
    %assign/vec4 v0x5642367be7f0_0, 0;
T_2.3 ;
T_2.1 ;
    %jmp T_2;
    .thread T_2;
    .scope S_0x5642367be520;
T_3 ;
    %wait E_0x564236775cb0;
    %load/vec4 v0x5642367be8b0_0;
    %pad/u 32;
    %cmpi/e 0, 0, 32;
    %jmp/0xz  T_3.0, 4;
    %pushi/vec4 0, 0, 4;
    %assign/vec4 v0x5642367be9b0_0, 0;
    %jmp T_3.1;
T_3.0 ;
    %load/vec4 v0x5642367be9b0_0;
    %pad/u 32;
    %pushi/vec4 9, 0, 32;
    %cmp/e;
    %flag_get/vec4 4;
    %inv;
    %load/vec4 v0x5642367be7f0_0;
    %pad/u 32;
    %pushi/vec4 9, 0, 32;
    %cmp/e;
    %flag_get/vec4 4;
    %and;
    %flag_set/vec4 8;
    %jmp/0xz  T_3.2, 8;
    %load/vec4 v0x5642367be9b0_0;
    %addi 1, 0, 4;
    %assign/vec4 v0x5642367be9b0_0, 0;
    %jmp T_3.3;
T_3.2 ;
    %load/vec4 v0x5642367be9b0_0;
    %pad/u 32;
    %pushi/vec4 9, 0, 32;
    %cmp/e;
    %flag_get/vec4 4;
    %load/vec4 v0x5642367be7f0_0;
    %pad/u 32;
    %pushi/vec4 9, 0, 32;
    %cmp/e;
    %flag_get/vec4 4;
    %and;
    %flag_set/vec4 8;
    %jmp/0xz  T_3.4, 8;
    %pushi/vec4 0, 0, 4;
    %assign/vec4 v0x5642367be9b0_0, 0;
T_3.4 ;
T_3.3 ;
T_3.1 ;
    %jmp T_3;
    .thread T_3;
    .scope S_0x5642367beb00;
T_4 ;
    %wait E_0x56423679f0c0;
    %load/vec4 v0x5642367bed10_0;
    %dup/vec4;
    %pushi/vec4 0, 0, 5;
    %cmp/u;
    %jmp/1 T_4.0, 6;
    %dup/vec4;
    %pushi/vec4 1, 0, 5;
    %cmp/u;
    %jmp/1 T_4.1, 6;
    %dup/vec4;
    %pushi/vec4 2, 0, 5;
    %cmp/u;
    %jmp/1 T_4.2, 6;
    %dup/vec4;
    %pushi/vec4 3, 0, 5;
    %cmp/u;
    %jmp/1 T_4.3, 6;
    %dup/vec4;
    %pushi/vec4 4, 0, 5;
    %cmp/u;
    %jmp/1 T_4.4, 6;
    %dup/vec4;
    %pushi/vec4 5, 0, 5;
    %cmp/u;
    %jmp/1 T_4.5, 6;
    %dup/vec4;
    %pushi/vec4 6, 0, 5;
    %cmp/u;
    %jmp/1 T_4.6, 6;
    %dup/vec4;
    %pushi/vec4 7, 0, 5;
    %cmp/u;
    %jmp/1 T_4.7, 6;
    %dup/vec4;
    %pushi/vec4 8, 0, 5;
    %cmp/u;
    %jmp/1 T_4.8, 6;
    %dup/vec4;
    %pushi/vec4 9, 0, 5;
    %cmp/u;
    %jmp/1 T_4.9, 6;
    %dup/vec4;
    %pushi/vec4 10, 0, 5;
    %cmp/u;
    %jmp/1 T_4.10, 6;
    %dup/vec4;
    %pushi/vec4 11, 0, 5;
    %cmp/u;
    %jmp/1 T_4.11, 6;
    %dup/vec4;
    %pushi/vec4 12, 0, 5;
    %cmp/u;
    %jmp/1 T_4.12, 6;
    %dup/vec4;
    %pushi/vec4 13, 0, 5;
    %cmp/u;
    %jmp/1 T_4.13, 6;
    %dup/vec4;
    %pushi/vec4 14, 0, 5;
    %cmp/u;
    %jmp/1 T_4.14, 6;
    %dup/vec4;
    %pushi/vec4 15, 0, 5;
    %cmp/u;
    %jmp/1 T_4.15, 6;
    %dup/vec4;
    %pushi/vec4 31, 0, 5;
    %cmp/u;
    %jmp/1 T_4.16, 6;
    %pushi/vec4 255, 0, 8;
    %store/vec4 v0x5642367bee10_0, 0, 8;
    %jmp T_4.18;
T_4.0 ;
    %pushi/vec4 192, 0, 8;
    %store/vec4 v0x5642367bee10_0, 0, 8;
    %jmp T_4.18;
T_4.1 ;
    %pushi/vec4 249, 0, 8;
    %store/vec4 v0x5642367bee10_0, 0, 8;
    %jmp T_4.18;
T_4.2 ;
    %pushi/vec4 164, 0, 8;
    %store/vec4 v0x5642367bee10_0, 0, 8;
    %jmp T_4.18;
T_4.3 ;
    %pushi/vec4 176, 0, 8;
    %store/vec4 v0x5642367bee10_0, 0, 8;
    %jmp T_4.18;
T_4.4 ;
    %pushi/vec4 153, 0, 8;
    %store/vec4 v0x5642367bee10_0, 0, 8;
    %jmp T_4.18;
T_4.5 ;
    %pushi/vec4 146, 0, 8;
    %store/vec4 v0x5642367bee10_0, 0, 8;
    %jmp T_4.18;
T_4.6 ;
    %pushi/vec4 130, 0, 8;
    %store/vec4 v0x5642367bee10_0, 0, 8;
    %jmp T_4.18;
T_4.7 ;
    %pushi/vec4 248, 0, 8;
    %store/vec4 v0x5642367bee10_0, 0, 8;
    %jmp T_4.18;
T_4.8 ;
    %pushi/vec4 128, 0, 8;
    %store/vec4 v0x5642367bee10_0, 0, 8;
    %jmp T_4.18;
T_4.9 ;
    %pushi/vec4 152, 0, 8;
    %store/vec4 v0x5642367bee10_0, 0, 8;
    %jmp T_4.18;
T_4.10 ;
    %pushi/vec4 136, 0, 8;
    %store/vec4 v0x5642367bee10_0, 0, 8;
    %jmp T_4.18;
T_4.11 ;
    %pushi/vec4 131, 0, 8;
    %store/vec4 v0x5642367bee10_0, 0, 8;
    %jmp T_4.18;
T_4.12 ;
    %pushi/vec4 198, 0, 8;
    %store/vec4 v0x5642367bee10_0, 0, 8;
    %jmp T_4.18;
T_4.13 ;
    %pushi/vec4 161, 0, 8;
    %store/vec4 v0x5642367bee10_0, 0, 8;
    %jmp T_4.18;
T_4.14 ;
    %pushi/vec4 134, 0, 8;
    %store/vec4 v0x5642367bee10_0, 0, 8;
    %jmp T_4.18;
T_4.15 ;
    %pushi/vec4 142, 0, 8;
    %store/vec4 v0x5642367bee10_0, 0, 8;
    %jmp T_4.18;
T_4.16 ;
    %pushi/vec4 255, 0, 8;
    %store/vec4 v0x5642367bee10_0, 0, 8;
    %jmp T_4.18;
T_4.18 ;
    %pop/vec4 1;
    %jmp T_4;
    .thread T_4, $push;
    .scope S_0x5642367bef50;
T_5 ;
    %wait E_0x5642367bf160;
    %load/vec4 v0x5642367bf1e0_0;
    %dup/vec4;
    %pushi/vec4 0, 0, 5;
    %cmp/u;
    %jmp/1 T_5.0, 6;
    %dup/vec4;
    %pushi/vec4 1, 0, 5;
    %cmp/u;
    %jmp/1 T_5.1, 6;
    %dup/vec4;
    %pushi/vec4 2, 0, 5;
    %cmp/u;
    %jmp/1 T_5.2, 6;
    %dup/vec4;
    %pushi/vec4 3, 0, 5;
    %cmp/u;
    %jmp/1 T_5.3, 6;
    %dup/vec4;
    %pushi/vec4 4, 0, 5;
    %cmp/u;
    %jmp/1 T_5.4, 6;
    %dup/vec4;
    %pushi/vec4 5, 0, 5;
    %cmp/u;
    %jmp/1 T_5.5, 6;
    %dup/vec4;
    %pushi/vec4 6, 0, 5;
    %cmp/u;
    %jmp/1 T_5.6, 6;
    %dup/vec4;
    %pushi/vec4 7, 0, 5;
    %cmp/u;
    %jmp/1 T_5.7, 6;
    %dup/vec4;
    %pushi/vec4 8, 0, 5;
    %cmp/u;
    %jmp/1 T_5.8, 6;
    %dup/vec4;
    %pushi/vec4 9, 0, 5;
    %cmp/u;
    %jmp/1 T_5.9, 6;
    %dup/vec4;
    %pushi/vec4 10, 0, 5;
    %cmp/u;
    %jmp/1 T_5.10, 6;
    %dup/vec4;
    %pushi/vec4 11, 0, 5;
    %cmp/u;
    %jmp/1 T_5.11, 6;
    %dup/vec4;
    %pushi/vec4 12, 0, 5;
    %cmp/u;
    %jmp/1 T_5.12, 6;
    %dup/vec4;
    %pushi/vec4 13, 0, 5;
    %cmp/u;
    %jmp/1 T_5.13, 6;
    %dup/vec4;
    %pushi/vec4 14, 0, 5;
    %cmp/u;
    %jmp/1 T_5.14, 6;
    %dup/vec4;
    %pushi/vec4 15, 0, 5;
    %cmp/u;
    %jmp/1 T_5.15, 6;
    %dup/vec4;
    %pushi/vec4 31, 0, 5;
    %cmp/u;
    %jmp/1 T_5.16, 6;
    %pushi/vec4 255, 0, 8;
    %store/vec4 v0x5642367bf2e0_0, 0, 8;
    %jmp T_5.18;
T_5.0 ;
    %pushi/vec4 192, 0, 8;
    %store/vec4 v0x5642367bf2e0_0, 0, 8;
    %jmp T_5.18;
T_5.1 ;
    %pushi/vec4 249, 0, 8;
    %store/vec4 v0x5642367bf2e0_0, 0, 8;
    %jmp T_5.18;
T_5.2 ;
    %pushi/vec4 164, 0, 8;
    %store/vec4 v0x5642367bf2e0_0, 0, 8;
    %jmp T_5.18;
T_5.3 ;
    %pushi/vec4 176, 0, 8;
    %store/vec4 v0x5642367bf2e0_0, 0, 8;
    %jmp T_5.18;
T_5.4 ;
    %pushi/vec4 153, 0, 8;
    %store/vec4 v0x5642367bf2e0_0, 0, 8;
    %jmp T_5.18;
T_5.5 ;
    %pushi/vec4 146, 0, 8;
    %store/vec4 v0x5642367bf2e0_0, 0, 8;
    %jmp T_5.18;
T_5.6 ;
    %pushi/vec4 130, 0, 8;
    %store/vec4 v0x5642367bf2e0_0, 0, 8;
    %jmp T_5.18;
T_5.7 ;
    %pushi/vec4 248, 0, 8;
    %store/vec4 v0x5642367bf2e0_0, 0, 8;
    %jmp T_5.18;
T_5.8 ;
    %pushi/vec4 128, 0, 8;
    %store/vec4 v0x5642367bf2e0_0, 0, 8;
    %jmp T_5.18;
T_5.9 ;
    %pushi/vec4 152, 0, 8;
    %store/vec4 v0x5642367bf2e0_0, 0, 8;
    %jmp T_5.18;
T_5.10 ;
    %pushi/vec4 136, 0, 8;
    %store/vec4 v0x5642367bf2e0_0, 0, 8;
    %jmp T_5.18;
T_5.11 ;
    %pushi/vec4 131, 0, 8;
    %store/vec4 v0x5642367bf2e0_0, 0, 8;
    %jmp T_5.18;
T_5.12 ;
    %pushi/vec4 198, 0, 8;
    %store/vec4 v0x5642367bf2e0_0, 0, 8;
    %jmp T_5.18;
T_5.13 ;
    %pushi/vec4 161, 0, 8;
    %store/vec4 v0x5642367bf2e0_0, 0, 8;
    %jmp T_5.18;
T_5.14 ;
    %pushi/vec4 134, 0, 8;
    %store/vec4 v0x5642367bf2e0_0, 0, 8;
    %jmp T_5.18;
T_5.15 ;
    %pushi/vec4 142, 0, 8;
    %store/vec4 v0x5642367bf2e0_0, 0, 8;
    %jmp T_5.18;
T_5.16 ;
    %pushi/vec4 255, 0, 8;
    %store/vec4 v0x5642367bf2e0_0, 0, 8;
    %jmp T_5.18;
T_5.18 ;
    %pop/vec4 1;
    %jmp T_5;
    .thread T_5, $push;
    .scope S_0x5642367bf420;
T_6 ;
    %wait E_0x5642367bf680;
    %load/vec4 v0x5642367bf700_0;
    %dup/vec4;
    %pushi/vec4 0, 0, 5;
    %cmp/u;
    %jmp/1 T_6.0, 6;
    %dup/vec4;
    %pushi/vec4 1, 0, 5;
    %cmp/u;
    %jmp/1 T_6.1, 6;
    %dup/vec4;
    %pushi/vec4 2, 0, 5;
    %cmp/u;
    %jmp/1 T_6.2, 6;
    %dup/vec4;
    %pushi/vec4 3, 0, 5;
    %cmp/u;
    %jmp/1 T_6.3, 6;
    %dup/vec4;
    %pushi/vec4 4, 0, 5;
    %cmp/u;
    %jmp/1 T_6.4, 6;
    %dup/vec4;
    %pushi/vec4 5, 0, 5;
    %cmp/u;
    %jmp/1 T_6.5, 6;
    %dup/vec4;
    %pushi/vec4 6, 0, 5;
    %cmp/u;
    %jmp/1 T_6.6, 6;
    %dup/vec4;
    %pushi/vec4 7, 0, 5;
    %cmp/u;
    %jmp/1 T_6.7, 6;
    %dup/vec4;
    %pushi/vec4 8, 0, 5;
    %cmp/u;
    %jmp/1 T_6.8, 6;
    %dup/vec4;
    %pushi/vec4 9, 0, 5;
    %cmp/u;
    %jmp/1 T_6.9, 6;
    %dup/vec4;
    %pushi/vec4 10, 0, 5;
    %cmp/u;
    %jmp/1 T_6.10, 6;
    %dup/vec4;
    %pushi/vec4 11, 0, 5;
    %cmp/u;
    %jmp/1 T_6.11, 6;
    %dup/vec4;
    %pushi/vec4 12, 0, 5;
    %cmp/u;
    %jmp/1 T_6.12, 6;
    %dup/vec4;
    %pushi/vec4 13, 0, 5;
    %cmp/u;
    %jmp/1 T_6.13, 6;
    %dup/vec4;
    %pushi/vec4 14, 0, 5;
    %cmp/u;
    %jmp/1 T_6.14, 6;
    %dup/vec4;
    %pushi/vec4 15, 0, 5;
    %cmp/u;
    %jmp/1 T_6.15, 6;
    %dup/vec4;
    %pushi/vec4 31, 0, 5;
    %cmp/u;
    %jmp/1 T_6.16, 6;
    %pushi/vec4 255, 0, 8;
    %store/vec4 v0x5642367bf800_0, 0, 8;
    %jmp T_6.18;
T_6.0 ;
    %pushi/vec4 192, 0, 8;
    %store/vec4 v0x5642367bf800_0, 0, 8;
    %jmp T_6.18;
T_6.1 ;
    %pushi/vec4 249, 0, 8;
    %store/vec4 v0x5642367bf800_0, 0, 8;
    %jmp T_6.18;
T_6.2 ;
    %pushi/vec4 164, 0, 8;
    %store/vec4 v0x5642367bf800_0, 0, 8;
    %jmp T_6.18;
T_6.3 ;
    %pushi/vec4 176, 0, 8;
    %store/vec4 v0x5642367bf800_0, 0, 8;
    %jmp T_6.18;
T_6.4 ;
    %pushi/vec4 153, 0, 8;
    %store/vec4 v0x5642367bf800_0, 0, 8;
    %jmp T_6.18;
T_6.5 ;
    %pushi/vec4 146, 0, 8;
    %store/vec4 v0x5642367bf800_0, 0, 8;
    %jmp T_6.18;
T_6.6 ;
    %pushi/vec4 130, 0, 8;
    %store/vec4 v0x5642367bf800_0, 0, 8;
    %jmp T_6.18;
T_6.7 ;
    %pushi/vec4 248, 0, 8;
    %store/vec4 v0x5642367bf800_0, 0, 8;
    %jmp T_6.18;
T_6.8 ;
    %pushi/vec4 128, 0, 8;
    %store/vec4 v0x5642367bf800_0, 0, 8;
    %jmp T_6.18;
T_6.9 ;
    %pushi/vec4 152, 0, 8;
    %store/vec4 v0x5642367bf800_0, 0, 8;
    %jmp T_6.18;
T_6.10 ;
    %pushi/vec4 136, 0, 8;
    %store/vec4 v0x5642367bf800_0, 0, 8;
    %jmp T_6.18;
T_6.11 ;
    %pushi/vec4 131, 0, 8;
    %store/vec4 v0x5642367bf800_0, 0, 8;
    %jmp T_6.18;
T_6.12 ;
    %pushi/vec4 198, 0, 8;
    %store/vec4 v0x5642367bf800_0, 0, 8;
    %jmp T_6.18;
T_6.13 ;
    %pushi/vec4 161, 0, 8;
    %store/vec4 v0x5642367bf800_0, 0, 8;
    %jmp T_6.18;
T_6.14 ;
    %pushi/vec4 134, 0, 8;
    %store/vec4 v0x5642367bf800_0, 0, 8;
    %jmp T_6.18;
T_6.15 ;
    %pushi/vec4 142, 0, 8;
    %store/vec4 v0x5642367bf800_0, 0, 8;
    %jmp T_6.18;
T_6.16 ;
    %pushi/vec4 255, 0, 8;
    %store/vec4 v0x5642367bf800_0, 0, 8;
    %jmp T_6.18;
T_6.18 ;
    %pop/vec4 1;
    %jmp T_6;
    .thread T_6, $push;
    .scope S_0x5642367bf940;
T_7 ;
    %wait E_0x5642367bfb50;
    %load/vec4 v0x5642367bfbd0_0;
    %dup/vec4;
    %pushi/vec4 0, 0, 5;
    %cmp/u;
    %jmp/1 T_7.0, 6;
    %dup/vec4;
    %pushi/vec4 1, 0, 5;
    %cmp/u;
    %jmp/1 T_7.1, 6;
    %dup/vec4;
    %pushi/vec4 2, 0, 5;
    %cmp/u;
    %jmp/1 T_7.2, 6;
    %dup/vec4;
    %pushi/vec4 3, 0, 5;
    %cmp/u;
    %jmp/1 T_7.3, 6;
    %dup/vec4;
    %pushi/vec4 4, 0, 5;
    %cmp/u;
    %jmp/1 T_7.4, 6;
    %dup/vec4;
    %pushi/vec4 5, 0, 5;
    %cmp/u;
    %jmp/1 T_7.5, 6;
    %dup/vec4;
    %pushi/vec4 6, 0, 5;
    %cmp/u;
    %jmp/1 T_7.6, 6;
    %dup/vec4;
    %pushi/vec4 7, 0, 5;
    %cmp/u;
    %jmp/1 T_7.7, 6;
    %dup/vec4;
    %pushi/vec4 8, 0, 5;
    %cmp/u;
    %jmp/1 T_7.8, 6;
    %dup/vec4;
    %pushi/vec4 9, 0, 5;
    %cmp/u;
    %jmp/1 T_7.9, 6;
    %dup/vec4;
    %pushi/vec4 10, 0, 5;
    %cmp/u;
    %jmp/1 T_7.10, 6;
    %dup/vec4;
    %pushi/vec4 11, 0, 5;
    %cmp/u;
    %jmp/1 T_7.11, 6;
    %dup/vec4;
    %pushi/vec4 12, 0, 5;
    %cmp/u;
    %jmp/1 T_7.12, 6;
    %dup/vec4;
    %pushi/vec4 13, 0, 5;
    %cmp/u;
    %jmp/1 T_7.13, 6;
    %dup/vec4;
    %pushi/vec4 14, 0, 5;
    %cmp/u;
    %jmp/1 T_7.14, 6;
    %dup/vec4;
    %pushi/vec4 15, 0, 5;
    %cmp/u;
    %jmp/1 T_7.15, 6;
    %dup/vec4;
    %pushi/vec4 31, 0, 5;
    %cmp/u;
    %jmp/1 T_7.16, 6;
    %pushi/vec4 255, 0, 8;
    %store/vec4 v0x5642367bfcd0_0, 0, 8;
    %jmp T_7.18;
T_7.0 ;
    %pushi/vec4 192, 0, 8;
    %store/vec4 v0x5642367bfcd0_0, 0, 8;
    %jmp T_7.18;
T_7.1 ;
    %pushi/vec4 249, 0, 8;
    %store/vec4 v0x5642367bfcd0_0, 0, 8;
    %jmp T_7.18;
T_7.2 ;
    %pushi/vec4 164, 0, 8;
    %store/vec4 v0x5642367bfcd0_0, 0, 8;
    %jmp T_7.18;
T_7.3 ;
    %pushi/vec4 176, 0, 8;
    %store/vec4 v0x5642367bfcd0_0, 0, 8;
    %jmp T_7.18;
T_7.4 ;
    %pushi/vec4 153, 0, 8;
    %store/vec4 v0x5642367bfcd0_0, 0, 8;
    %jmp T_7.18;
T_7.5 ;
    %pushi/vec4 146, 0, 8;
    %store/vec4 v0x5642367bfcd0_0, 0, 8;
    %jmp T_7.18;
T_7.6 ;
    %pushi/vec4 130, 0, 8;
    %store/vec4 v0x5642367bfcd0_0, 0, 8;
    %jmp T_7.18;
T_7.7 ;
    %pushi/vec4 248, 0, 8;
    %store/vec4 v0x5642367bfcd0_0, 0, 8;
    %jmp T_7.18;
T_7.8 ;
    %pushi/vec4 128, 0, 8;
    %store/vec4 v0x5642367bfcd0_0, 0, 8;
    %jmp T_7.18;
T_7.9 ;
    %pushi/vec4 152, 0, 8;
    %store/vec4 v0x5642367bfcd0_0, 0, 8;
    %jmp T_7.18;
T_7.10 ;
    %pushi/vec4 136, 0, 8;
    %store/vec4 v0x5642367bfcd0_0, 0, 8;
    %jmp T_7.18;
T_7.11 ;
    %pushi/vec4 131, 0, 8;
    %store/vec4 v0x5642367bfcd0_0, 0, 8;
    %jmp T_7.18;
T_7.12 ;
    %pushi/vec4 198, 0, 8;
    %store/vec4 v0x5642367bfcd0_0, 0, 8;
    %jmp T_7.18;
T_7.13 ;
    %pushi/vec4 161, 0, 8;
    %store/vec4 v0x5642367bfcd0_0, 0, 8;
    %jmp T_7.18;
T_7.14 ;
    %pushi/vec4 134, 0, 8;
    %store/vec4 v0x5642367bfcd0_0, 0, 8;
    %jmp T_7.18;
T_7.15 ;
    %pushi/vec4 142, 0, 8;
    %store/vec4 v0x5642367bfcd0_0, 0, 8;
    %jmp T_7.18;
T_7.16 ;
    %pushi/vec4 255, 0, 8;
    %store/vec4 v0x5642367bfcd0_0, 0, 8;
    %jmp T_7.18;
T_7.18 ;
    %pop/vec4 1;
    %jmp T_7;
    .thread T_7, $push;
    .scope S_0x5642367bfe10;
T_8 ;
    %wait E_0x5642367c0020;
    %load/vec4 v0x5642367c00a0_0;
    %dup/vec4;
    %pushi/vec4 0, 0, 5;
    %cmp/u;
    %jmp/1 T_8.0, 6;
    %dup/vec4;
    %pushi/vec4 1, 0, 5;
    %cmp/u;
    %jmp/1 T_8.1, 6;
    %dup/vec4;
    %pushi/vec4 2, 0, 5;
    %cmp/u;
    %jmp/1 T_8.2, 6;
    %dup/vec4;
    %pushi/vec4 3, 0, 5;
    %cmp/u;
    %jmp/1 T_8.3, 6;
    %dup/vec4;
    %pushi/vec4 4, 0, 5;
    %cmp/u;
    %jmp/1 T_8.4, 6;
    %dup/vec4;
    %pushi/vec4 5, 0, 5;
    %cmp/u;
    %jmp/1 T_8.5, 6;
    %dup/vec4;
    %pushi/vec4 6, 0, 5;
    %cmp/u;
    %jmp/1 T_8.6, 6;
    %dup/vec4;
    %pushi/vec4 7, 0, 5;
    %cmp/u;
    %jmp/1 T_8.7, 6;
    %dup/vec4;
    %pushi/vec4 8, 0, 5;
    %cmp/u;
    %jmp/1 T_8.8, 6;
    %dup/vec4;
    %pushi/vec4 9, 0, 5;
    %cmp/u;
    %jmp/1 T_8.9, 6;
    %dup/vec4;
    %pushi/vec4 10, 0, 5;
    %cmp/u;
    %jmp/1 T_8.10, 6;
    %dup/vec4;
    %pushi/vec4 11, 0, 5;
    %cmp/u;
    %jmp/1 T_8.11, 6;
    %dup/vec4;
    %pushi/vec4 12, 0, 5;
    %cmp/u;
    %jmp/1 T_8.12, 6;
    %dup/vec4;
    %pushi/vec4 13, 0, 5;
    %cmp/u;
    %jmp/1 T_8.13, 6;
    %dup/vec4;
    %pushi/vec4 14, 0, 5;
    %cmp/u;
    %jmp/1 T_8.14, 6;
    %dup/vec4;
    %pushi/vec4 15, 0, 5;
    %cmp/u;
    %jmp/1 T_8.15, 6;
    %dup/vec4;
    %pushi/vec4 31, 0, 5;
    %cmp/u;
    %jmp/1 T_8.16, 6;
    %pushi/vec4 255, 0, 8;
    %store/vec4 v0x5642367c01a0_0, 0, 8;
    %jmp T_8.18;
T_8.0 ;
    %pushi/vec4 192, 0, 8;
    %store/vec4 v0x5642367c01a0_0, 0, 8;
    %jmp T_8.18;
T_8.1 ;
    %pushi/vec4 249, 0, 8;
    %store/vec4 v0x5642367c01a0_0, 0, 8;
    %jmp T_8.18;
T_8.2 ;
    %pushi/vec4 164, 0, 8;
    %store/vec4 v0x5642367c01a0_0, 0, 8;
    %jmp T_8.18;
T_8.3 ;
    %pushi/vec4 176, 0, 8;
    %store/vec4 v0x5642367c01a0_0, 0, 8;
    %jmp T_8.18;
T_8.4 ;
    %pushi/vec4 153, 0, 8;
    %store/vec4 v0x5642367c01a0_0, 0, 8;
    %jmp T_8.18;
T_8.5 ;
    %pushi/vec4 146, 0, 8;
    %store/vec4 v0x5642367c01a0_0, 0, 8;
    %jmp T_8.18;
T_8.6 ;
    %pushi/vec4 130, 0, 8;
    %store/vec4 v0x5642367c01a0_0, 0, 8;
    %jmp T_8.18;
T_8.7 ;
    %pushi/vec4 248, 0, 8;
    %store/vec4 v0x5642367c01a0_0, 0, 8;
    %jmp T_8.18;
T_8.8 ;
    %pushi/vec4 128, 0, 8;
    %store/vec4 v0x5642367c01a0_0, 0, 8;
    %jmp T_8.18;
T_8.9 ;
    %pushi/vec4 152, 0, 8;
    %store/vec4 v0x5642367c01a0_0, 0, 8;
    %jmp T_8.18;
T_8.10 ;
    %pushi/vec4 136, 0, 8;
    %store/vec4 v0x5642367c01a0_0, 0, 8;
    %jmp T_8.18;
T_8.11 ;
    %pushi/vec4 131, 0, 8;
    %store/vec4 v0x5642367c01a0_0, 0, 8;
    %jmp T_8.18;
T_8.12 ;
    %pushi/vec4 198, 0, 8;
    %store/vec4 v0x5642367c01a0_0, 0, 8;
    %jmp T_8.18;
T_8.13 ;
    %pushi/vec4 161, 0, 8;
    %store/vec4 v0x5642367c01a0_0, 0, 8;
    %jmp T_8.18;
T_8.14 ;
    %pushi/vec4 134, 0, 8;
    %store/vec4 v0x5642367c01a0_0, 0, 8;
    %jmp T_8.18;
T_8.15 ;
    %pushi/vec4 142, 0, 8;
    %store/vec4 v0x5642367c01a0_0, 0, 8;
    %jmp T_8.18;
T_8.16 ;
    %pushi/vec4 255, 0, 8;
    %store/vec4 v0x5642367c01a0_0, 0, 8;
    %jmp T_8.18;
T_8.18 ;
    %pop/vec4 1;
    %jmp T_8;
    .thread T_8, $push;
    .scope S_0x56423677c2b0;
T_9 ;
    %pushi/vec4 0, 0, 1;
    %store/vec4 v0x5642367c1b10_0, 0, 1;
    %end;
    .thread T_9;
    .scope S_0x56423677c2b0;
T_10 ;
    %wait E_0x5642367757e0;
    %load/vec4 v0x5642367c1a50_0;
    %pad/u 32;
    %cmpi/u 31, 0, 32;
    %flag_or 5, 4;
    %jmp/0xz  T_10.0, 5;
    %pushi/vec4 1, 0, 5;
    %store/vec4 v0x5642367c1c00_0, 0, 5;
    %load/vec4 v0x5642367c1a50_0;
    %pad/u 5;
    %store/vec4 v0x5642367c17e0_0, 0, 5;
    %jmp T_10.1;
T_10.0 ;
    %load/vec4 v0x5642367c1a50_0;
    %pad/u 32;
    %cmpi/u 59, 0, 32;
    %flag_or 5, 4;
    %jmp/0xz  T_10.2, 5;
    %pushi/vec4 2, 0, 5;
    %store/vec4 v0x5642367c1c00_0, 0, 5;
    %load/vec4 v0x5642367c1a50_0;
    %subi 31, 0, 7;
    %pad/u 5;
    %store/vec4 v0x5642367c17e0_0, 0, 5;
    %jmp T_10.3;
T_10.2 ;
    %load/vec4 v0x5642367c1a50_0;
    %pad/u 32;
    %cmpi/u 90, 0, 32;
    %flag_or 5, 4;
    %jmp/0xz  T_10.4, 5;
    %pushi/vec4 3, 0, 5;
    %store/vec4 v0x5642367c1c00_0, 0, 5;
    %load/vec4 v0x5642367c1a50_0;
    %subi 59, 0, 7;
    %pad/u 5;
    %store/vec4 v0x5642367c17e0_0, 0, 5;
    %jmp T_10.5;
T_10.4 ;
    %pushi/vec4 4, 0, 5;
    %store/vec4 v0x5642367c1c00_0, 0, 5;
    %load/vec4 v0x5642367c1a50_0;
    %pad/u 8;
    %subi 90, 0, 8;
    %pad/u 5;
    %store/vec4 v0x5642367c17e0_0, 0, 5;
T_10.5 ;
T_10.3 ;
T_10.1 ;
    %jmp T_10;
    .thread T_10, $push;
    .scope S_0x56423677c2b0;
T_11 ;
    %wait E_0x564236776240;
    %load/vec4 v0x5642367c17e0_0;
    %pad/u 32;
    %cmpi/u 9, 0, 32;
    %flag_or 5, 4;
    %jmp/0xz  T_11.0, 5;
    %pushi/vec4 31, 0, 5;
    %store/vec4 v0x5642367c1980_0, 0, 5;
    %load/vec4 v0x5642367c17e0_0;
    %store/vec4 v0x5642367c18c0_0, 0, 5;
    %jmp T_11.1;
T_11.0 ;
    %load/vec4 v0x5642367c17e0_0;
    %pad/u 32;
    %cmpi/u 19, 0, 32;
    %flag_or 5, 4;
    %jmp/0xz  T_11.2, 5;
    %pushi/vec4 1, 0, 5;
    %store/vec4 v0x5642367c1980_0, 0, 5;
    %load/vec4 v0x5642367c17e0_0;
    %subi 10, 0, 5;
    %store/vec4 v0x5642367c18c0_0, 0, 5;
    %jmp T_11.3;
T_11.2 ;
    %load/vec4 v0x5642367c17e0_0;
    %pad/u 32;
    %cmpi/u 29, 0, 32;
    %flag_or 5, 4;
    %jmp/0xz  T_11.4, 5;
    %pushi/vec4 2, 0, 5;
    %store/vec4 v0x5642367c1980_0, 0, 5;
    %load/vec4 v0x5642367c17e0_0;
    %pad/u 6;
    %subi 20, 0, 6;
    %pad/u 5;
    %store/vec4 v0x5642367c18c0_0, 0, 5;
    %jmp T_11.5;
T_11.4 ;
    %pushi/vec4 3, 0, 5;
    %store/vec4 v0x5642367c1980_0, 0, 5;
    %load/vec4 v0x5642367c17e0_0;
    %pad/u 6;
    %subi 30, 0, 6;
    %pad/u 5;
    %store/vec4 v0x5642367c18c0_0, 0, 5;
T_11.5 ;
T_11.3 ;
T_11.1 ;
    %jmp T_11;
    .thread T_11, $push;
    .scope S_0x56423677c130;
T_12 ;
    %vpi_call 2 19 "$dumpfile", "out.vcd" {0 0 0};
    %vpi_call 2 20 "$dumpvars" {0 0 0};
    %vpi_call 2 21 "$display", $time, "<< Starting Simulation >>" {0 0 0};
    %pushi/vec4 0, 0, 1;
    %store/vec4 v0x5642367c22c0_0, 0, 1;
    %pushi/vec4 0, 0, 1;
    %store/vec4 v0x5642367c2450_0, 0, 1;
    %delay 500, 0;
    %pushi/vec4 1, 0, 1;
    %store/vec4 v0x5642367c2450_0, 0, 1;
    %delay 2500, 0;
    %vpi_call 2 25 "$display", $time, "<< Simulation Complete >>" {0 0 0};
    %vpi_call 2 26 "$finish" {0 0 0};
    %end;
    .thread T_12;
# The file index is used to find the file name in the following table.
:file_names 7;
    "N/A";
    "<interactive>";
    "tb.v";
    "top.v";
    "clock_divider.v";
    "counter.v";
    "codeconverter.v";
