#! /usr/local/iverilog/bin/vvp
:ivl_version "11.0 (devel)" "(s20150603-612-ga9388a89)";
:ivl_delay_selection "TYPICAL";
:vpi_time_precision - 10;
:vpi_module "system";
:vpi_module "vhdl_sys";
:vpi_module "vhdl_textio";
:vpi_module "v2005_math";
:vpi_module "va_math";
S_000000000094dfb0 .scope module, "tb" "tb" 2 2;
 .timescale -9 -10;
v00000000009aa820_0 .net "HEX0", 7 0, v0000000000931210_0;  1 drivers
v00000000009ab0e0_0 .net "HEX1", 7 0, v00000000009322f0_0;  1 drivers
v00000000009aa500_0 .net "HEX4", 7 0, v0000000000931d50_0;  1 drivers
v00000000009abc20_0 .net "HEX5", 7 0, v0000000000931cb0_0;  1 drivers
v00000000009ab040_0 .net "LEDR", 9 0, L_00000000009adf20;  1 drivers
v00000000009aad20_0 .var "SW", 9 0;
S_000000000094d840 .scope module, "DUT" "db3" 2 11, 3 1 0, S_000000000094dfb0;
 .timescale -9 -10;
    .port_info 0 /INPUT 10 "SW";
    .port_info 1 /OUTPUT 10 "LEDR";
    .port_info 2 /OUTPUT 8 "HEX0";
    .port_info 3 /OUTPUT 8 "HEX1";
    .port_info 4 /OUTPUT 8 "HEX4";
    .port_info 5 /OUTPUT 8 "HEX5";
L_0000000000933910 .functor AND 1, L_00000000009aae60, L_00000000009aa280, C4<1>, C4<1>;
L_0000000000933bb0 .functor AND 1, L_00000000009aae60, L_00000000009abf40, C4<1>, C4<1>;
L_0000000000933750 .functor AND 1, L_00000000009aae60, L_00000000009aaa00, C4<1>, C4<1>;
L_00000000022a02c8 .functor BUFT 1, C4<10000>, C4<0>, C4<0>, C4<0>;
L_00000000009337c0 .functor OR 5, L_00000000009ab540, L_00000000022a02c8, C4<00000>, C4<00000>;
L_0000000000933c90 .functor NOT 5, L_00000000009337c0, C4<00000>, C4<00000>, C4<00000>;
L_00000000022e87e0 .functor AND 1, L_00000000009aae60, L_00000000009aa6e0, C4<1>, C4<1>;
L_00000000022a03e8 .functor BUFT 1, C4<10000>, C4<0>, C4<0>, C4<0>;
L_00000000022e8930 .functor OR 5, L_00000000009ab5e0, L_00000000022a03e8, C4<00000>, C4<00000>;
L_00000000022e8e70 .functor NOT 5, L_00000000022e8930, C4<00000>, C4<00000>, C4<00000>;
L_00000000022e81c0 .functor AND 1, L_00000000009aae60, L_00000000009ab360, C4<1>, C4<1>;
L_00000000022e8230 .functor NOT 1, L_00000000009aae60, C4<0>, C4<0>, C4<0>;
L_00000000022e8770 .functor AND 1, L_00000000022e8230, L_00000000009aaaa0, C4<1>, C4<1>;
L_00000000022e8bd0 .functor OR 1, L_00000000022e81c0, L_00000000022e8770, C4<0>, C4<0>;
L_00000000022e8150 .functor AND 1, L_00000000009aae60, L_00000000009ade80, C4<1>, C4<1>;
L_00000000022e8c40 .functor NOT 1, L_00000000009aae60, C4<0>, C4<0>, C4<0>;
L_00000000022e8e00 .functor AND 1, L_00000000022e8c40, L_00000000009ad8e0, C4<1>, C4<1>;
L_00000000022e83f0 .functor OR 1, L_00000000022e8150, L_00000000022e8e00, C4<0>, C4<0>;
v0000000000931e90_0 .net "HEX0", 7 0, v0000000000931210_0;  alias, 1 drivers
v00000000009327f0_0 .net "HEX1", 7 0, v00000000009322f0_0;  alias, 1 drivers
v0000000000931350_0 .net "HEX4", 7 0, v0000000000931d50_0;  alias, 1 drivers
v0000000000932070_0 .net "HEX5", 7 0, v0000000000931cb0_0;  alias, 1 drivers
v00000000009321b0_0 .net "LEDR", 9 0, L_00000000009adf20;  alias, 1 drivers
v0000000000932250_0 .net "SW", 9 0, v00000000009aad20_0;  1 drivers
L_00000000022a00d0 .functor BUFT 1, C4<01>, C4<0>, C4<0>, C4<0>;
v0000000000932390_0 .net/2s *"_s10", 1 0, L_00000000022a00d0;  1 drivers
v0000000000932570_0 .net *"_s100", 0 0, L_00000000022e8770;  1 drivers
v00000000009326b0_0 .net *"_s102", 0 0, L_00000000022e8bd0;  1 drivers
L_00000000022a04c0 .functor BUFT 1, C4<01>, C4<0>, C4<0>, C4<0>;
v0000000000932890_0 .net/2s *"_s104", 1 0, L_00000000022a04c0;  1 drivers
L_00000000022a0508 .functor BUFT 1, C4<00>, C4<0>, C4<0>, C4<0>;
v00000000009329d0_0 .net/2s *"_s106", 1 0, L_00000000022a0508;  1 drivers
v0000000000932b10_0 .net *"_s108", 1 0, L_00000000009aabe0;  1 drivers
v00000000009a9df0_0 .net *"_s111", 0 0, L_00000000009ab680;  1 drivers
v00000000009a9850_0 .net *"_s114", 0 0, L_00000000009ab900;  1 drivers
L_00000000022a0550 .functor BUFT 1, C4<01>, C4<0>, C4<0>, C4<0>;
v00000000009a8f90_0 .net/2s *"_s116", 1 0, L_00000000022a0550;  1 drivers
L_00000000022a0598 .functor BUFT 1, C4<00>, C4<0>, C4<0>, C4<0>;
v00000000009a9d50_0 .net/2s *"_s118", 1 0, L_00000000022a0598;  1 drivers
L_00000000022a0118 .functor BUFT 1, C4<00>, C4<0>, C4<0>, C4<0>;
v00000000009a8b30_0 .net/2s *"_s12", 1 0, L_00000000022a0118;  1 drivers
v00000000009a9e90_0 .net *"_s120", 1 0, L_00000000009ab9a0;  1 drivers
v00000000009a9f30_0 .net *"_s123", 0 0, L_00000000009abb80;  1 drivers
v00000000009a8810_0 .net *"_s126", 0 0, L_00000000009ade80;  1 drivers
v00000000009a9210_0 .net *"_s128", 0 0, L_00000000022e8150;  1 drivers
v00000000009a92b0_0 .net *"_s130", 0 0, L_00000000022e8c40;  1 drivers
v00000000009a8090_0 .net *"_s132", 0 0, L_00000000009ad8e0;  1 drivers
v00000000009a9030_0 .net *"_s134", 0 0, L_00000000022e8e00;  1 drivers
v00000000009a9c10_0 .net *"_s136", 0 0, L_00000000022e83f0;  1 drivers
L_00000000022a05e0 .functor BUFT 1, C4<01>, C4<0>, C4<0>, C4<0>;
v00000000009a9170_0 .net/2s *"_s138", 1 0, L_00000000022a05e0;  1 drivers
v00000000009a8270_0 .net *"_s14", 1 0, L_00000000009abea0;  1 drivers
L_00000000022a0628 .functor BUFT 1, C4<00>, C4<0>, C4<0>, C4<0>;
v00000000009a8130_0 .net/2s *"_s140", 1 0, L_00000000022a0628;  1 drivers
v00000000009a90d0_0 .net *"_s142", 1 0, L_00000000009ae420;  1 drivers
v00000000009a8590_0 .net *"_s145", 0 0, L_00000000009ae560;  1 drivers
o000000000094f8c8 .functor BUFZ 7, C4<zzzzzzz>; HiZ drive
; Elide local net with no drivers, v00000000009a81d0_0 name=_s148
v00000000009a8c70_0 .net *"_s19", 0 0, L_00000000009aa280;  1 drivers
v00000000009a8310_0 .net *"_s20", 0 0, L_0000000000933910;  1 drivers
L_00000000022a0160 .functor BUFT 1, C4<010000>, C4<0>, C4<0>, C4<0>;
v00000000009a8e50_0 .net/2s *"_s22", 5 0, L_00000000022a0160;  1 drivers
L_00000000022a01a8 .functor BUFT 1, C4<010001>, C4<0>, C4<0>, C4<0>;
v00000000009a83b0_0 .net/2s *"_s24", 5 0, L_00000000022a01a8;  1 drivers
v00000000009a8450_0 .net *"_s26", 5 0, L_00000000009ab400;  1 drivers
v00000000009a84f0_0 .net *"_s31", 0 0, L_00000000009abf40;  1 drivers
v00000000009a8630_0 .net *"_s32", 0 0, L_0000000000933bb0;  1 drivers
L_00000000022a01f0 .functor BUFT 1, C4<010000>, C4<0>, C4<0>, C4<0>;
v00000000009a9350_0 .net/2s *"_s34", 5 0, L_00000000022a01f0;  1 drivers
L_00000000022a0238 .functor BUFT 1, C4<010001>, C4<0>, C4<0>, C4<0>;
v00000000009a93f0_0 .net/2s *"_s36", 5 0, L_00000000022a0238;  1 drivers
v00000000009a9490_0 .net *"_s38", 5 0, L_00000000009aa8c0;  1 drivers
v00000000009a9530_0 .net *"_s43", 0 0, L_00000000009aaa00;  1 drivers
v00000000009a95d0_0 .net *"_s44", 0 0, L_0000000000933750;  1 drivers
v00000000009a8a90_0 .net *"_s46", 4 0, L_00000000009ab540;  1 drivers
L_00000000022a0280 .functor BUFT 1, C4<0>, C4<0>, C4<0>, C4<0>;
v00000000009a9670_0 .net *"_s49", 0 0, L_00000000022a0280;  1 drivers
v00000000009a86d0_0 .net *"_s5", 1 0, L_00000000009aab40;  1 drivers
v00000000009a8770_0 .net/2u *"_s50", 4 0, L_00000000022a02c8;  1 drivers
v00000000009a9710_0 .net *"_s52", 4 0, L_00000000009337c0;  1 drivers
v00000000009a88b0_0 .net *"_s54", 4 0, L_0000000000933c90;  1 drivers
L_00000000022a0310 .functor BUFT 1, C4<00001>, C4<0>, C4<0>, C4<0>;
v00000000009a97b0_0 .net/2u *"_s56", 4 0, L_00000000022a0310;  1 drivers
v00000000009a98f0_0 .net *"_s58", 4 0, L_00000000009ab860;  1 drivers
L_00000000022a0088 .functor BUFT 1, C4<11>, C4<0>, C4<0>, C4<0>;
v00000000009a8950_0 .net/2u *"_s6", 1 0, L_00000000022a0088;  1 drivers
v00000000009a89f0_0 .net *"_s60", 4 0, L_00000000009aa3c0;  1 drivers
L_00000000022a0358 .functor BUFT 1, C4<0>, C4<0>, C4<0>, C4<0>;
v00000000009a8bd0_0 .net *"_s63", 0 0, L_00000000022a0358;  1 drivers
v00000000009a8d10_0 .net *"_s67", 0 0, L_00000000009aa6e0;  1 drivers
v00000000009a9990_0 .net *"_s68", 0 0, L_00000000022e87e0;  1 drivers
v00000000009a9a30_0 .net *"_s70", 4 0, L_00000000009ab5e0;  1 drivers
L_00000000022a03a0 .functor BUFT 1, C4<0>, C4<0>, C4<0>, C4<0>;
v00000000009a8db0_0 .net *"_s73", 0 0, L_00000000022a03a0;  1 drivers
v00000000009a8ef0_0 .net/2u *"_s74", 4 0, L_00000000022a03e8;  1 drivers
v00000000009a9cb0_0 .net *"_s76", 4 0, L_00000000022e8930;  1 drivers
v00000000009a9ad0_0 .net *"_s78", 4 0, L_00000000022e8e70;  1 drivers
v00000000009a9b70_0 .net *"_s8", 0 0, L_00000000009abe00;  1 drivers
L_00000000022a0430 .functor BUFT 1, C4<00001>, C4<0>, C4<0>, C4<0>;
v00000000009ab4a0_0 .net/2u *"_s80", 4 0, L_00000000022a0430;  1 drivers
v00000000009aa960_0 .net *"_s82", 4 0, L_00000000009ab220;  1 drivers
v00000000009aa1e0_0 .net *"_s84", 4 0, L_00000000009ab2c0;  1 drivers
L_00000000022a0478 .functor BUFT 1, C4<0>, C4<0>, C4<0>, C4<0>;
v00000000009abcc0_0 .net *"_s87", 0 0, L_00000000022a0478;  1 drivers
v00000000009aaf00_0 .net *"_s92", 0 0, L_00000000009ab360;  1 drivers
v00000000009ab180_0 .net *"_s94", 0 0, L_00000000022e81c0;  1 drivers
v00000000009aadc0_0 .net *"_s96", 0 0, L_00000000022e8230;  1 drivers
v00000000009aba40_0 .net *"_s98", 0 0, L_00000000009aaaa0;  1 drivers
v00000000009aac80_0 .net "in1Sign", 4 0, L_00000000009aa320;  1 drivers
v00000000009aafa0_0 .net "in2Sign", 4 0, L_00000000009ab7c0;  1 drivers
v00000000009aa0a0_0 .net "input1", 3 0, L_00000000009aa780;  1 drivers
v00000000009aa140_0 .net "input2", 3 0, L_00000000009aa640;  1 drivers
v00000000009abae0_0 .net "isTwos", 0 0, L_00000000009aae60;  1 drivers
v00000000009abd60_0 .net/s "sIn1", 4 0, L_00000000009aa5a0;  1 drivers
v00000000009aa460_0 .net/s "sIn2", 4 0, L_00000000009ab720;  1 drivers
L_00000000009aa780 .part v00000000009aad20_0, 4, 4;
L_00000000009aa640 .part v00000000009aad20_0, 0, 4;
L_00000000009aab40 .part v00000000009aad20_0, 8, 2;
L_00000000009abe00 .cmp/eq 2, L_00000000009aab40, L_00000000022a0088;
L_00000000009abea0 .functor MUXZ 2, L_00000000022a0118, L_00000000022a00d0, L_00000000009abe00, C4<>;
L_00000000009aae60 .part L_00000000009abea0, 0, 1;
L_00000000009aa280 .part L_00000000009aa780, 3, 1;
L_00000000009ab400 .functor MUXZ 6, L_00000000022a01a8, L_00000000022a0160, L_0000000000933910, C4<>;
L_00000000009aa320 .part L_00000000009ab400, 0, 5;
L_00000000009abf40 .part L_00000000009aa640, 3, 1;
L_00000000009aa8c0 .functor MUXZ 6, L_00000000022a0238, L_00000000022a01f0, L_0000000000933bb0, C4<>;
L_00000000009ab7c0 .part L_00000000009aa8c0, 0, 5;
L_00000000009aaa00 .part L_00000000009aa780, 3, 1;
L_00000000009ab540 .concat [ 4 1 0 0], L_00000000009aa780, L_00000000022a0280;
L_00000000009ab860 .arith/sum 5, L_0000000000933c90, L_00000000022a0310;
L_00000000009aa3c0 .concat [ 4 1 0 0], L_00000000009aa780, L_00000000022a0358;
L_00000000009aa5a0 .functor MUXZ 5, L_00000000009aa3c0, L_00000000009ab860, L_0000000000933750, C4<>;
L_00000000009aa6e0 .part L_00000000009aa640, 3, 1;
L_00000000009ab5e0 .concat [ 4 1 0 0], L_00000000009aa640, L_00000000022a03a0;
L_00000000009ab220 .arith/sum 5, L_00000000022e8e70, L_00000000022a0430;
L_00000000009ab2c0 .concat [ 4 1 0 0], L_00000000009aa640, L_00000000022a0478;
L_00000000009ab720 .functor MUXZ 5, L_00000000009ab2c0, L_00000000009ab220, L_00000000022e87e0, C4<>;
L_00000000009ab360 .cmp/gt.s 5, L_00000000009ab720, L_00000000009aa5a0;
L_00000000009aaaa0 .cmp/gt 4, L_00000000009aa640, L_00000000009aa780;
L_00000000009aabe0 .functor MUXZ 2, L_00000000022a0508, L_00000000022a04c0, L_00000000022e8bd0, C4<>;
L_00000000009ab680 .part L_00000000009aabe0, 0, 1;
L_00000000009ab900 .cmp/eq 5, L_00000000009ab720, L_00000000009aa5a0;
L_00000000009ab9a0 .functor MUXZ 2, L_00000000022a0598, L_00000000022a0550, L_00000000009ab900, C4<>;
L_00000000009abb80 .part L_00000000009ab9a0, 0, 1;
L_00000000009ade80 .cmp/gt.s 5, L_00000000009aa5a0, L_00000000009ab720;
L_00000000009ad8e0 .cmp/gt 4, L_00000000009aa780, L_00000000009aa640;
L_00000000009ae420 .functor MUXZ 2, L_00000000022a0628, L_00000000022a05e0, L_00000000022e83f0, C4<>;
L_00000000009ae560 .part L_00000000009ae420, 0, 1;
L_00000000009adf20 .concat [ 1 1 1 7], L_00000000009ab680, L_00000000009abb80, L_00000000009ae560, o000000000094f8c8;
S_000000000094d9d0 .scope module, "h0" "codeconverter" 3 46, 4 1 0, S_000000000094d840;
 .timescale -9 -10;
    .port_info 0 /INPUT 5 "num";
    .port_info 1 /OUTPUT 8 "out";
v0000000000931990_0 .net "num", 4 0, L_00000000009ab720;  alias, 1 drivers
v0000000000931210_0 .var "out", 7 0;
E_0000000000947300 .event edge, v0000000000931990_0;
S_000000000093def0 .scope module, "h1" "codeconverter" 3 33, 4 1 0, S_000000000094d840;
 .timescale -9 -10;
    .port_info 0 /INPUT 5 "num";
    .port_info 1 /OUTPUT 8 "out";
v0000000000932110_0 .net "num", 4 0, L_00000000009ab7c0;  alias, 1 drivers
v00000000009322f0_0 .var "out", 7 0;
E_0000000000947380 .event edge, v0000000000932110_0;
S_000000000093e080 .scope module, "h4" "codeconverter" 3 41, 4 1 0, S_000000000094d840;
 .timescale -9 -10;
    .port_info 0 /INPUT 5 "num";
    .port_info 1 /OUTPUT 8 "out";
v0000000000931c10_0 .net "num", 4 0, L_00000000009aa5a0;  alias, 1 drivers
v0000000000931d50_0 .var "out", 7 0;
E_00000000009473c0 .event edge, v0000000000931c10_0;
S_0000000000902bc0 .scope module, "h5" "codeconverter" 3 28, 4 1 0, S_000000000094d840;
 .timescale -9 -10;
    .port_info 0 /INPUT 5 "num";
    .port_info 1 /OUTPUT 8 "out";
v0000000000932a70_0 .net "num", 4 0, L_00000000009aa320;  alias, 1 drivers
v0000000000931cb0_0 .var "out", 7 0;
E_0000000000947040 .event edge, v0000000000932a70_0;
    .scope S_0000000000902bc0;
T_0 ;
    %wait E_0000000000947040;
    %load/vec4 v0000000000932a70_0;
    %dup/vec4;
    %pushi/vec4 0, 0, 5;
    %cmp/u;
    %jmp/1 T_0.0, 6;
    %dup/vec4;
    %pushi/vec4 1, 0, 5;
    %cmp/u;
    %jmp/1 T_0.1, 6;
    %dup/vec4;
    %pushi/vec4 2, 0, 5;
    %cmp/u;
    %jmp/1 T_0.2, 6;
    %dup/vec4;
    %pushi/vec4 3, 0, 5;
    %cmp/u;
    %jmp/1 T_0.3, 6;
    %dup/vec4;
    %pushi/vec4 4, 0, 5;
    %cmp/u;
    %jmp/1 T_0.4, 6;
    %dup/vec4;
    %pushi/vec4 5, 0, 5;
    %cmp/u;
    %jmp/1 T_0.5, 6;
    %dup/vec4;
    %pushi/vec4 6, 0, 5;
    %cmp/u;
    %jmp/1 T_0.6, 6;
    %dup/vec4;
    %pushi/vec4 7, 0, 5;
    %cmp/u;
    %jmp/1 T_0.7, 6;
    %dup/vec4;
    %pushi/vec4 8, 0, 5;
    %cmp/u;
    %jmp/1 T_0.8, 6;
    %dup/vec4;
    %pushi/vec4 9, 0, 5;
    %cmp/u;
    %jmp/1 T_0.9, 6;
    %dup/vec4;
    %pushi/vec4 16, 0, 5;
    %cmp/u;
    %jmp/1 T_0.10, 6;
    %dup/vec4;
    %pushi/vec4 17, 0, 5;
    %cmp/u;
    %jmp/1 T_0.11, 6;
    %dup/vec4;
    %pushi/vec4 18, 0, 5;
    %cmp/u;
    %jmp/1 T_0.12, 6;
    %pushi/vec4 255, 0, 8;
    %store/vec4 v0000000000931cb0_0, 0, 8;
    %jmp T_0.14;
T_0.0 ;
    %pushi/vec4 192, 0, 8;
    %store/vec4 v0000000000931cb0_0, 0, 8;
    %jmp T_0.14;
T_0.1 ;
    %pushi/vec4 249, 0, 8;
    %store/vec4 v0000000000931cb0_0, 0, 8;
    %jmp T_0.14;
T_0.2 ;
    %pushi/vec4 164, 0, 8;
    %store/vec4 v0000000000931cb0_0, 0, 8;
    %jmp T_0.14;
T_0.3 ;
    %pushi/vec4 176, 0, 8;
    %store/vec4 v0000000000931cb0_0, 0, 8;
    %jmp T_0.14;
T_0.4 ;
    %pushi/vec4 153, 0, 8;
    %store/vec4 v0000000000931cb0_0, 0, 8;
    %jmp T_0.14;
T_0.5 ;
    %pushi/vec4 146, 0, 8;
    %store/vec4 v0000000000931cb0_0, 0, 8;
    %jmp T_0.14;
T_0.6 ;
    %pushi/vec4 130, 0, 8;
    %store/vec4 v0000000000931cb0_0, 0, 8;
    %jmp T_0.14;
T_0.7 ;
    %pushi/vec4 248, 0, 8;
    %store/vec4 v0000000000931cb0_0, 0, 8;
    %jmp T_0.14;
T_0.8 ;
    %pushi/vec4 128, 0, 8;
    %store/vec4 v0000000000931cb0_0, 0, 8;
    %jmp T_0.14;
T_0.9 ;
    %pushi/vec4 152, 0, 8;
    %store/vec4 v0000000000931cb0_0, 0, 8;
    %jmp T_0.14;
T_0.10 ;
    %pushi/vec4 191, 0, 8;
    %store/vec4 v0000000000931cb0_0, 0, 8;
    %jmp T_0.14;
T_0.11 ;
    %pushi/vec4 255, 0, 8;
    %store/vec4 v0000000000931cb0_0, 0, 8;
    %jmp T_0.14;
T_0.12 ;
    %pushi/vec4 142, 0, 8;
    %store/vec4 v0000000000931cb0_0, 0, 8;
    %jmp T_0.14;
T_0.14 ;
    %pop/vec4 1;
    %jmp T_0;
    .thread T_0, $push;
    .scope S_000000000093def0;
T_1 ;
    %wait E_0000000000947380;
    %load/vec4 v0000000000932110_0;
    %dup/vec4;
    %pushi/vec4 0, 0, 5;
    %cmp/u;
    %jmp/1 T_1.0, 6;
    %dup/vec4;
    %pushi/vec4 1, 0, 5;
    %cmp/u;
    %jmp/1 T_1.1, 6;
    %dup/vec4;
    %pushi/vec4 2, 0, 5;
    %cmp/u;
    %jmp/1 T_1.2, 6;
    %dup/vec4;
    %pushi/vec4 3, 0, 5;
    %cmp/u;
    %jmp/1 T_1.3, 6;
    %dup/vec4;
    %pushi/vec4 4, 0, 5;
    %cmp/u;
    %jmp/1 T_1.4, 6;
    %dup/vec4;
    %pushi/vec4 5, 0, 5;
    %cmp/u;
    %jmp/1 T_1.5, 6;
    %dup/vec4;
    %pushi/vec4 6, 0, 5;
    %cmp/u;
    %jmp/1 T_1.6, 6;
    %dup/vec4;
    %pushi/vec4 7, 0, 5;
    %cmp/u;
    %jmp/1 T_1.7, 6;
    %dup/vec4;
    %pushi/vec4 8, 0, 5;
    %cmp/u;
    %jmp/1 T_1.8, 6;
    %dup/vec4;
    %pushi/vec4 9, 0, 5;
    %cmp/u;
    %jmp/1 T_1.9, 6;
    %dup/vec4;
    %pushi/vec4 16, 0, 5;
    %cmp/u;
    %jmp/1 T_1.10, 6;
    %dup/vec4;
    %pushi/vec4 17, 0, 5;
    %cmp/u;
    %jmp/1 T_1.11, 6;
    %dup/vec4;
    %pushi/vec4 18, 0, 5;
    %cmp/u;
    %jmp/1 T_1.12, 6;
    %pushi/vec4 255, 0, 8;
    %store/vec4 v00000000009322f0_0, 0, 8;
    %jmp T_1.14;
T_1.0 ;
    %pushi/vec4 192, 0, 8;
    %store/vec4 v00000000009322f0_0, 0, 8;
    %jmp T_1.14;
T_1.1 ;
    %pushi/vec4 249, 0, 8;
    %store/vec4 v00000000009322f0_0, 0, 8;
    %jmp T_1.14;
T_1.2 ;
    %pushi/vec4 164, 0, 8;
    %store/vec4 v00000000009322f0_0, 0, 8;
    %jmp T_1.14;
T_1.3 ;
    %pushi/vec4 176, 0, 8;
    %store/vec4 v00000000009322f0_0, 0, 8;
    %jmp T_1.14;
T_1.4 ;
    %pushi/vec4 153, 0, 8;
    %store/vec4 v00000000009322f0_0, 0, 8;
    %jmp T_1.14;
T_1.5 ;
    %pushi/vec4 146, 0, 8;
    %store/vec4 v00000000009322f0_0, 0, 8;
    %jmp T_1.14;
T_1.6 ;
    %pushi/vec4 130, 0, 8;
    %store/vec4 v00000000009322f0_0, 0, 8;
    %jmp T_1.14;
T_1.7 ;
    %pushi/vec4 248, 0, 8;
    %store/vec4 v00000000009322f0_0, 0, 8;
    %jmp T_1.14;
T_1.8 ;
    %pushi/vec4 128, 0, 8;
    %store/vec4 v00000000009322f0_0, 0, 8;
    %jmp T_1.14;
T_1.9 ;
    %pushi/vec4 152, 0, 8;
    %store/vec4 v00000000009322f0_0, 0, 8;
    %jmp T_1.14;
T_1.10 ;
    %pushi/vec4 191, 0, 8;
    %store/vec4 v00000000009322f0_0, 0, 8;
    %jmp T_1.14;
T_1.11 ;
    %pushi/vec4 255, 0, 8;
    %store/vec4 v00000000009322f0_0, 0, 8;
    %jmp T_1.14;
T_1.12 ;
    %pushi/vec4 142, 0, 8;
    %store/vec4 v00000000009322f0_0, 0, 8;
    %jmp T_1.14;
T_1.14 ;
    %pop/vec4 1;
    %jmp T_1;
    .thread T_1, $push;
    .scope S_000000000093e080;
T_2 ;
    %wait E_00000000009473c0;
    %load/vec4 v0000000000931c10_0;
    %dup/vec4;
    %pushi/vec4 0, 0, 5;
    %cmp/u;
    %jmp/1 T_2.0, 6;
    %dup/vec4;
    %pushi/vec4 1, 0, 5;
    %cmp/u;
    %jmp/1 T_2.1, 6;
    %dup/vec4;
    %pushi/vec4 2, 0, 5;
    %cmp/u;
    %jmp/1 T_2.2, 6;
    %dup/vec4;
    %pushi/vec4 3, 0, 5;
    %cmp/u;
    %jmp/1 T_2.3, 6;
    %dup/vec4;
    %pushi/vec4 4, 0, 5;
    %cmp/u;
    %jmp/1 T_2.4, 6;
    %dup/vec4;
    %pushi/vec4 5, 0, 5;
    %cmp/u;
    %jmp/1 T_2.5, 6;
    %dup/vec4;
    %pushi/vec4 6, 0, 5;
    %cmp/u;
    %jmp/1 T_2.6, 6;
    %dup/vec4;
    %pushi/vec4 7, 0, 5;
    %cmp/u;
    %jmp/1 T_2.7, 6;
    %dup/vec4;
    %pushi/vec4 8, 0, 5;
    %cmp/u;
    %jmp/1 T_2.8, 6;
    %dup/vec4;
    %pushi/vec4 9, 0, 5;
    %cmp/u;
    %jmp/1 T_2.9, 6;
    %dup/vec4;
    %pushi/vec4 16, 0, 5;
    %cmp/u;
    %jmp/1 T_2.10, 6;
    %dup/vec4;
    %pushi/vec4 17, 0, 5;
    %cmp/u;
    %jmp/1 T_2.11, 6;
    %dup/vec4;
    %pushi/vec4 18, 0, 5;
    %cmp/u;
    %jmp/1 T_2.12, 6;
    %pushi/vec4 255, 0, 8;
    %store/vec4 v0000000000931d50_0, 0, 8;
    %jmp T_2.14;
T_2.0 ;
    %pushi/vec4 192, 0, 8;
    %store/vec4 v0000000000931d50_0, 0, 8;
    %jmp T_2.14;
T_2.1 ;
    %pushi/vec4 249, 0, 8;
    %store/vec4 v0000000000931d50_0, 0, 8;
    %jmp T_2.14;
T_2.2 ;
    %pushi/vec4 164, 0, 8;
    %store/vec4 v0000000000931d50_0, 0, 8;
    %jmp T_2.14;
T_2.3 ;
    %pushi/vec4 176, 0, 8;
    %store/vec4 v0000000000931d50_0, 0, 8;
    %jmp T_2.14;
T_2.4 ;
    %pushi/vec4 153, 0, 8;
    %store/vec4 v0000000000931d50_0, 0, 8;
    %jmp T_2.14;
T_2.5 ;
    %pushi/vec4 146, 0, 8;
    %store/vec4 v0000000000931d50_0, 0, 8;
    %jmp T_2.14;
T_2.6 ;
    %pushi/vec4 130, 0, 8;
    %store/vec4 v0000000000931d50_0, 0, 8;
    %jmp T_2.14;
T_2.7 ;
    %pushi/vec4 248, 0, 8;
    %store/vec4 v0000000000931d50_0, 0, 8;
    %jmp T_2.14;
T_2.8 ;
    %pushi/vec4 128, 0, 8;
    %store/vec4 v0000000000931d50_0, 0, 8;
    %jmp T_2.14;
T_2.9 ;
    %pushi/vec4 152, 0, 8;
    %store/vec4 v0000000000931d50_0, 0, 8;
    %jmp T_2.14;
T_2.10 ;
    %pushi/vec4 191, 0, 8;
    %store/vec4 v0000000000931d50_0, 0, 8;
    %jmp T_2.14;
T_2.11 ;
    %pushi/vec4 255, 0, 8;
    %store/vec4 v0000000000931d50_0, 0, 8;
    %jmp T_2.14;
T_2.12 ;
    %pushi/vec4 142, 0, 8;
    %store/vec4 v0000000000931d50_0, 0, 8;
    %jmp T_2.14;
T_2.14 ;
    %pop/vec4 1;
    %jmp T_2;
    .thread T_2, $push;
    .scope S_000000000094d9d0;
T_3 ;
    %wait E_0000000000947300;
    %load/vec4 v0000000000931990_0;
    %dup/vec4;
    %pushi/vec4 0, 0, 5;
    %cmp/u;
    %jmp/1 T_3.0, 6;
    %dup/vec4;
    %pushi/vec4 1, 0, 5;
    %cmp/u;
    %jmp/1 T_3.1, 6;
    %dup/vec4;
    %pushi/vec4 2, 0, 5;
    %cmp/u;
    %jmp/1 T_3.2, 6;
    %dup/vec4;
    %pushi/vec4 3, 0, 5;
    %cmp/u;
    %jmp/1 T_3.3, 6;
    %dup/vec4;
    %pushi/vec4 4, 0, 5;
    %cmp/u;
    %jmp/1 T_3.4, 6;
    %dup/vec4;
    %pushi/vec4 5, 0, 5;
    %cmp/u;
    %jmp/1 T_3.5, 6;
    %dup/vec4;
    %pushi/vec4 6, 0, 5;
    %cmp/u;
    %jmp/1 T_3.6, 6;
    %dup/vec4;
    %pushi/vec4 7, 0, 5;
    %cmp/u;
    %jmp/1 T_3.7, 6;
    %dup/vec4;
    %pushi/vec4 8, 0, 5;
    %cmp/u;
    %jmp/1 T_3.8, 6;
    %dup/vec4;
    %pushi/vec4 9, 0, 5;
    %cmp/u;
    %jmp/1 T_3.9, 6;
    %dup/vec4;
    %pushi/vec4 16, 0, 5;
    %cmp/u;
    %jmp/1 T_3.10, 6;
    %dup/vec4;
    %pushi/vec4 17, 0, 5;
    %cmp/u;
    %jmp/1 T_3.11, 6;
    %dup/vec4;
    %pushi/vec4 18, 0, 5;
    %cmp/u;
    %jmp/1 T_3.12, 6;
    %pushi/vec4 255, 0, 8;
    %store/vec4 v0000000000931210_0, 0, 8;
    %jmp T_3.14;
T_3.0 ;
    %pushi/vec4 192, 0, 8;
    %store/vec4 v0000000000931210_0, 0, 8;
    %jmp T_3.14;
T_3.1 ;
    %pushi/vec4 249, 0, 8;
    %store/vec4 v0000000000931210_0, 0, 8;
    %jmp T_3.14;
T_3.2 ;
    %pushi/vec4 164, 0, 8;
    %store/vec4 v0000000000931210_0, 0, 8;
    %jmp T_3.14;
T_3.3 ;
    %pushi/vec4 176, 0, 8;
    %store/vec4 v0000000000931210_0, 0, 8;
    %jmp T_3.14;
T_3.4 ;
    %pushi/vec4 153, 0, 8;
    %store/vec4 v0000000000931210_0, 0, 8;
    %jmp T_3.14;
T_3.5 ;
    %pushi/vec4 146, 0, 8;
    %store/vec4 v0000000000931210_0, 0, 8;
    %jmp T_3.14;
T_3.6 ;
    %pushi/vec4 130, 0, 8;
    %store/vec4 v0000000000931210_0, 0, 8;
    %jmp T_3.14;
T_3.7 ;
    %pushi/vec4 248, 0, 8;
    %store/vec4 v0000000000931210_0, 0, 8;
    %jmp T_3.14;
T_3.8 ;
    %pushi/vec4 128, 0, 8;
    %store/vec4 v0000000000931210_0, 0, 8;
    %jmp T_3.14;
T_3.9 ;
    %pushi/vec4 152, 0, 8;
    %store/vec4 v0000000000931210_0, 0, 8;
    %jmp T_3.14;
T_3.10 ;
    %pushi/vec4 191, 0, 8;
    %store/vec4 v0000000000931210_0, 0, 8;
    %jmp T_3.14;
T_3.11 ;
    %pushi/vec4 255, 0, 8;
    %store/vec4 v0000000000931210_0, 0, 8;
    %jmp T_3.14;
T_3.12 ;
    %pushi/vec4 142, 0, 8;
    %store/vec4 v0000000000931210_0, 0, 8;
    %jmp T_3.14;
T_3.14 ;
    %pop/vec4 1;
    %jmp T_3;
    .thread T_3, $push;
    .scope S_000000000094dfb0;
T_4 ;
    %vpi_call 2 22 "$dumpfile", "out.vcd" {0 0 0};
    %vpi_call 2 23 "$dumpvars" {0 0 0};
    %vpi_call 2 24 "$display", $time, "<< Starting Simulation >>" {0 0 0};
    %pushi/vec4 955, 0, 10;
    %store/vec4 v00000000009aad20_0, 0, 10;
    %delay 100, 0;
    %vpi_call 2 26 "$display", "<< Simulation ended >>" {0 0 0};
    %vpi_call 2 27 "$finish" {0 0 0};
    %end;
    .thread T_4;
    .scope S_000000000094dfb0;
T_5 ;
    %vpi_call 2 32 "$monitor", $time, "SW=%b, LEDR=%b, HEX0=%b, HEX1=%b, HEX4=%b, HEX5=%b", v00000000009aad20_0, v00000000009ab040_0, v00000000009aa820_0, v00000000009ab0e0_0, v00000000009aa500_0, v00000000009abc20_0 {0 0 0};
    %end;
    .thread T_5;
# The file index is used to find the file name in the following table.
:file_names 5;
    "N/A";
    "<interactive>";
    "tb.v";
    "db3.v";
    "codeconverter.v";
