#! /usr/local/iverilog/bin/vvp
:ivl_version "11.0 (devel)" "(s20150603-612-ga9388a89)";
:ivl_delay_selection "TYPICAL";
:vpi_time_precision - 10;
:vpi_module "system";
:vpi_module "vhdl_sys";
:vpi_module "vhdl_textio";
:vpi_module "v2005_math";
:vpi_module "va_math";
S_0000000002291d70 .scope module, "tb" "tb" 2 2;
 .timescale -9 -10;
v00000000022e9800_0 .net "HEX0", 7 0, v000000000228b010_0;  1 drivers
v00000000022ea8e0_0 .net "HEX1", 7 0, v000000000228bb50_0;  1 drivers
v00000000022ea480_0 .net "HEX2", 7 0, v000000000228b0b0_0;  1 drivers
v00000000022e9e40_0 .net "HEX3", 7 0, v000000000228b150_0;  1 drivers
v00000000022ea980_0 .net "HEX4", 7 0, v000000000228c050_0;  1 drivers
v00000000022eab60_0 .net "HEX5", 7 0, v000000000228ae30_0;  1 drivers
v00000000022eae80_0 .var "KEY", 1 0;
v00000000022eaa20_0 .var "SW", 7 0;
S_000000000228cf30 .scope module, "DUT" "db2" 2 14, 3 1 0, S_0000000002291d70;
 .timescale -9 -10;
    .port_info 0 /INPUT 2 "KEY";
    .port_info 1 /INPUT 8 "SW";
    .port_info 2 /OUTPUT 8 "HEX0";
    .port_info 3 /OUTPUT 8 "HEX1";
    .port_info 4 /OUTPUT 8 "HEX2";
    .port_info 5 /OUTPUT 8 "HEX3";
    .port_info 6 /OUTPUT 8 "HEX4";
    .port_info 7 /OUTPUT 8 "HEX5";
L_00000000023100d0 .functor BUFT 1, C4<00000000000000000000000000000001>, C4<0>, C4<0>, C4<0>;
L_000000000227dd40 .functor AND 32, L_00000000022e9080, L_00000000023100d0, C4<11111111111111111111111111111111>, C4<11111111111111111111111111111111>;
L_0000000002310238 .functor BUFT 1, C4<00000000000000000000000000000001>, C4<0>, C4<0>, C4<0>;
L_000000000227dfe0 .functor AND 32, L_00000000022e9260, L_0000000002310238, C4<11111111111111111111111111111111>, C4<11111111111111111111111111111111>;
v00000000022e7430_0 .net "HEX0", 7 0, v000000000228b010_0;  alias, 1 drivers
v00000000022e8970_0 .net "HEX1", 7 0, v000000000228bb50_0;  alias, 1 drivers
v00000000022e7a70_0 .net "HEX2", 7 0, v000000000228b0b0_0;  alias, 1 drivers
v00000000022e8ab0_0 .net "HEX3", 7 0, v000000000228b150_0;  alias, 1 drivers
v00000000022e8650_0 .net "HEX4", 7 0, v000000000228c050_0;  alias, 1 drivers
v00000000022e7b10_0 .net "HEX5", 7 0, v000000000228ae30_0;  alias, 1 drivers
v00000000022e8830_0 .net "KEY", 1 0, v00000000022eae80_0;  1 drivers
v00000000022e7110_0 .net "SW", 7 0, v00000000022eaa20_0;  1 drivers
L_0000000002310088 .functor BUFT 1, C4<000>, C4<0>, C4<0>, C4<0>;
v00000000022e7cf0_0 .net *"_s10", 2 0, L_0000000002310088;  1 drivers
v00000000022e8470_0 .net/2s *"_s12", 31 0, L_00000000023100d0;  1 drivers
v00000000022e86f0_0 .net *"_s14", 31 0, L_000000000227dd40;  1 drivers
L_0000000002310118 .functor BUFT 1, C4<00000000000000000000000000000000>, C4<0>, C4<0>, C4<0>;
v00000000022e7c50_0 .net/2s *"_s16", 31 0, L_0000000002310118;  1 drivers
v00000000022e71b0_0 .net *"_s18", 0 0, L_00000000022ea0c0;  1 drivers
L_0000000002310160 .functor BUFT 1, C4<010000>, C4<0>, C4<0>, C4<0>;
v00000000022e81f0_0 .net/2s *"_s20", 5 0, L_0000000002310160;  1 drivers
L_00000000023101a8 .functor BUFT 1, C4<010001>, C4<0>, C4<0>, C4<0>;
v00000000022e72f0_0 .net/2s *"_s22", 5 0, L_00000000023101a8;  1 drivers
v00000000022e88d0_0 .net *"_s24", 5 0, L_00000000022ea7a0;  1 drivers
v00000000022e7bb0_0 .net/s *"_s28", 31 0, L_00000000022ea2a0;  1 drivers
v00000000022e8dd0_0 .net *"_s30", 31 0, L_00000000022e9260;  1 drivers
v00000000022e8150_0 .net *"_s32", 28 0, L_00000000022ea160;  1 drivers
L_00000000023101f0 .functor BUFT 1, C4<000>, C4<0>, C4<0>, C4<0>;
v00000000022e8b50_0 .net *"_s34", 2 0, L_00000000023101f0;  1 drivers
v00000000022e8790_0 .net/2s *"_s36", 31 0, L_0000000002310238;  1 drivers
v00000000022e8510_0 .net *"_s38", 31 0, L_000000000227dfe0;  1 drivers
v00000000022e7f70_0 .net/s *"_s4", 31 0, L_00000000022ea020;  1 drivers
L_0000000002310280 .functor BUFT 1, C4<00000000000000000000000000000000>, C4<0>, C4<0>, C4<0>;
v00000000022e8330_0 .net/2s *"_s40", 31 0, L_0000000002310280;  1 drivers
v00000000022e8290_0 .net *"_s42", 0 0, L_00000000022e98a0;  1 drivers
L_00000000023102c8 .functor BUFT 1, C4<010000>, C4<0>, C4<0>, C4<0>;
v00000000022e8bf0_0 .net/2s *"_s44", 5 0, L_00000000023102c8;  1 drivers
L_0000000002310310 .functor BUFT 1, C4<010001>, C4<0>, C4<0>, C4<0>;
v00000000022e85b0_0 .net/2s *"_s46", 5 0, L_0000000002310310;  1 drivers
v00000000022e8e70_0 .net *"_s48", 5 0, L_00000000022ea340;  1 drivers
L_0000000002310358 .functor BUFT 1, C4<000000>, C4<0>, C4<0>, C4<0>;
v00000000022e8f10_0 .net/2s *"_s54", 5 0, L_0000000002310358;  1 drivers
v00000000022e7070_0 .net *"_s57", 0 0, L_00000000022e9b20;  1 drivers
L_00000000023103a0 .functor BUFT 1, C4<010000>, C4<0>, C4<0>, C4<0>;
v00000000022e76b0_0 .net/2s *"_s58", 5 0, L_00000000023103a0;  1 drivers
v00000000022e7750_0 .net *"_s6", 31 0, L_00000000022e9080;  1 drivers
L_00000000023103e8 .functor BUFT 1, C4<010001>, C4<0>, C4<0>, C4<0>;
v00000000022e7890_0 .net/2s *"_s60", 5 0, L_00000000023103e8;  1 drivers
v00000000022e7930_0 .net *"_s62", 5 0, L_00000000022fe550;  1 drivers
v00000000022e9bc0_0 .net *"_s64", 5 0, L_00000000022feb90;  1 drivers
L_0000000002310430 .functor BUFT 1, C4<010010>, C4<0>, C4<0>, C4<0>;
v00000000022e9f80_0 .net/2u *"_s68", 5 0, L_0000000002310430;  1 drivers
v00000000022eade0_0 .net *"_s70", 5 0, L_00000000022fec30;  1 drivers
L_0000000002310478 .functor BUFT 1, C4<00>, C4<0>, C4<0>, C4<0>;
v00000000022e9c60_0 .net *"_s73", 1 0, L_0000000002310478;  1 drivers
v00000000022e9d00_0 .net *"_s74", 5 0, L_00000000022fe190;  1 drivers
v00000000022e9da0_0 .net *"_s8", 28 0, L_00000000022eaf20;  1 drivers
v00000000022eac00_0 .var "absAns", 3 0;
v00000000022e9300_0 .var/s "absInput1", 4 0;
v00000000022ea5c0_0 .var/s "absInput2", 4 0;
v00000000022ea200_0 .net/s "ans", 3 0, L_00000000022eaac0;  1 drivers
v00000000022e9120_0 .net "ansDigit1", 4 0, L_00000000022fd290;  1 drivers
v00000000022ea840_0 .net "ansDigit2", 4 0, L_00000000022fda10;  1 drivers
v00000000022e99e0_0 .net "h3neg", 4 0, L_00000000022e93a0;  1 drivers
v00000000022e9a80_0 .net "h5neg", 4 0, L_00000000022e91c0;  1 drivers
v00000000022e9760_0 .net/s "input1", 3 0, L_00000000022eaca0;  1 drivers
v00000000022ead40_0 .net/s "input2", 3 0, L_00000000022e9ee0;  1 drivers
v00000000022e96c0_0 .net "overflow", 0 0, v00000000022e7570_0;  1 drivers
E_0000000002287470 .event edge, v00000000022e74d0_0;
E_0000000002287cf0 .event edge, v000000000228bbf0_0, v000000000228c870_0;
L_00000000022eaca0 .part v00000000022eaa20_0, 4, 4;
L_00000000022e9ee0 .part v00000000022eaa20_0, 0, 4;
L_00000000022ea020 .extend/s 32, L_00000000022eaca0;
L_00000000022eaf20 .part L_00000000022ea020, 3, 29;
L_00000000022e9080 .concat [ 29 3 0 0], L_00000000022eaf20, L_0000000002310088;
L_00000000022ea0c0 .cmp/ne 32, L_000000000227dd40, L_0000000002310118;
L_00000000022ea7a0 .functor MUXZ 6, L_00000000023101a8, L_0000000002310160, L_00000000022ea0c0, C4<>;
L_00000000022e91c0 .part L_00000000022ea7a0, 0, 5;
L_00000000022ea2a0 .extend/s 32, L_00000000022e9ee0;
L_00000000022ea160 .part L_00000000022ea2a0, 3, 29;
L_00000000022e9260 .concat [ 29 3 0 0], L_00000000022ea160, L_00000000023101f0;
L_00000000022e98a0 .cmp/ne 32, L_000000000227dfe0, L_0000000002310280;
L_00000000022ea340 .functor MUXZ 6, L_0000000002310310, L_00000000023102c8, L_00000000022e98a0, C4<>;
L_00000000022e93a0 .part L_00000000022ea340, 0, 5;
L_00000000022e9940 .part v00000000022eae80_0, 0, 1;
L_00000000022e9b20 .part L_00000000022eaac0, 3, 1;
L_00000000022fe550 .functor MUXZ 6, L_00000000023103e8, L_00000000023103a0, L_00000000022e9b20, C4<>;
L_00000000022feb90 .functor MUXZ 6, L_00000000022fe550, L_0000000002310358, v00000000022e7570_0, C4<>;
L_00000000022fd290 .part L_00000000022feb90, 0, 5;
L_00000000022fec30 .concat [ 4 2 0 0], v00000000022eac00_0, L_0000000002310478;
L_00000000022fe190 .functor MUXZ 6, L_00000000022fec30, L_0000000002310430, v00000000022e7570_0, C4<>;
L_00000000022fda10 .part L_00000000022fe190, 0, 5;
S_000000000228d0c0 .scope module, "h0" "codeconverter" 3 92, 4 1 0, S_000000000228cf30;
 .timescale -9 -10;
    .port_info 0 /INPUT 5 "num";
    .port_info 1 /OUTPUT 8 "out";
v000000000228c7d0_0 .net "num", 4 0, L_00000000022fda10;  alias, 1 drivers
v000000000228b010_0 .var "out", 7 0;
E_0000000002287730 .event edge, v000000000228c7d0_0;
S_0000000002261e90 .scope module, "h1" "codeconverter" 3 87, 4 1 0, S_000000000228cf30;
 .timescale -9 -10;
    .port_info 0 /INPUT 5 "num";
    .port_info 1 /OUTPUT 8 "out";
v000000000228c0f0_0 .net "num", 4 0, L_00000000022fd290;  alias, 1 drivers
v000000000228bb50_0 .var "out", 7 0;
E_0000000002287d30 .event edge, v000000000228c0f0_0;
S_0000000002262020 .scope module, "h2" "codeconverter" 3 59, 4 1 0, S_000000000228cf30;
 .timescale -9 -10;
    .port_info 0 /INPUT 5 "num";
    .port_info 1 /OUTPUT 8 "out";
v000000000228bbf0_0 .net "num", 4 0, v00000000022ea5c0_0;  1 drivers
v000000000228b0b0_0 .var "out", 7 0;
E_0000000002287770 .event edge, v000000000228bbf0_0;
S_000000000225f910 .scope module, "h3" "codeconverter" 3 54, 4 1 0, S_000000000228cf30;
 .timescale -9 -10;
    .port_info 0 /INPUT 5 "num";
    .port_info 1 /OUTPUT 8 "out";
v000000000228c370_0 .net "num", 4 0, L_00000000022e93a0;  alias, 1 drivers
v000000000228b150_0 .var "out", 7 0;
E_0000000002287cb0 .event edge, v000000000228c370_0;
S_000000000225faa0 .scope module, "h4" "codeconverter" 3 46, 4 1 0, S_000000000228cf30;
 .timescale -9 -10;
    .port_info 0 /INPUT 5 "num";
    .port_info 1 /OUTPUT 8 "out";
v000000000228c870_0 .net "num", 4 0, v00000000022e9300_0;  1 drivers
v000000000228c050_0 .var "out", 7 0;
E_0000000002287df0 .event edge, v000000000228c870_0;
S_0000000000a6d690 .scope module, "h5" "codeconverter" 3 41, 4 1 0, S_000000000228cf30;
 .timescale -9 -10;
    .port_info 0 /INPUT 5 "num";
    .port_info 1 /OUTPUT 8 "out";
v000000000228ad90_0 .net "num", 4 0, L_00000000022e91c0;  alias, 1 drivers
v000000000228ae30_0 .var "out", 7 0;
E_00000000022877b0 .event edge, v000000000228ad90_0;
S_0000000000a6d820 .scope module, "r" "rippleadder" 3 66, 5 1 0, S_000000000228cf30;
 .timescale -9 -10;
    .port_info 0 /INPUT 1 "sub";
    .port_info 1 /INPUT 4 "a";
    .port_info 2 /INPUT 4 "b";
    .port_info 3 /OUTPUT 4 "sum";
    .port_info 4 /OUTPUT 1 "overflow";
L_000000000227d720 .functor NOT 1, L_00000000022e9940, C4<0>, C4<0>, C4<0>;
L_000000000227e130 .functor XOR 1, L_00000000022ea3e0, L_000000000227d720, C4<0>, C4<0>;
L_000000000227d5d0 .functor NOT 1, L_00000000022e9940, C4<0>, C4<0>, C4<0>;
L_0000000002358af0 .functor NOT 1, L_00000000022e9940, C4<0>, C4<0>, C4<0>;
L_0000000002358230 .functor XOR 1, L_00000000022e94e0, L_0000000002358af0, C4<0>, C4<0>;
L_0000000002358e70 .functor NOT 1, L_00000000022e9940, C4<0>, C4<0>, C4<0>;
L_0000000002358d20 .functor XOR 1, L_00000000022e9580, L_0000000002358e70, C4<0>, C4<0>;
L_0000000002358770 .functor NOT 1, L_00000000022e9940, C4<0>, C4<0>, C4<0>;
L_0000000002358f50 .functor XOR 1, L_00000000022e9620, L_0000000002358770, C4<0>, C4<0>;
v000000000228cc30_0 .net *"_s15", 0 0, L_00000000022e94e0;  1 drivers
v00000000022e80b0_0 .net *"_s16", 0 0, L_0000000002358af0;  1 drivers
v00000000022e83d0_0 .net *"_s25", 0 0, L_00000000022e9580;  1 drivers
v00000000022e77f0_0 .net *"_s26", 0 0, L_0000000002358e70;  1 drivers
v00000000022e79d0_0 .net *"_s3", 0 0, L_00000000022ea3e0;  1 drivers
v00000000022e7610_0 .net *"_s35", 0 0, L_00000000022e9620;  1 drivers
v00000000022e8d30_0 .net *"_s36", 0 0, L_0000000002358770;  1 drivers
v00000000022e8c90_0 .net *"_s4", 0 0, L_000000000227d720;  1 drivers
v00000000022e8010_0 .net "a", 3 0, L_00000000022eaca0;  alias, 1 drivers
v00000000022e7250_0 .net "b", 3 0, L_00000000022e9ee0;  alias, 1 drivers
v00000000022e7ed0_0 .net "carry1", 0 0, L_000000000227e050;  1 drivers
v00000000022e8a10_0 .net "carry2", 0 0, L_0000000002358c40;  1 drivers
v00000000022e7390_0 .net "carry3", 0 0, L_0000000002358540;  1 drivers
v00000000022e7e30_0 .net "carry4", 0 0, L_0000000002358ee0;  1 drivers
v00000000022e7570_0 .var "overflow", 0 0;
v00000000022e7d90_0 .net "sub", 0 0, L_00000000022e9940;  1 drivers
v00000000022e74d0_0 .net "sum", 3 0, L_00000000022eaac0;  alias, 1 drivers
E_0000000002287f30 .event edge, v00000000022e74d0_0, v00000000022e7250_0, v00000000022e8010_0;
L_00000000022e9440 .part L_00000000022eaca0, 0, 1;
L_00000000022ea3e0 .part L_00000000022e9ee0, 0, 1;
L_00000000022ea520 .part L_00000000022eaca0, 1, 1;
L_00000000022e94e0 .part L_00000000022e9ee0, 1, 1;
L_00000000022ea660 .part L_00000000022eaca0, 2, 1;
L_00000000022e9580 .part L_00000000022e9ee0, 2, 1;
L_00000000022ea700 .part L_00000000022eaca0, 3, 1;
L_00000000022e9620 .part L_00000000022e9ee0, 3, 1;
L_00000000022eaac0 .concat8 [ 1 1 1 1], L_000000000227ddb0, L_000000000227d8e0, L_0000000002358380, L_0000000002358150;
S_0000000002268ba0 .scope module, "a0" "fulladder" 5 10, 6 1 0, S_0000000000a6d820;
 .timescale -9 -10;
    .port_info 0 /INPUT 1 "a";
    .port_info 1 /INPUT 1 "b";
    .port_info 2 /INPUT 1 "c";
    .port_info 3 /OUTPUT 1 "sum";
    .port_info 4 /OUTPUT 1 "carry";
L_000000000227d560 .functor XOR 1, L_00000000022e9440, L_000000000227e130, C4<0>, C4<0>;
L_000000000227ddb0 .functor XOR 1, L_000000000227d560, L_000000000227d5d0, C4<0>, C4<0>;
L_000000000227d2c0 .functor AND 1, L_00000000022e9440, L_000000000227e130, C4<1>, C4<1>;
L_000000000227de20 .functor XOR 1, L_00000000022e9440, L_000000000227e130, C4<0>, C4<0>;
L_000000000227de90 .functor AND 1, L_000000000227d5d0, L_000000000227de20, C4<1>, C4<1>;
L_000000000227e050 .functor OR 1, L_000000000227d2c0, L_000000000227de90, C4<0>, C4<0>;
v000000000228c910_0 .net *"_s0", 0 0, L_000000000227d560;  1 drivers
v000000000228bd30_0 .net *"_s4", 0 0, L_000000000227d2c0;  1 drivers
v000000000228b1f0_0 .net *"_s6", 0 0, L_000000000227de20;  1 drivers
v000000000228b3d0_0 .net *"_s8", 0 0, L_000000000227de90;  1 drivers
v000000000228b830_0 .net "a", 0 0, L_00000000022e9440;  1 drivers
v000000000228c230_0 .net "b", 0 0, L_000000000227e130;  1 drivers
v000000000228b790_0 .net "c", 0 0, L_000000000227d5d0;  1 drivers
v000000000228be70_0 .net "carry", 0 0, L_000000000227e050;  alias, 1 drivers
v000000000228c410_0 .net "sum", 0 0, L_000000000227ddb0;  1 drivers
S_0000000002268d30 .scope module, "a1" "fulladder" 5 19, 6 1 0, S_0000000000a6d820;
 .timescale -9 -10;
    .port_info 0 /INPUT 1 "a";
    .port_info 1 /INPUT 1 "b";
    .port_info 2 /INPUT 1 "c";
    .port_info 3 /OUTPUT 1 "sum";
    .port_info 4 /OUTPUT 1 "carry";
L_000000000227d6b0 .functor XOR 1, L_00000000022ea520, L_0000000002358230, C4<0>, C4<0>;
L_000000000227d8e0 .functor XOR 1, L_000000000227d6b0, L_000000000227e050, C4<0>, C4<0>;
L_000000000227d790 .functor AND 1, L_00000000022ea520, L_0000000002358230, C4<1>, C4<1>;
L_000000000227d800 .functor XOR 1, L_00000000022ea520, L_0000000002358230, C4<0>, C4<0>;
L_000000000227d950 .functor AND 1, L_000000000227e050, L_000000000227d800, C4<1>, C4<1>;
L_0000000002358c40 .functor OR 1, L_000000000227d790, L_000000000227d950, C4<0>, C4<0>;
v000000000228b5b0_0 .net *"_s0", 0 0, L_000000000227d6b0;  1 drivers
v000000000228c4b0_0 .net *"_s4", 0 0, L_000000000227d790;  1 drivers
v000000000228b8d0_0 .net *"_s6", 0 0, L_000000000227d800;  1 drivers
v000000000228c9b0_0 .net *"_s8", 0 0, L_000000000227d950;  1 drivers
v000000000228c190_0 .net "a", 0 0, L_00000000022ea520;  1 drivers
v000000000228b650_0 .net "b", 0 0, L_0000000002358230;  1 drivers
v000000000228bc90_0 .net "c", 0 0, L_000000000227e050;  alias, 1 drivers
v000000000228aed0_0 .net "carry", 0 0, L_0000000002358c40;  alias, 1 drivers
v000000000228c5f0_0 .net "sum", 0 0, L_000000000227d8e0;  1 drivers
S_0000000002222bc0 .scope module, "a2" "fulladder" 5 28, 6 1 0, S_0000000000a6d820;
 .timescale -9 -10;
    .port_info 0 /INPUT 1 "a";
    .port_info 1 /INPUT 1 "b";
    .port_info 2 /INPUT 1 "c";
    .port_info 3 /OUTPUT 1 "sum";
    .port_info 4 /OUTPUT 1 "carry";
L_0000000002358690 .functor XOR 1, L_00000000022ea660, L_0000000002358d20, C4<0>, C4<0>;
L_0000000002358380 .functor XOR 1, L_0000000002358690, L_0000000002358c40, C4<0>, C4<0>;
L_00000000023584d0 .functor AND 1, L_00000000022ea660, L_0000000002358d20, C4<1>, C4<1>;
L_0000000002358d90 .functor XOR 1, L_00000000022ea660, L_0000000002358d20, C4<0>, C4<0>;
L_0000000002358850 .functor AND 1, L_0000000002358c40, L_0000000002358d90, C4<1>, C4<1>;
L_0000000002358540 .functor OR 1, L_00000000023584d0, L_0000000002358850, C4<0>, C4<0>;
v000000000228ca50_0 .net *"_s0", 0 0, L_0000000002358690;  1 drivers
v000000000228b970_0 .net *"_s4", 0 0, L_00000000023584d0;  1 drivers
v000000000228bdd0_0 .net *"_s6", 0 0, L_0000000002358d90;  1 drivers
v000000000228bf10_0 .net *"_s8", 0 0, L_0000000002358850;  1 drivers
v000000000228c550_0 .net "a", 0 0, L_00000000022ea660;  1 drivers
v000000000228ba10_0 .net "b", 0 0, L_0000000002358d20;  1 drivers
v000000000228b290_0 .net "c", 0 0, L_0000000002358c40;  alias, 1 drivers
v000000000228b470_0 .net "carry", 0 0, L_0000000002358540;  alias, 1 drivers
v000000000228bfb0_0 .net "sum", 0 0, L_0000000002358380;  1 drivers
S_0000000002222d50 .scope module, "a3" "fulladder" 5 37, 6 1 0, S_0000000000a6d820;
 .timescale -9 -10;
    .port_info 0 /INPUT 1 "a";
    .port_info 1 /INPUT 1 "b";
    .port_info 2 /INPUT 1 "c";
    .port_info 3 /OUTPUT 1 "sum";
    .port_info 4 /OUTPUT 1 "carry";
L_0000000002358a10 .functor XOR 1, L_00000000022ea700, L_0000000002358f50, C4<0>, C4<0>;
L_0000000002358150 .functor XOR 1, L_0000000002358a10, L_0000000002358540, C4<0>, C4<0>;
L_0000000002358e00 .functor AND 1, L_00000000022ea700, L_0000000002358f50, C4<1>, C4<1>;
L_0000000002358700 .functor XOR 1, L_00000000022ea700, L_0000000002358f50, C4<0>, C4<0>;
L_0000000002358b60 .functor AND 1, L_0000000002358540, L_0000000002358700, C4<1>, C4<1>;
L_0000000002358ee0 .functor OR 1, L_0000000002358e00, L_0000000002358b60, C4<0>, C4<0>;
v000000000228c2d0_0 .net *"_s0", 0 0, L_0000000002358a10;  1 drivers
v000000000228c690_0 .net *"_s4", 0 0, L_0000000002358e00;  1 drivers
v000000000228c730_0 .net *"_s6", 0 0, L_0000000002358700;  1 drivers
v000000000228caf0_0 .net *"_s8", 0 0, L_0000000002358b60;  1 drivers
v000000000228af70_0 .net "a", 0 0, L_00000000022ea700;  1 drivers
v000000000228b510_0 .net "b", 0 0, L_0000000002358f50;  1 drivers
v000000000228b330_0 .net "c", 0 0, L_0000000002358540;  alias, 1 drivers
v000000000228b6f0_0 .net "carry", 0 0, L_0000000002358ee0;  alias, 1 drivers
v000000000228cb90_0 .net "sum", 0 0, L_0000000002358150;  1 drivers
    .scope S_0000000000a6d690;
T_0 ;
    %wait E_00000000022877b0;
    %load/vec4 v000000000228ad90_0;
    %dup/vec4;
    %pushi/vec4 0, 0, 5;
    %cmp/u;
    %jmp/1 T_0.0, 6;
    %dup/vec4;
    %pushi/vec4 1, 0, 5;
    %cmp/u;
    %jmp/1 T_0.1, 6;
    %dup/vec4;
    %pushi/vec4 2, 0, 5;
    %cmp/u;
    %jmp/1 T_0.2, 6;
    %dup/vec4;
    %pushi/vec4 3, 0, 5;
    %cmp/u;
    %jmp/1 T_0.3, 6;
    %dup/vec4;
    %pushi/vec4 4, 0, 5;
    %cmp/u;
    %jmp/1 T_0.4, 6;
    %dup/vec4;
    %pushi/vec4 5, 0, 5;
    %cmp/u;
    %jmp/1 T_0.5, 6;
    %dup/vec4;
    %pushi/vec4 6, 0, 5;
    %cmp/u;
    %jmp/1 T_0.6, 6;
    %dup/vec4;
    %pushi/vec4 7, 0, 5;
    %cmp/u;
    %jmp/1 T_0.7, 6;
    %dup/vec4;
    %pushi/vec4 8, 0, 5;
    %cmp/u;
    %jmp/1 T_0.8, 6;
    %dup/vec4;
    %pushi/vec4 9, 0, 5;
    %cmp/u;
    %jmp/1 T_0.9, 6;
    %dup/vec4;
    %pushi/vec4 16, 0, 5;
    %cmp/u;
    %jmp/1 T_0.10, 6;
    %dup/vec4;
    %pushi/vec4 17, 0, 5;
    %cmp/u;
    %jmp/1 T_0.11, 6;
    %dup/vec4;
    %pushi/vec4 18, 0, 5;
    %cmp/u;
    %jmp/1 T_0.12, 6;
    %pushi/vec4 255, 0, 8;
    %store/vec4 v000000000228ae30_0, 0, 8;
    %jmp T_0.14;
T_0.0 ;
    %pushi/vec4 192, 0, 8;
    %store/vec4 v000000000228ae30_0, 0, 8;
    %jmp T_0.14;
T_0.1 ;
    %pushi/vec4 249, 0, 8;
    %store/vec4 v000000000228ae30_0, 0, 8;
    %jmp T_0.14;
T_0.2 ;
    %pushi/vec4 164, 0, 8;
    %store/vec4 v000000000228ae30_0, 0, 8;
    %jmp T_0.14;
T_0.3 ;
    %pushi/vec4 176, 0, 8;
    %store/vec4 v000000000228ae30_0, 0, 8;
    %jmp T_0.14;
T_0.4 ;
    %pushi/vec4 153, 0, 8;
    %store/vec4 v000000000228ae30_0, 0, 8;
    %jmp T_0.14;
T_0.5 ;
    %pushi/vec4 146, 0, 8;
    %store/vec4 v000000000228ae30_0, 0, 8;
    %jmp T_0.14;
T_0.6 ;
    %pushi/vec4 130, 0, 8;
    %store/vec4 v000000000228ae30_0, 0, 8;
    %jmp T_0.14;
T_0.7 ;
    %pushi/vec4 248, 0, 8;
    %store/vec4 v000000000228ae30_0, 0, 8;
    %jmp T_0.14;
T_0.8 ;
    %pushi/vec4 128, 0, 8;
    %store/vec4 v000000000228ae30_0, 0, 8;
    %jmp T_0.14;
T_0.9 ;
    %pushi/vec4 152, 0, 8;
    %store/vec4 v000000000228ae30_0, 0, 8;
    %jmp T_0.14;
T_0.10 ;
    %pushi/vec4 191, 0, 8;
    %store/vec4 v000000000228ae30_0, 0, 8;
    %jmp T_0.14;
T_0.11 ;
    %pushi/vec4 255, 0, 8;
    %store/vec4 v000000000228ae30_0, 0, 8;
    %jmp T_0.14;
T_0.12 ;
    %pushi/vec4 142, 0, 8;
    %store/vec4 v000000000228ae30_0, 0, 8;
    %jmp T_0.14;
T_0.14 ;
    %pop/vec4 1;
    %jmp T_0;
    .thread T_0, $push;
    .scope S_000000000225faa0;
T_1 ;
    %wait E_0000000002287df0;
    %load/vec4 v000000000228c870_0;
    %dup/vec4;
    %pushi/vec4 0, 0, 5;
    %cmp/u;
    %jmp/1 T_1.0, 6;
    %dup/vec4;
    %pushi/vec4 1, 0, 5;
    %cmp/u;
    %jmp/1 T_1.1, 6;
    %dup/vec4;
    %pushi/vec4 2, 0, 5;
    %cmp/u;
    %jmp/1 T_1.2, 6;
    %dup/vec4;
    %pushi/vec4 3, 0, 5;
    %cmp/u;
    %jmp/1 T_1.3, 6;
    %dup/vec4;
    %pushi/vec4 4, 0, 5;
    %cmp/u;
    %jmp/1 T_1.4, 6;
    %dup/vec4;
    %pushi/vec4 5, 0, 5;
    %cmp/u;
    %jmp/1 T_1.5, 6;
    %dup/vec4;
    %pushi/vec4 6, 0, 5;
    %cmp/u;
    %jmp/1 T_1.6, 6;
    %dup/vec4;
    %pushi/vec4 7, 0, 5;
    %cmp/u;
    %jmp/1 T_1.7, 6;
    %dup/vec4;
    %pushi/vec4 8, 0, 5;
    %cmp/u;
    %jmp/1 T_1.8, 6;
    %dup/vec4;
    %pushi/vec4 9, 0, 5;
    %cmp/u;
    %jmp/1 T_1.9, 6;
    %dup/vec4;
    %pushi/vec4 16, 0, 5;
    %cmp/u;
    %jmp/1 T_1.10, 6;
    %dup/vec4;
    %pushi/vec4 17, 0, 5;
    %cmp/u;
    %jmp/1 T_1.11, 6;
    %dup/vec4;
    %pushi/vec4 18, 0, 5;
    %cmp/u;
    %jmp/1 T_1.12, 6;
    %pushi/vec4 255, 0, 8;
    %store/vec4 v000000000228c050_0, 0, 8;
    %jmp T_1.14;
T_1.0 ;
    %pushi/vec4 192, 0, 8;
    %store/vec4 v000000000228c050_0, 0, 8;
    %jmp T_1.14;
T_1.1 ;
    %pushi/vec4 249, 0, 8;
    %store/vec4 v000000000228c050_0, 0, 8;
    %jmp T_1.14;
T_1.2 ;
    %pushi/vec4 164, 0, 8;
    %store/vec4 v000000000228c050_0, 0, 8;
    %jmp T_1.14;
T_1.3 ;
    %pushi/vec4 176, 0, 8;
    %store/vec4 v000000000228c050_0, 0, 8;
    %jmp T_1.14;
T_1.4 ;
    %pushi/vec4 153, 0, 8;
    %store/vec4 v000000000228c050_0, 0, 8;
    %jmp T_1.14;
T_1.5 ;
    %pushi/vec4 146, 0, 8;
    %store/vec4 v000000000228c050_0, 0, 8;
    %jmp T_1.14;
T_1.6 ;
    %pushi/vec4 130, 0, 8;
    %store/vec4 v000000000228c050_0, 0, 8;
    %jmp T_1.14;
T_1.7 ;
    %pushi/vec4 248, 0, 8;
    %store/vec4 v000000000228c050_0, 0, 8;
    %jmp T_1.14;
T_1.8 ;
    %pushi/vec4 128, 0, 8;
    %store/vec4 v000000000228c050_0, 0, 8;
    %jmp T_1.14;
T_1.9 ;
    %pushi/vec4 152, 0, 8;
    %store/vec4 v000000000228c050_0, 0, 8;
    %jmp T_1.14;
T_1.10 ;
    %pushi/vec4 191, 0, 8;
    %store/vec4 v000000000228c050_0, 0, 8;
    %jmp T_1.14;
T_1.11 ;
    %pushi/vec4 255, 0, 8;
    %store/vec4 v000000000228c050_0, 0, 8;
    %jmp T_1.14;
T_1.12 ;
    %pushi/vec4 142, 0, 8;
    %store/vec4 v000000000228c050_0, 0, 8;
    %jmp T_1.14;
T_1.14 ;
    %pop/vec4 1;
    %jmp T_1;
    .thread T_1, $push;
    .scope S_000000000225f910;
T_2 ;
    %wait E_0000000002287cb0;
    %load/vec4 v000000000228c370_0;
    %dup/vec4;
    %pushi/vec4 0, 0, 5;
    %cmp/u;
    %jmp/1 T_2.0, 6;
    %dup/vec4;
    %pushi/vec4 1, 0, 5;
    %cmp/u;
    %jmp/1 T_2.1, 6;
    %dup/vec4;
    %pushi/vec4 2, 0, 5;
    %cmp/u;
    %jmp/1 T_2.2, 6;
    %dup/vec4;
    %pushi/vec4 3, 0, 5;
    %cmp/u;
    %jmp/1 T_2.3, 6;
    %dup/vec4;
    %pushi/vec4 4, 0, 5;
    %cmp/u;
    %jmp/1 T_2.4, 6;
    %dup/vec4;
    %pushi/vec4 5, 0, 5;
    %cmp/u;
    %jmp/1 T_2.5, 6;
    %dup/vec4;
    %pushi/vec4 6, 0, 5;
    %cmp/u;
    %jmp/1 T_2.6, 6;
    %dup/vec4;
    %pushi/vec4 7, 0, 5;
    %cmp/u;
    %jmp/1 T_2.7, 6;
    %dup/vec4;
    %pushi/vec4 8, 0, 5;
    %cmp/u;
    %jmp/1 T_2.8, 6;
    %dup/vec4;
    %pushi/vec4 9, 0, 5;
    %cmp/u;
    %jmp/1 T_2.9, 6;
    %dup/vec4;
    %pushi/vec4 16, 0, 5;
    %cmp/u;
    %jmp/1 T_2.10, 6;
    %dup/vec4;
    %pushi/vec4 17, 0, 5;
    %cmp/u;
    %jmp/1 T_2.11, 6;
    %dup/vec4;
    %pushi/vec4 18, 0, 5;
    %cmp/u;
    %jmp/1 T_2.12, 6;
    %pushi/vec4 255, 0, 8;
    %store/vec4 v000000000228b150_0, 0, 8;
    %jmp T_2.14;
T_2.0 ;
    %pushi/vec4 192, 0, 8;
    %store/vec4 v000000000228b150_0, 0, 8;
    %jmp T_2.14;
T_2.1 ;
    %pushi/vec4 249, 0, 8;
    %store/vec4 v000000000228b150_0, 0, 8;
    %jmp T_2.14;
T_2.2 ;
    %pushi/vec4 164, 0, 8;
    %store/vec4 v000000000228b150_0, 0, 8;
    %jmp T_2.14;
T_2.3 ;
    %pushi/vec4 176, 0, 8;
    %store/vec4 v000000000228b150_0, 0, 8;
    %jmp T_2.14;
T_2.4 ;
    %pushi/vec4 153, 0, 8;
    %store/vec4 v000000000228b150_0, 0, 8;
    %jmp T_2.14;
T_2.5 ;
    %pushi/vec4 146, 0, 8;
    %store/vec4 v000000000228b150_0, 0, 8;
    %jmp T_2.14;
T_2.6 ;
    %pushi/vec4 130, 0, 8;
    %store/vec4 v000000000228b150_0, 0, 8;
    %jmp T_2.14;
T_2.7 ;
    %pushi/vec4 248, 0, 8;
    %store/vec4 v000000000228b150_0, 0, 8;
    %jmp T_2.14;
T_2.8 ;
    %pushi/vec4 128, 0, 8;
    %store/vec4 v000000000228b150_0, 0, 8;
    %jmp T_2.14;
T_2.9 ;
    %pushi/vec4 152, 0, 8;
    %store/vec4 v000000000228b150_0, 0, 8;
    %jmp T_2.14;
T_2.10 ;
    %pushi/vec4 191, 0, 8;
    %store/vec4 v000000000228b150_0, 0, 8;
    %jmp T_2.14;
T_2.11 ;
    %pushi/vec4 255, 0, 8;
    %store/vec4 v000000000228b150_0, 0, 8;
    %jmp T_2.14;
T_2.12 ;
    %pushi/vec4 142, 0, 8;
    %store/vec4 v000000000228b150_0, 0, 8;
    %jmp T_2.14;
T_2.14 ;
    %pop/vec4 1;
    %jmp T_2;
    .thread T_2, $push;
    .scope S_0000000002262020;
T_3 ;
    %wait E_0000000002287770;
    %load/vec4 v000000000228bbf0_0;
    %dup/vec4;
    %pushi/vec4 0, 0, 5;
    %cmp/u;
    %jmp/1 T_3.0, 6;
    %dup/vec4;
    %pushi/vec4 1, 0, 5;
    %cmp/u;
    %jmp/1 T_3.1, 6;
    %dup/vec4;
    %pushi/vec4 2, 0, 5;
    %cmp/u;
    %jmp/1 T_3.2, 6;
    %dup/vec4;
    %pushi/vec4 3, 0, 5;
    %cmp/u;
    %jmp/1 T_3.3, 6;
    %dup/vec4;
    %pushi/vec4 4, 0, 5;
    %cmp/u;
    %jmp/1 T_3.4, 6;
    %dup/vec4;
    %pushi/vec4 5, 0, 5;
    %cmp/u;
    %jmp/1 T_3.5, 6;
    %dup/vec4;
    %pushi/vec4 6, 0, 5;
    %cmp/u;
    %jmp/1 T_3.6, 6;
    %dup/vec4;
    %pushi/vec4 7, 0, 5;
    %cmp/u;
    %jmp/1 T_3.7, 6;
    %dup/vec4;
    %pushi/vec4 8, 0, 5;
    %cmp/u;
    %jmp/1 T_3.8, 6;
    %dup/vec4;
    %pushi/vec4 9, 0, 5;
    %cmp/u;
    %jmp/1 T_3.9, 6;
    %dup/vec4;
    %pushi/vec4 16, 0, 5;
    %cmp/u;
    %jmp/1 T_3.10, 6;
    %dup/vec4;
    %pushi/vec4 17, 0, 5;
    %cmp/u;
    %jmp/1 T_3.11, 6;
    %dup/vec4;
    %pushi/vec4 18, 0, 5;
    %cmp/u;
    %jmp/1 T_3.12, 6;
    %pushi/vec4 255, 0, 8;
    %store/vec4 v000000000228b0b0_0, 0, 8;
    %jmp T_3.14;
T_3.0 ;
    %pushi/vec4 192, 0, 8;
    %store/vec4 v000000000228b0b0_0, 0, 8;
    %jmp T_3.14;
T_3.1 ;
    %pushi/vec4 249, 0, 8;
    %store/vec4 v000000000228b0b0_0, 0, 8;
    %jmp T_3.14;
T_3.2 ;
    %pushi/vec4 164, 0, 8;
    %store/vec4 v000000000228b0b0_0, 0, 8;
    %jmp T_3.14;
T_3.3 ;
    %pushi/vec4 176, 0, 8;
    %store/vec4 v000000000228b0b0_0, 0, 8;
    %jmp T_3.14;
T_3.4 ;
    %pushi/vec4 153, 0, 8;
    %store/vec4 v000000000228b0b0_0, 0, 8;
    %jmp T_3.14;
T_3.5 ;
    %pushi/vec4 146, 0, 8;
    %store/vec4 v000000000228b0b0_0, 0, 8;
    %jmp T_3.14;
T_3.6 ;
    %pushi/vec4 130, 0, 8;
    %store/vec4 v000000000228b0b0_0, 0, 8;
    %jmp T_3.14;
T_3.7 ;
    %pushi/vec4 248, 0, 8;
    %store/vec4 v000000000228b0b0_0, 0, 8;
    %jmp T_3.14;
T_3.8 ;
    %pushi/vec4 128, 0, 8;
    %store/vec4 v000000000228b0b0_0, 0, 8;
    %jmp T_3.14;
T_3.9 ;
    %pushi/vec4 152, 0, 8;
    %store/vec4 v000000000228b0b0_0, 0, 8;
    %jmp T_3.14;
T_3.10 ;
    %pushi/vec4 191, 0, 8;
    %store/vec4 v000000000228b0b0_0, 0, 8;
    %jmp T_3.14;
T_3.11 ;
    %pushi/vec4 255, 0, 8;
    %store/vec4 v000000000228b0b0_0, 0, 8;
    %jmp T_3.14;
T_3.12 ;
    %pushi/vec4 142, 0, 8;
    %store/vec4 v000000000228b0b0_0, 0, 8;
    %jmp T_3.14;
T_3.14 ;
    %pop/vec4 1;
    %jmp T_3;
    .thread T_3, $push;
    .scope S_0000000000a6d820;
T_4 ;
    %wait E_0000000002287f30;
    %load/vec4 v00000000022e7d90_0;
    %dup/vec4;
    %pushi/vec4 1, 0, 1;
    %cmp/u;
    %jmp/1 T_4.0, 6;
    %load/vec4 v00000000022e8010_0;
    %parti/s 1, 3, 3;
    %load/vec4 v00000000022e7250_0;
    %parti/s 1, 3, 3;
    %xor;
    %load/vec4 v00000000022e7250_0;
    %parti/s 1, 3, 3;
    %load/vec4 v00000000022e74d0_0;
    %parti/s 1, 3, 3;
    %xor;
    %inv;
    %and;
    %flag_set/vec4 8;
    %jmp/0 T_4.3, 8;
    %pushi/vec4 1, 0, 2;
    %jmp/1 T_4.4, 8;
T_4.3 ; End of true expr.
    %pushi/vec4 0, 0, 2;
    %jmp/0 T_4.4, 8;
 ; End of false expr.
    %blend;
T_4.4;
    %pad/s 1;
    %store/vec4 v00000000022e7570_0, 0, 1;
    %jmp T_4.2;
T_4.0 ;
    %load/vec4 v00000000022e8010_0;
    %parti/s 1, 3, 3;
    %load/vec4 v00000000022e7250_0;
    %parti/s 1, 3, 3;
    %xor;
    %inv;
    %load/vec4 v00000000022e8010_0;
    %parti/s 1, 3, 3;
    %load/vec4 v00000000022e74d0_0;
    %parti/s 1, 3, 3;
    %xor;
    %and;
    %flag_set/vec4 8;
    %jmp/0 T_4.5, 8;
    %pushi/vec4 1, 0, 2;
    %jmp/1 T_4.6, 8;
T_4.5 ; End of true expr.
    %pushi/vec4 0, 0, 2;
    %jmp/0 T_4.6, 8;
 ; End of false expr.
    %blend;
T_4.6;
    %pad/s 1;
    %store/vec4 v00000000022e7570_0, 0, 1;
    %jmp T_4.2;
T_4.2 ;
    %pop/vec4 1;
    %jmp T_4;
    .thread T_4, $push;
    .scope S_0000000002261e90;
T_5 ;
    %wait E_0000000002287d30;
    %load/vec4 v000000000228c0f0_0;
    %dup/vec4;
    %pushi/vec4 0, 0, 5;
    %cmp/u;
    %jmp/1 T_5.0, 6;
    %dup/vec4;
    %pushi/vec4 1, 0, 5;
    %cmp/u;
    %jmp/1 T_5.1, 6;
    %dup/vec4;
    %pushi/vec4 2, 0, 5;
    %cmp/u;
    %jmp/1 T_5.2, 6;
    %dup/vec4;
    %pushi/vec4 3, 0, 5;
    %cmp/u;
    %jmp/1 T_5.3, 6;
    %dup/vec4;
    %pushi/vec4 4, 0, 5;
    %cmp/u;
    %jmp/1 T_5.4, 6;
    %dup/vec4;
    %pushi/vec4 5, 0, 5;
    %cmp/u;
    %jmp/1 T_5.5, 6;
    %dup/vec4;
    %pushi/vec4 6, 0, 5;
    %cmp/u;
    %jmp/1 T_5.6, 6;
    %dup/vec4;
    %pushi/vec4 7, 0, 5;
    %cmp/u;
    %jmp/1 T_5.7, 6;
    %dup/vec4;
    %pushi/vec4 8, 0, 5;
    %cmp/u;
    %jmp/1 T_5.8, 6;
    %dup/vec4;
    %pushi/vec4 9, 0, 5;
    %cmp/u;
    %jmp/1 T_5.9, 6;
    %dup/vec4;
    %pushi/vec4 16, 0, 5;
    %cmp/u;
    %jmp/1 T_5.10, 6;
    %dup/vec4;
    %pushi/vec4 17, 0, 5;
    %cmp/u;
    %jmp/1 T_5.11, 6;
    %dup/vec4;
    %pushi/vec4 18, 0, 5;
    %cmp/u;
    %jmp/1 T_5.12, 6;
    %pushi/vec4 255, 0, 8;
    %store/vec4 v000000000228bb50_0, 0, 8;
    %jmp T_5.14;
T_5.0 ;
    %pushi/vec4 192, 0, 8;
    %store/vec4 v000000000228bb50_0, 0, 8;
    %jmp T_5.14;
T_5.1 ;
    %pushi/vec4 249, 0, 8;
    %store/vec4 v000000000228bb50_0, 0, 8;
    %jmp T_5.14;
T_5.2 ;
    %pushi/vec4 164, 0, 8;
    %store/vec4 v000000000228bb50_0, 0, 8;
    %jmp T_5.14;
T_5.3 ;
    %pushi/vec4 176, 0, 8;
    %store/vec4 v000000000228bb50_0, 0, 8;
    %jmp T_5.14;
T_5.4 ;
    %pushi/vec4 153, 0, 8;
    %store/vec4 v000000000228bb50_0, 0, 8;
    %jmp T_5.14;
T_5.5 ;
    %pushi/vec4 146, 0, 8;
    %store/vec4 v000000000228bb50_0, 0, 8;
    %jmp T_5.14;
T_5.6 ;
    %pushi/vec4 130, 0, 8;
    %store/vec4 v000000000228bb50_0, 0, 8;
    %jmp T_5.14;
T_5.7 ;
    %pushi/vec4 248, 0, 8;
    %store/vec4 v000000000228bb50_0, 0, 8;
    %jmp T_5.14;
T_5.8 ;
    %pushi/vec4 128, 0, 8;
    %store/vec4 v000000000228bb50_0, 0, 8;
    %jmp T_5.14;
T_5.9 ;
    %pushi/vec4 152, 0, 8;
    %store/vec4 v000000000228bb50_0, 0, 8;
    %jmp T_5.14;
T_5.10 ;
    %pushi/vec4 191, 0, 8;
    %store/vec4 v000000000228bb50_0, 0, 8;
    %jmp T_5.14;
T_5.11 ;
    %pushi/vec4 255, 0, 8;
    %store/vec4 v000000000228bb50_0, 0, 8;
    %jmp T_5.14;
T_5.12 ;
    %pushi/vec4 142, 0, 8;
    %store/vec4 v000000000228bb50_0, 0, 8;
    %jmp T_5.14;
T_5.14 ;
    %pop/vec4 1;
    %jmp T_5;
    .thread T_5, $push;
    .scope S_000000000228d0c0;
T_6 ;
    %wait E_0000000002287730;
    %load/vec4 v000000000228c7d0_0;
    %dup/vec4;
    %pushi/vec4 0, 0, 5;
    %cmp/u;
    %jmp/1 T_6.0, 6;
    %dup/vec4;
    %pushi/vec4 1, 0, 5;
    %cmp/u;
    %jmp/1 T_6.1, 6;
    %dup/vec4;
    %pushi/vec4 2, 0, 5;
    %cmp/u;
    %jmp/1 T_6.2, 6;
    %dup/vec4;
    %pushi/vec4 3, 0, 5;
    %cmp/u;
    %jmp/1 T_6.3, 6;
    %dup/vec4;
    %pushi/vec4 4, 0, 5;
    %cmp/u;
    %jmp/1 T_6.4, 6;
    %dup/vec4;
    %pushi/vec4 5, 0, 5;
    %cmp/u;
    %jmp/1 T_6.5, 6;
    %dup/vec4;
    %pushi/vec4 6, 0, 5;
    %cmp/u;
    %jmp/1 T_6.6, 6;
    %dup/vec4;
    %pushi/vec4 7, 0, 5;
    %cmp/u;
    %jmp/1 T_6.7, 6;
    %dup/vec4;
    %pushi/vec4 8, 0, 5;
    %cmp/u;
    %jmp/1 T_6.8, 6;
    %dup/vec4;
    %pushi/vec4 9, 0, 5;
    %cmp/u;
    %jmp/1 T_6.9, 6;
    %dup/vec4;
    %pushi/vec4 16, 0, 5;
    %cmp/u;
    %jmp/1 T_6.10, 6;
    %dup/vec4;
    %pushi/vec4 17, 0, 5;
    %cmp/u;
    %jmp/1 T_6.11, 6;
    %dup/vec4;
    %pushi/vec4 18, 0, 5;
    %cmp/u;
    %jmp/1 T_6.12, 6;
    %pushi/vec4 255, 0, 8;
    %store/vec4 v000000000228b010_0, 0, 8;
    %jmp T_6.14;
T_6.0 ;
    %pushi/vec4 192, 0, 8;
    %store/vec4 v000000000228b010_0, 0, 8;
    %jmp T_6.14;
T_6.1 ;
    %pushi/vec4 249, 0, 8;
    %store/vec4 v000000000228b010_0, 0, 8;
    %jmp T_6.14;
T_6.2 ;
    %pushi/vec4 164, 0, 8;
    %store/vec4 v000000000228b010_0, 0, 8;
    %jmp T_6.14;
T_6.3 ;
    %pushi/vec4 176, 0, 8;
    %store/vec4 v000000000228b010_0, 0, 8;
    %jmp T_6.14;
T_6.4 ;
    %pushi/vec4 153, 0, 8;
    %store/vec4 v000000000228b010_0, 0, 8;
    %jmp T_6.14;
T_6.5 ;
    %pushi/vec4 146, 0, 8;
    %store/vec4 v000000000228b010_0, 0, 8;
    %jmp T_6.14;
T_6.6 ;
    %pushi/vec4 130, 0, 8;
    %store/vec4 v000000000228b010_0, 0, 8;
    %jmp T_6.14;
T_6.7 ;
    %pushi/vec4 248, 0, 8;
    %store/vec4 v000000000228b010_0, 0, 8;
    %jmp T_6.14;
T_6.8 ;
    %pushi/vec4 128, 0, 8;
    %store/vec4 v000000000228b010_0, 0, 8;
    %jmp T_6.14;
T_6.9 ;
    %pushi/vec4 152, 0, 8;
    %store/vec4 v000000000228b010_0, 0, 8;
    %jmp T_6.14;
T_6.10 ;
    %pushi/vec4 191, 0, 8;
    %store/vec4 v000000000228b010_0, 0, 8;
    %jmp T_6.14;
T_6.11 ;
    %pushi/vec4 255, 0, 8;
    %store/vec4 v000000000228b010_0, 0, 8;
    %jmp T_6.14;
T_6.12 ;
    %pushi/vec4 142, 0, 8;
    %store/vec4 v000000000228b010_0, 0, 8;
    %jmp T_6.14;
T_6.14 ;
    %pop/vec4 1;
    %jmp T_6;
    .thread T_6, $push;
    .scope S_000000000228cf30;
T_7 ;
    %wait E_0000000002287cf0;
    %load/vec4 v00000000022e9760_0;
    %pad/s 32;
    %ix/load 4, 3, 0;
    %flag_set/imm 4, 0;
    %shiftr 4;
    %pushi/vec4 1, 0, 32;
    %and;
    %dup/vec4;
    %pushi/vec4 1, 0, 32;
    %cmp/u;
    %jmp/1 T_7.0, 6;
    %load/vec4 v00000000022e9760_0;
    %pad/s 5;
    %store/vec4 v00000000022e9300_0, 0, 5;
    %jmp T_7.2;
T_7.0 ;
    %load/vec4 v00000000022e9760_0;
    %pad/s 5;
    %inv;
    %addi 1, 0, 5;
    %store/vec4 v00000000022e9300_0, 0, 5;
    %jmp T_7.2;
T_7.2 ;
    %pop/vec4 1;
    %load/vec4 v00000000022ead40_0;
    %pad/s 32;
    %ix/load 4, 3, 0;
    %flag_set/imm 4, 0;
    %shiftr 4;
    %pushi/vec4 1, 0, 32;
    %and;
    %dup/vec4;
    %pushi/vec4 1, 0, 32;
    %cmp/u;
    %jmp/1 T_7.3, 6;
    %load/vec4 v00000000022ead40_0;
    %pad/s 5;
    %store/vec4 v00000000022ea5c0_0, 0, 5;
    %jmp T_7.5;
T_7.3 ;
    %load/vec4 v00000000022ead40_0;
    %pad/s 5;
    %inv;
    %addi 1, 0, 5;
    %store/vec4 v00000000022ea5c0_0, 0, 5;
    %jmp T_7.5;
T_7.5 ;
    %pop/vec4 1;
    %jmp T_7;
    .thread T_7, $push;
    .scope S_000000000228cf30;
T_8 ;
    %wait E_0000000002287470;
    %load/vec4 v00000000022ea200_0;
    %parti/s 1, 3, 3;
    %dup/vec4;
    %pushi/vec4 1, 0, 1;
    %cmp/u;
    %jmp/1 T_8.0, 6;
    %load/vec4 v00000000022ea200_0;
    %store/vec4 v00000000022eac00_0, 0, 4;
    %jmp T_8.2;
T_8.0 ;
    %load/vec4 v00000000022ea200_0;
    %inv;
    %addi 1, 0, 4;
    %store/vec4 v00000000022eac00_0, 0, 4;
    %jmp T_8.2;
T_8.2 ;
    %pop/vec4 1;
    %jmp T_8;
    .thread T_8, $push;
    .scope S_0000000002291d70;
T_9 ;
    %vpi_call 2 27 "$dumpfile", "out.vcd" {0 0 0};
    %vpi_call 2 28 "$dumpvars" {0 0 0};
    %vpi_call 2 29 "$display", $time, "<< Starting Simulation >>" {0 0 0};
    %pushi/vec4 3, 0, 2;
    %store/vec4 v00000000022eae80_0, 0, 2;
    %pushi/vec4 17, 0, 8;
    %store/vec4 v00000000022eaa20_0, 0, 8;
    %delay 100, 0;
    %vpi_call 2 32 "$display", "<< Simulation ended >>" {0 0 0};
    %vpi_call 2 33 "$finish" {0 0 0};
    %end;
    .thread T_9;
    .scope S_0000000002291d70;
T_10 ;
    %vpi_call 2 38 "$monitor", $time, "KEY = %b, SW = %b, HEX0 = %b, HEX1 = %b, HEX2 = %b, HEX3 = %b, HEX4 = %b, HEX5 = %b", v00000000022eae80_0, v00000000022eaa20_0, v00000000022e9800_0, v00000000022ea8e0_0, v00000000022ea480_0, v00000000022e9e40_0, v00000000022ea980_0, v00000000022eab60_0 {0 0 0};
    %end;
    .thread T_10;
# The file index is used to find the file name in the following table.
:file_names 7;
    "N/A";
    "<interactive>";
    "tb.v";
    "db2.v";
    "codeconverter.v";
    "rippleadder.v";
    "fulladder.v";
