#! /usr/local/iverilog/bin/vvp
:ivl_version "11.0 (devel)" "(s20150603-612-ga9388a89)";
:ivl_delay_selection "TYPICAL";
:vpi_time_precision - 10;
:vpi_module "system";
:vpi_module "vhdl_sys";
:vpi_module "vhdl_textio";
:vpi_module "v2005_math";
:vpi_module "va_math";
S_00000000022b93f0 .scope module, "db1" "db1" 2 1;
 .timescale -9 -10;
    .port_info 0 /OUTPUT 10 "LEDR";
    .port_info 1 /OUTPUT 8 "HEX0";
    .port_info 2 /OUTPUT 8 "HEX1";
    .port_info 3 /OUTPUT 8 "HEX2";
    .port_info 4 /OUTPUT 8 "HEX3";
    .port_info 5 /OUTPUT 8 "HEX4";
    .port_info 6 /OUTPUT 8 "HEX5";
    .port_info 7 /INPUT 8 "SW";
    .port_info 8 /INPUT 2 "KEY";
v000000000230cca0_0 .net "HEX0", 7 0, v000000000229fab0_0;  1 drivers
v000000000230c700_0 .net "HEX1", 7 0, v000000000229f150_0;  1 drivers
v000000000230bd00_0 .net "HEX2", 7 0, v000000000229e250_0;  1 drivers
v000000000230cde0_0 .net "HEX3", 7 0, v000000000229f8d0_0;  1 drivers
v000000000230bf80_0 .net "HEX4", 7 0, v000000000230b080_0;  1 drivers
v000000000230c660_0 .net "HEX5", 7 0, v000000000230c840_0;  1 drivers
o00000000022ba068 .functor BUFZ 2, C4<zz>; HiZ drive
v000000000230bb20_0 .net "KEY", 1 0, o00000000022ba068;  0 drivers
v000000000230b580_0 .net "LEDR", 9 0, L_0000000002317690;  1 drivers
o00000000022ba0c8 .functor BUFZ 8, C4<zzzzzzzz>; HiZ drive
v000000000230c5c0_0 .net "SW", 7 0, o00000000022ba0c8;  0 drivers
v000000000230b300_0 .net *"_s11", 0 0, L_00000000023175f0;  1 drivers
v000000000230b4e0_0 .net *"_s15", 0 0, L_0000000002315f70;  1 drivers
v000000000230cd40_0 .net *"_s19", 0 0, L_00000000023168d0;  1 drivers
v000000000230c340_0 .net *"_s23", 0 0, L_0000000002317190;  1 drivers
v000000000230ce80_0 .net *"_s27", 0 0, L_0000000002317230;  1 drivers
v000000000230c8e0_0 .net *"_s3", 0 0, L_0000000002316dd0;  1 drivers
v000000000230c020_0 .net *"_s31", 0 0, L_0000000002315e30;  1 drivers
L_0000000002360088 .functor BUFT 1, C4<0>, C4<0>, C4<0>, C4<0>;
v000000000230c160_0 .net/2s *"_s34", 0 0, L_0000000002360088;  1 drivers
L_00000000023600d0 .functor BUFT 1, C4<0>, C4<0>, C4<0>, C4<0>;
v000000000230b440_0 .net/2s *"_s39", 0 0, L_00000000023600d0;  1 drivers
v000000000230b620_0 .net *"_s42", 0 0, L_0000000002316010;  1 drivers
L_0000000002360118 .functor BUFT 1, C4<0001>, C4<0>, C4<0>, C4<0>;
v000000000230b120_0 .net/2s *"_s43", 3 0, L_0000000002360118;  1 drivers
L_0000000002360160 .functor BUFT 1, C4<0001>, C4<0>, C4<0>, C4<0>;
v000000000230b6c0_0 .net/2s *"_s45", 3 0, L_0000000002360160;  1 drivers
v000000000230b760_0 .net *"_s50", 0 0, L_0000000002317370;  1 drivers
L_00000000023601a8 .functor BUFT 1, C4<0001>, C4<0>, C4<0>, C4<0>;
v000000000230c480_0 .net/2s *"_s51", 3 0, L_00000000023601a8;  1 drivers
L_00000000023601f0 .functor BUFT 1, C4<0000>, C4<0>, C4<0>, C4<0>;
v000000000230cf20_0 .net/2s *"_s53", 3 0, L_00000000023601f0;  1 drivers
v000000000230b800_0 .net *"_s58", 0 0, L_0000000002316150;  1 drivers
L_0000000002360238 .functor BUFT 1, C4<0000>, C4<0>, C4<0>, C4<0>;
v000000000230b8a0_0 .net/2s *"_s59", 3 0, L_0000000002360238;  1 drivers
L_0000000002360280 .functor BUFT 1, C4<0001>, C4<0>, C4<0>, C4<0>;
v000000000230ba80_0 .net/2s *"_s61", 3 0, L_0000000002360280;  1 drivers
v000000000230bbc0_0 .net *"_s66", 0 0, L_00000000023161f0;  1 drivers
L_00000000023602c8 .functor BUFT 1, C4<0011>, C4<0>, C4<0>, C4<0>;
v000000000230c0c0_0 .net/2s *"_s67", 3 0, L_00000000023602c8;  1 drivers
L_0000000002360310 .functor BUFT 1, C4<0111>, C4<0>, C4<0>, C4<0>;
v000000000230c200_0 .net/2s *"_s69", 3 0, L_0000000002360310;  1 drivers
v000000000230bc60_0 .net *"_s7", 0 0, L_00000000023172d0;  1 drivers
v000000000230bda0_0 .net *"_s74", 0 0, L_0000000002317050;  1 drivers
L_0000000002360358 .functor BUFT 1, C4<01001>, C4<0>, C4<0>, C4<0>;
v000000000230c2a0_0 .net/2s *"_s75", 4 0, L_0000000002360358;  1 drivers
L_00000000023603a0 .functor BUFT 1, C4<01001>, C4<0>, C4<0>, C4<0>;
v000000000230be40_0 .net/2s *"_s77", 4 0, L_00000000023603a0;  1 drivers
v000000000230bee0_0 .net *"_s79", 4 0, L_0000000002316b50;  1 drivers
v000000000230c3e0_0 .net *"_s84", 0 0, L_0000000002316bf0;  1 drivers
L_00000000023603e8 .functor BUFT 1, C4<01001>, C4<0>, C4<0>, C4<0>;
v000000000230c520_0 .net/2s *"_s85", 4 0, L_00000000023603e8;  1 drivers
L_0000000002360430 .functor BUFT 1, C4<01000>, C4<0>, C4<0>, C4<0>;
v000000000230c980_0 .net/2s *"_s87", 4 0, L_0000000002360430;  1 drivers
v000000000230ca20_0 .net *"_s89", 4 0, L_0000000002315cf0;  1 drivers
v000000000230cac0_0 .net "w0", 3 0, L_0000000002315c50;  1 drivers
v0000000002316c90_0 .net "w1", 3 0, L_0000000002316510;  1 drivers
v0000000002317550_0 .net "w2", 3 0, L_0000000002316970;  1 drivers
v0000000002315ed0_0 .net "w3", 3 0, L_00000000023166f0;  1 drivers
v0000000002316830_0 .net "w4", 3 0, L_0000000002317730;  1 drivers
v00000000023160b0_0 .net "w5", 3 0, L_00000000023165b0;  1 drivers
L_0000000002316dd0 .part o00000000022ba0c8, 0, 1;
L_00000000023172d0 .part o00000000022ba0c8, 1, 1;
L_00000000023175f0 .part o00000000022ba0c8, 2, 1;
L_0000000002315f70 .part o00000000022ba0c8, 3, 1;
L_00000000023168d0 .part o00000000022ba0c8, 4, 1;
L_0000000002317190 .part o00000000022ba0c8, 5, 1;
L_0000000002317230 .part o00000000022ba0c8, 6, 1;
L_0000000002315e30 .part o00000000022ba0c8, 7, 1;
LS_0000000002317690_0_0 .concat8 [ 1 1 1 1], L_0000000002316dd0, L_00000000023172d0, L_00000000023175f0, L_0000000002315f70;
LS_0000000002317690_0_4 .concat8 [ 1 1 1 1], L_00000000023168d0, L_0000000002317190, L_0000000002317230, L_0000000002315e30;
LS_0000000002317690_0_8 .concat8 [ 1 1 0 0], L_0000000002360088, L_00000000023600d0;
L_0000000002317690 .concat8 [ 4 4 2 0], LS_0000000002317690_0_0, LS_0000000002317690_0_4, LS_0000000002317690_0_8;
L_0000000002316010 .part o00000000022ba068, 1, 1;
L_00000000023165b0 .functor MUXZ 4, L_0000000002360160, L_0000000002360118, L_0000000002316010, C4<>;
L_0000000002317370 .part o00000000022ba068, 1, 1;
L_0000000002317730 .functor MUXZ 4, L_00000000023601f0, L_00000000023601a8, L_0000000002317370, C4<>;
L_0000000002316150 .part o00000000022ba068, 1, 1;
L_00000000023166f0 .functor MUXZ 4, L_0000000002360280, L_0000000002360238, L_0000000002316150, C4<>;
L_00000000023161f0 .part o00000000022ba068, 1, 1;
L_0000000002316970 .functor MUXZ 4, L_0000000002360310, L_00000000023602c8, L_00000000023161f0, C4<>;
L_0000000002317050 .part o00000000022ba068, 1, 1;
L_0000000002316b50 .functor MUXZ 5, L_00000000023603a0, L_0000000002360358, L_0000000002317050, C4<>;
L_0000000002316510 .part L_0000000002316b50, 0, 4;
L_0000000002316bf0 .part o00000000022ba068, 1, 1;
L_0000000002315cf0 .functor MUXZ 5, L_0000000002360430, L_00000000023603e8, L_0000000002316bf0, C4<>;
L_0000000002315c50 .part L_0000000002315cf0, 0, 4;
S_00000000022a5f30 .scope module, "h0" "codeconverter" 2 35, 3 1 0, S_00000000022b93f0;
 .timescale -9 -10;
    .port_info 0 /INPUT 4 "num";
    .port_info 1 /OUTPUT 8 "out";
L_0000000002360478 .functor BUFT 1, C4<x>, C4<0>, C4<0>, C4<0>;
v000000000229fb50_0 .net *"_s2", 0 0, L_0000000002360478;  1 drivers
v000000000229e890_0 .net *"_s4", 3 0, L_0000000002316290;  1 drivers
v000000000229ed90_0 .net *"_s6", 4 0, L_0000000002316330;  1 drivers
v000000000229e9d0_0 .net "num", 3 0, L_0000000002315c50;  alias, 1 drivers
v000000000229fab0_0 .var "out", 7 0;
E_00000000022b6190 .event edge, L_0000000002316330;
L_0000000002316290 .part L_0000000002315c50, 0, 4;
L_0000000002316330 .concat [ 4 1 0 0], L_0000000002316290, L_0000000002360478;
S_00000000022abc60 .scope module, "h1" "codeconverter" 2 40, 3 1 0, S_00000000022b93f0;
 .timescale -9 -10;
    .port_info 0 /INPUT 4 "num";
    .port_info 1 /OUTPUT 8 "out";
L_00000000023604c0 .functor BUFT 1, C4<x>, C4<0>, C4<0>, C4<0>;
v000000000229f470_0 .net *"_s2", 0 0, L_00000000023604c0;  1 drivers
v000000000229ee30_0 .net *"_s4", 3 0, L_0000000002316f10;  1 drivers
v000000000229f010_0 .net *"_s6", 4 0, L_00000000023163d0;  1 drivers
v000000000229f0b0_0 .net "num", 3 0, L_0000000002316510;  alias, 1 drivers
v000000000229f150_0 .var "out", 7 0;
E_00000000022b62d0 .event edge, L_00000000023163d0;
L_0000000002316f10 .part L_0000000002316510, 0, 4;
L_00000000023163d0 .concat [ 4 1 0 0], L_0000000002316f10, L_00000000023604c0;
S_00000000022abdf0 .scope module, "h2" "codeconverter" 2 45, 3 1 0, S_00000000022b93f0;
 .timescale -9 -10;
    .port_info 0 /INPUT 4 "num";
    .port_info 1 /OUTPUT 8 "out";
L_0000000002360508 .functor BUFT 1, C4<x>, C4<0>, C4<0>, C4<0>;
v000000000229fc90_0 .net *"_s2", 0 0, L_0000000002360508;  1 drivers
v000000000229e1b0_0 .net *"_s4", 3 0, L_0000000002315d90;  1 drivers
v000000000229f1f0_0 .net *"_s6", 4 0, L_00000000023170f0;  1 drivers
v000000000229f290_0 .net "num", 3 0, L_0000000002316970;  alias, 1 drivers
v000000000229e250_0 .var "out", 7 0;
E_00000000022b5910 .event edge, L_00000000023170f0;
L_0000000002315d90 .part L_0000000002316970, 0, 4;
L_00000000023170f0 .concat [ 4 1 0 0], L_0000000002315d90, L_0000000002360508;
S_0000000002272bc0 .scope module, "h3" "codeconverter" 2 50, 3 1 0, S_00000000022b93f0;
 .timescale -9 -10;
    .port_info 0 /INPUT 4 "num";
    .port_info 1 /OUTPUT 8 "out";
L_0000000002360550 .functor BUFT 1, C4<x>, C4<0>, C4<0>, C4<0>;
v000000000229f790_0 .net *"_s2", 0 0, L_0000000002360550;  1 drivers
v000000000229f510_0 .net *"_s4", 3 0, L_0000000002316790;  1 drivers
v000000000229f5b0_0 .net *"_s6", 4 0, L_0000000002316d30;  1 drivers
v000000000229f830_0 .net "num", 3 0, L_00000000023166f0;  alias, 1 drivers
v000000000229f8d0_0 .var "out", 7 0;
E_00000000022b61d0 .event edge, L_0000000002316d30;
L_0000000002316790 .part L_00000000023166f0, 0, 4;
L_0000000002316d30 .concat [ 4 1 0 0], L_0000000002316790, L_0000000002360550;
S_0000000002272d50 .scope module, "h4" "codeconverter" 2 55, 3 1 0, S_00000000022b93f0;
 .timescale -9 -10;
    .port_info 0 /INPUT 4 "num";
    .port_info 1 /OUTPUT 8 "out";
L_0000000002360598 .functor BUFT 1, C4<x>, C4<0>, C4<0>, C4<0>;
v000000000230c7a0_0 .net *"_s2", 0 0, L_0000000002360598;  1 drivers
v000000000230cc00_0 .net *"_s4", 3 0, L_0000000002317410;  1 drivers
v000000000230b1c0_0 .net *"_s6", 4 0, L_00000000023177d0;  1 drivers
v000000000230b260_0 .net "num", 3 0, L_0000000002317730;  alias, 1 drivers
v000000000230b080_0 .var "out", 7 0;
E_00000000022b6210 .event edge, L_00000000023177d0;
L_0000000002317410 .part L_0000000002317730, 0, 4;
L_00000000023177d0 .concat [ 4 1 0 0], L_0000000002317410, L_0000000002360598;
S_000000000230d040 .scope module, "h5" "codeconverter" 2 60, 3 1 0, S_00000000022b93f0;
 .timescale -9 -10;
    .port_info 0 /INPUT 4 "num";
    .port_info 1 /OUTPUT 8 "out";
L_00000000023605e0 .functor BUFT 1, C4<x>, C4<0>, C4<0>, C4<0>;
v000000000230b940_0 .net *"_s2", 0 0, L_00000000023605e0;  1 drivers
v000000000230b3a0_0 .net *"_s4", 3 0, L_0000000002317870;  1 drivers
v000000000230b9e0_0 .net *"_s6", 4 0, L_0000000002317910;  1 drivers
v000000000230cb60_0 .net "num", 3 0, L_00000000023165b0;  alias, 1 drivers
v000000000230c840_0 .var "out", 7 0;
E_00000000022b5950 .event edge, L_0000000002317910;
L_0000000002317870 .part L_00000000023165b0, 0, 4;
L_0000000002317910 .concat [ 4 1 0 0], L_0000000002317870, L_00000000023605e0;
S_00000000022a5da0 .scope module, "tb" "tb" 4 2;
 .timescale -9 -10;
v0000000002316ab0_0 .var "KEY0", 0 0;
v00000000023174b0_0 .var "KEY1", 0 0;
    .scope S_00000000022a5f30;
T_0 ;
    %wait E_00000000022b6190;
    %load/vec4 v000000000229e9d0_0;
    %dup/vec4;
    %pushi/vec4 1, 0, 4;
    %cmp/u;
    %jmp/1 T_0.0, 6;
    %dup/vec4;
    %pushi/vec4 2, 0, 4;
    %cmp/u;
    %jmp/1 T_0.1, 6;
    %dup/vec4;
    %pushi/vec4 3, 0, 4;
    %cmp/u;
    %jmp/1 T_0.2, 6;
    %dup/vec4;
    %pushi/vec4 4, 0, 4;
    %cmp/u;
    %jmp/1 T_0.3, 6;
    %dup/vec4;
    %pushi/vec4 5, 0, 4;
    %cmp/u;
    %jmp/1 T_0.4, 6;
    %dup/vec4;
    %pushi/vec4 6, 0, 4;
    %cmp/u;
    %jmp/1 T_0.5, 6;
    %dup/vec4;
    %pushi/vec4 7, 0, 4;
    %cmp/u;
    %jmp/1 T_0.6, 6;
    %dup/vec4;
    %pushi/vec4 8, 0, 4;
    %cmp/u;
    %jmp/1 T_0.7, 6;
    %dup/vec4;
    %pushi/vec4 9, 0, 4;
    %cmp/u;
    %jmp/1 T_0.8, 6;
    %pushi/vec4 192, 0, 8;
    %store/vec4 v000000000229fab0_0, 0, 8;
    %jmp T_0.10;
T_0.0 ;
    %pushi/vec4 249, 0, 8;
    %store/vec4 v000000000229fab0_0, 0, 8;
    %jmp T_0.10;
T_0.1 ;
    %pushi/vec4 164, 0, 8;
    %store/vec4 v000000000229fab0_0, 0, 8;
    %jmp T_0.10;
T_0.2 ;
    %pushi/vec4 176, 0, 8;
    %store/vec4 v000000000229fab0_0, 0, 8;
    %jmp T_0.10;
T_0.3 ;
    %pushi/vec4 153, 0, 8;
    %store/vec4 v000000000229fab0_0, 0, 8;
    %jmp T_0.10;
T_0.4 ;
    %pushi/vec4 146, 0, 8;
    %store/vec4 v000000000229fab0_0, 0, 8;
    %jmp T_0.10;
T_0.5 ;
    %pushi/vec4 130, 0, 8;
    %store/vec4 v000000000229fab0_0, 0, 8;
    %jmp T_0.10;
T_0.6 ;
    %pushi/vec4 248, 0, 8;
    %store/vec4 v000000000229fab0_0, 0, 8;
    %jmp T_0.10;
T_0.7 ;
    %pushi/vec4 128, 0, 8;
    %store/vec4 v000000000229fab0_0, 0, 8;
    %jmp T_0.10;
T_0.8 ;
    %pushi/vec4 152, 0, 8;
    %store/vec4 v000000000229fab0_0, 0, 8;
    %jmp T_0.10;
T_0.10 ;
    %pop/vec4 1;
    %jmp T_0;
    .thread T_0, $push;
    .scope S_00000000022abc60;
T_1 ;
    %wait E_00000000022b62d0;
    %load/vec4 v000000000229f0b0_0;
    %dup/vec4;
    %pushi/vec4 1, 0, 4;
    %cmp/u;
    %jmp/1 T_1.0, 6;
    %dup/vec4;
    %pushi/vec4 2, 0, 4;
    %cmp/u;
    %jmp/1 T_1.1, 6;
    %dup/vec4;
    %pushi/vec4 3, 0, 4;
    %cmp/u;
    %jmp/1 T_1.2, 6;
    %dup/vec4;
    %pushi/vec4 4, 0, 4;
    %cmp/u;
    %jmp/1 T_1.3, 6;
    %dup/vec4;
    %pushi/vec4 5, 0, 4;
    %cmp/u;
    %jmp/1 T_1.4, 6;
    %dup/vec4;
    %pushi/vec4 6, 0, 4;
    %cmp/u;
    %jmp/1 T_1.5, 6;
    %dup/vec4;
    %pushi/vec4 7, 0, 4;
    %cmp/u;
    %jmp/1 T_1.6, 6;
    %dup/vec4;
    %pushi/vec4 8, 0, 4;
    %cmp/u;
    %jmp/1 T_1.7, 6;
    %dup/vec4;
    %pushi/vec4 9, 0, 4;
    %cmp/u;
    %jmp/1 T_1.8, 6;
    %pushi/vec4 192, 0, 8;
    %store/vec4 v000000000229f150_0, 0, 8;
    %jmp T_1.10;
T_1.0 ;
    %pushi/vec4 249, 0, 8;
    %store/vec4 v000000000229f150_0, 0, 8;
    %jmp T_1.10;
T_1.1 ;
    %pushi/vec4 164, 0, 8;
    %store/vec4 v000000000229f150_0, 0, 8;
    %jmp T_1.10;
T_1.2 ;
    %pushi/vec4 176, 0, 8;
    %store/vec4 v000000000229f150_0, 0, 8;
    %jmp T_1.10;
T_1.3 ;
    %pushi/vec4 153, 0, 8;
    %store/vec4 v000000000229f150_0, 0, 8;
    %jmp T_1.10;
T_1.4 ;
    %pushi/vec4 146, 0, 8;
    %store/vec4 v000000000229f150_0, 0, 8;
    %jmp T_1.10;
T_1.5 ;
    %pushi/vec4 130, 0, 8;
    %store/vec4 v000000000229f150_0, 0, 8;
    %jmp T_1.10;
T_1.6 ;
    %pushi/vec4 248, 0, 8;
    %store/vec4 v000000000229f150_0, 0, 8;
    %jmp T_1.10;
T_1.7 ;
    %pushi/vec4 128, 0, 8;
    %store/vec4 v000000000229f150_0, 0, 8;
    %jmp T_1.10;
T_1.8 ;
    %pushi/vec4 152, 0, 8;
    %store/vec4 v000000000229f150_0, 0, 8;
    %jmp T_1.10;
T_1.10 ;
    %pop/vec4 1;
    %jmp T_1;
    .thread T_1, $push;
    .scope S_00000000022abdf0;
T_2 ;
    %wait E_00000000022b5910;
    %load/vec4 v000000000229f290_0;
    %dup/vec4;
    %pushi/vec4 1, 0, 4;
    %cmp/u;
    %jmp/1 T_2.0, 6;
    %dup/vec4;
    %pushi/vec4 2, 0, 4;
    %cmp/u;
    %jmp/1 T_2.1, 6;
    %dup/vec4;
    %pushi/vec4 3, 0, 4;
    %cmp/u;
    %jmp/1 T_2.2, 6;
    %dup/vec4;
    %pushi/vec4 4, 0, 4;
    %cmp/u;
    %jmp/1 T_2.3, 6;
    %dup/vec4;
    %pushi/vec4 5, 0, 4;
    %cmp/u;
    %jmp/1 T_2.4, 6;
    %dup/vec4;
    %pushi/vec4 6, 0, 4;
    %cmp/u;
    %jmp/1 T_2.5, 6;
    %dup/vec4;
    %pushi/vec4 7, 0, 4;
    %cmp/u;
    %jmp/1 T_2.6, 6;
    %dup/vec4;
    %pushi/vec4 8, 0, 4;
    %cmp/u;
    %jmp/1 T_2.7, 6;
    %dup/vec4;
    %pushi/vec4 9, 0, 4;
    %cmp/u;
    %jmp/1 T_2.8, 6;
    %pushi/vec4 192, 0, 8;
    %store/vec4 v000000000229e250_0, 0, 8;
    %jmp T_2.10;
T_2.0 ;
    %pushi/vec4 249, 0, 8;
    %store/vec4 v000000000229e250_0, 0, 8;
    %jmp T_2.10;
T_2.1 ;
    %pushi/vec4 164, 0, 8;
    %store/vec4 v000000000229e250_0, 0, 8;
    %jmp T_2.10;
T_2.2 ;
    %pushi/vec4 176, 0, 8;
    %store/vec4 v000000000229e250_0, 0, 8;
    %jmp T_2.10;
T_2.3 ;
    %pushi/vec4 153, 0, 8;
    %store/vec4 v000000000229e250_0, 0, 8;
    %jmp T_2.10;
T_2.4 ;
    %pushi/vec4 146, 0, 8;
    %store/vec4 v000000000229e250_0, 0, 8;
    %jmp T_2.10;
T_2.5 ;
    %pushi/vec4 130, 0, 8;
    %store/vec4 v000000000229e250_0, 0, 8;
    %jmp T_2.10;
T_2.6 ;
    %pushi/vec4 248, 0, 8;
    %store/vec4 v000000000229e250_0, 0, 8;
    %jmp T_2.10;
T_2.7 ;
    %pushi/vec4 128, 0, 8;
    %store/vec4 v000000000229e250_0, 0, 8;
    %jmp T_2.10;
T_2.8 ;
    %pushi/vec4 152, 0, 8;
    %store/vec4 v000000000229e250_0, 0, 8;
    %jmp T_2.10;
T_2.10 ;
    %pop/vec4 1;
    %jmp T_2;
    .thread T_2, $push;
    .scope S_0000000002272bc0;
T_3 ;
    %wait E_00000000022b61d0;
    %load/vec4 v000000000229f830_0;
    %dup/vec4;
    %pushi/vec4 1, 0, 4;
    %cmp/u;
    %jmp/1 T_3.0, 6;
    %dup/vec4;
    %pushi/vec4 2, 0, 4;
    %cmp/u;
    %jmp/1 T_3.1, 6;
    %dup/vec4;
    %pushi/vec4 3, 0, 4;
    %cmp/u;
    %jmp/1 T_3.2, 6;
    %dup/vec4;
    %pushi/vec4 4, 0, 4;
    %cmp/u;
    %jmp/1 T_3.3, 6;
    %dup/vec4;
    %pushi/vec4 5, 0, 4;
    %cmp/u;
    %jmp/1 T_3.4, 6;
    %dup/vec4;
    %pushi/vec4 6, 0, 4;
    %cmp/u;
    %jmp/1 T_3.5, 6;
    %dup/vec4;
    %pushi/vec4 7, 0, 4;
    %cmp/u;
    %jmp/1 T_3.6, 6;
    %dup/vec4;
    %pushi/vec4 8, 0, 4;
    %cmp/u;
    %jmp/1 T_3.7, 6;
    %dup/vec4;
    %pushi/vec4 9, 0, 4;
    %cmp/u;
    %jmp/1 T_3.8, 6;
    %pushi/vec4 192, 0, 8;
    %store/vec4 v000000000229f8d0_0, 0, 8;
    %jmp T_3.10;
T_3.0 ;
    %pushi/vec4 249, 0, 8;
    %store/vec4 v000000000229f8d0_0, 0, 8;
    %jmp T_3.10;
T_3.1 ;
    %pushi/vec4 164, 0, 8;
    %store/vec4 v000000000229f8d0_0, 0, 8;
    %jmp T_3.10;
T_3.2 ;
    %pushi/vec4 176, 0, 8;
    %store/vec4 v000000000229f8d0_0, 0, 8;
    %jmp T_3.10;
T_3.3 ;
    %pushi/vec4 153, 0, 8;
    %store/vec4 v000000000229f8d0_0, 0, 8;
    %jmp T_3.10;
T_3.4 ;
    %pushi/vec4 146, 0, 8;
    %store/vec4 v000000000229f8d0_0, 0, 8;
    %jmp T_3.10;
T_3.5 ;
    %pushi/vec4 130, 0, 8;
    %store/vec4 v000000000229f8d0_0, 0, 8;
    %jmp T_3.10;
T_3.6 ;
    %pushi/vec4 248, 0, 8;
    %store/vec4 v000000000229f8d0_0, 0, 8;
    %jmp T_3.10;
T_3.7 ;
    %pushi/vec4 128, 0, 8;
    %store/vec4 v000000000229f8d0_0, 0, 8;
    %jmp T_3.10;
T_3.8 ;
    %pushi/vec4 152, 0, 8;
    %store/vec4 v000000000229f8d0_0, 0, 8;
    %jmp T_3.10;
T_3.10 ;
    %pop/vec4 1;
    %jmp T_3;
    .thread T_3, $push;
    .scope S_0000000002272d50;
T_4 ;
    %wait E_00000000022b6210;
    %load/vec4 v000000000230b260_0;
    %dup/vec4;
    %pushi/vec4 1, 0, 4;
    %cmp/u;
    %jmp/1 T_4.0, 6;
    %dup/vec4;
    %pushi/vec4 2, 0, 4;
    %cmp/u;
    %jmp/1 T_4.1, 6;
    %dup/vec4;
    %pushi/vec4 3, 0, 4;
    %cmp/u;
    %jmp/1 T_4.2, 6;
    %dup/vec4;
    %pushi/vec4 4, 0, 4;
    %cmp/u;
    %jmp/1 T_4.3, 6;
    %dup/vec4;
    %pushi/vec4 5, 0, 4;
    %cmp/u;
    %jmp/1 T_4.4, 6;
    %dup/vec4;
    %pushi/vec4 6, 0, 4;
    %cmp/u;
    %jmp/1 T_4.5, 6;
    %dup/vec4;
    %pushi/vec4 7, 0, 4;
    %cmp/u;
    %jmp/1 T_4.6, 6;
    %dup/vec4;
    %pushi/vec4 8, 0, 4;
    %cmp/u;
    %jmp/1 T_4.7, 6;
    %dup/vec4;
    %pushi/vec4 9, 0, 4;
    %cmp/u;
    %jmp/1 T_4.8, 6;
    %pushi/vec4 192, 0, 8;
    %store/vec4 v000000000230b080_0, 0, 8;
    %jmp T_4.10;
T_4.0 ;
    %pushi/vec4 249, 0, 8;
    %store/vec4 v000000000230b080_0, 0, 8;
    %jmp T_4.10;
T_4.1 ;
    %pushi/vec4 164, 0, 8;
    %store/vec4 v000000000230b080_0, 0, 8;
    %jmp T_4.10;
T_4.2 ;
    %pushi/vec4 176, 0, 8;
    %store/vec4 v000000000230b080_0, 0, 8;
    %jmp T_4.10;
T_4.3 ;
    %pushi/vec4 153, 0, 8;
    %store/vec4 v000000000230b080_0, 0, 8;
    %jmp T_4.10;
T_4.4 ;
    %pushi/vec4 146, 0, 8;
    %store/vec4 v000000000230b080_0, 0, 8;
    %jmp T_4.10;
T_4.5 ;
    %pushi/vec4 130, 0, 8;
    %store/vec4 v000000000230b080_0, 0, 8;
    %jmp T_4.10;
T_4.6 ;
    %pushi/vec4 248, 0, 8;
    %store/vec4 v000000000230b080_0, 0, 8;
    %jmp T_4.10;
T_4.7 ;
    %pushi/vec4 128, 0, 8;
    %store/vec4 v000000000230b080_0, 0, 8;
    %jmp T_4.10;
T_4.8 ;
    %pushi/vec4 152, 0, 8;
    %store/vec4 v000000000230b080_0, 0, 8;
    %jmp T_4.10;
T_4.10 ;
    %pop/vec4 1;
    %jmp T_4;
    .thread T_4, $push;
    .scope S_000000000230d040;
T_5 ;
    %wait E_00000000022b5950;
    %load/vec4 v000000000230cb60_0;
    %dup/vec4;
    %pushi/vec4 1, 0, 4;
    %cmp/u;
    %jmp/1 T_5.0, 6;
    %dup/vec4;
    %pushi/vec4 2, 0, 4;
    %cmp/u;
    %jmp/1 T_5.1, 6;
    %dup/vec4;
    %pushi/vec4 3, 0, 4;
    %cmp/u;
    %jmp/1 T_5.2, 6;
    %dup/vec4;
    %pushi/vec4 4, 0, 4;
    %cmp/u;
    %jmp/1 T_5.3, 6;
    %dup/vec4;
    %pushi/vec4 5, 0, 4;
    %cmp/u;
    %jmp/1 T_5.4, 6;
    %dup/vec4;
    %pushi/vec4 6, 0, 4;
    %cmp/u;
    %jmp/1 T_5.5, 6;
    %dup/vec4;
    %pushi/vec4 7, 0, 4;
    %cmp/u;
    %jmp/1 T_5.6, 6;
    %dup/vec4;
    %pushi/vec4 8, 0, 4;
    %cmp/u;
    %jmp/1 T_5.7, 6;
    %dup/vec4;
    %pushi/vec4 9, 0, 4;
    %cmp/u;
    %jmp/1 T_5.8, 6;
    %pushi/vec4 192, 0, 8;
    %store/vec4 v000000000230c840_0, 0, 8;
    %jmp T_5.10;
T_5.0 ;
    %pushi/vec4 249, 0, 8;
    %store/vec4 v000000000230c840_0, 0, 8;
    %jmp T_5.10;
T_5.1 ;
    %pushi/vec4 164, 0, 8;
    %store/vec4 v000000000230c840_0, 0, 8;
    %jmp T_5.10;
T_5.2 ;
    %pushi/vec4 176, 0, 8;
    %store/vec4 v000000000230c840_0, 0, 8;
    %jmp T_5.10;
T_5.3 ;
    %pushi/vec4 153, 0, 8;
    %store/vec4 v000000000230c840_0, 0, 8;
    %jmp T_5.10;
T_5.4 ;
    %pushi/vec4 146, 0, 8;
    %store/vec4 v000000000230c840_0, 0, 8;
    %jmp T_5.10;
T_5.5 ;
    %pushi/vec4 130, 0, 8;
    %store/vec4 v000000000230c840_0, 0, 8;
    %jmp T_5.10;
T_5.6 ;
    %pushi/vec4 248, 0, 8;
    %store/vec4 v000000000230c840_0, 0, 8;
    %jmp T_5.10;
T_5.7 ;
    %pushi/vec4 128, 0, 8;
    %store/vec4 v000000000230c840_0, 0, 8;
    %jmp T_5.10;
T_5.8 ;
    %pushi/vec4 152, 0, 8;
    %store/vec4 v000000000230c840_0, 0, 8;
    %jmp T_5.10;
T_5.10 ;
    %pop/vec4 1;
    %jmp T_5;
    .thread T_5, $push;
    .scope S_00000000022a5da0;
T_6 ;
    %vpi_call 4 17 "$dumpfile", "out.vcd" {0 0 0};
    %vpi_call 4 18 "$dumpvars" {0 0 0};
    %vpi_call 4 19 "$display", $time, "<< Starting Simulation >>" {0 0 0};
    %pushi/vec4 1, 0, 1;
    %store/vec4 v0000000002316ab0_0, 0, 1;
    %pushi/vec4 1, 0, 1;
    %store/vec4 v00000000023174b0_0, 0, 1;
    %delay 100, 0;
    %pushi/vec4 0, 0, 1;
    %store/vec4 v0000000002316ab0_0, 0, 1;
    %delay 200, 0;
    %pushi/vec4 0, 0, 1;
    %store/vec4 v00000000023174b0_0, 0, 1;
    %delay 100, 0;
    %vpi_call 4 24 "$display", "<< Simulation ended >>" {0 0 0};
    %vpi_call 4 25 "$finish" {0 0 0};
    %end;
    .thread T_6;
    .scope S_00000000022a5da0;
T_7 ;
    %vpi_call 4 30 "$monitor", $time, "KEY0 = %b, KEY1 = %b", v0000000002316ab0_0, v00000000023174b0_0 {0 0 0};
    %end;
    .thread T_7;
# The file index is used to find the file name in the following table.
:file_names 5;
    "N/A";
    "<interactive>";
    "db1.v";
    "codeconverter.v";
    "tb.v";
