#! /usr/bin/vvp
:ivl_version "10.2 (stable)";
:ivl_delay_selection "TYPICAL";
:vpi_time_precision - 10;
:vpi_module "system";
:vpi_module "vhdl_sys";
:vpi_module "v2005_math";
:vpi_module "va_math";
S_0x56135aa0ce50 .scope module, "tb" "tb" 2 2;
 .timescale -9 -10;
v0x56135aa435a0_0 .var "clk", 0 0;
v0x56135aa43660_0 .net "hex0", 7 0, v0x56135aa42560_0;  1 drivers
v0x56135aa43770_0 .var "key", 1 0;
v0x56135aa43810_0 .net "led", 9 0, L_0x56135aa43cf0;  1 drivers
v0x56135aa438b0_0 .var "sw", 9 0;
S_0x56135aa0cfd0 .scope module, "DUT" "top" 2 14, 3 1 0, S_0x56135aa0ce50;
 .timescale 0 0;
    .port_info 0 /INPUT 2 "KEY"
    .port_info 1 /INPUT 10 "SW"
    .port_info 2 /INPUT 1 "ADC_CLK_10"
    .port_info 3 /OUTPUT 10 "LEDR"
    .port_info 4 /OUTPUT 8 "HEX0"
P_0x56135aa1e5c0 .param/l "Hazard" 0 3 10, C4<001>;
P_0x56135aa1e600 .param/l "Idle" 0 3 9, C4<000>;
P_0x56135aa1e640 .param/l "Left" 0 3 11, C4<010>;
P_0x56135aa1e680 .param/l "Right" 0 3 12, C4<011>;
v0x56135aa426a0_0 .net "ADC_CLK_10", 0 0, v0x56135aa435a0_0;  1 drivers
v0x56135aa42740_0 .net "HEX0", 7 0, v0x56135aa42560_0;  alias, 1 drivers
v0x56135aa42810_0 .net "KEY", 1 0, v0x56135aa43770_0;  1 drivers
v0x56135aa428e0_0 .net "LEDR", 9 0, L_0x56135aa43cf0;  alias, 1 drivers
v0x56135aa429c0_0 .var "Q", 1 0;
v0x56135aa42af0_0 .net "SW", 9 0, v0x56135aa438b0_0;  1 drivers
v0x56135aa42bd0_0 .net *"_s15", 0 0, L_0x56135aa43b50;  1 drivers
v0x56135aa42cb0_0 .net *"_s22", 0 0, L_0x56135aa43c20;  1 drivers
o0x7f7b3df843d8 .functor BUFZ 4, C4<zzzz>; HiZ drive
; Elide local net with no drivers, v0x56135aa42d90_0 name=_s26
v0x56135aa42e70_0 .net *"_s5", 2 0, v0x56135aa431a0_0;  1 drivers
v0x56135aa42f50_0 .net *"_s9", 2 0, v0x56135aa433f0_0;  1 drivers
v0x56135aa43030_0 .net "clk", 0 0, v0x56135aa14d40_0;  1 drivers
v0x56135aa430d0_0 .var "current_state", 2 0;
v0x56135aa431a0_0 .var "left_LED", 2 0;
v0x56135aa43260_0 .net "mem_clk", 0 0, v0x56135aa151f0_0;  1 drivers
v0x56135aa43330_0 .var "next_state", 2 0;
v0x56135aa433f0_0 .var "right_LED", 2 0;
E_0x56135aa0a350/0 .event negedge, L_0x56135aa43c20;
E_0x56135aa0a350/1 .event posedge, v0x56135aa14d40_0;
E_0x56135aa0a350 .event/or E_0x56135aa0a350/0, E_0x56135aa0a350/1;
E_0x56135aa09950 .event posedge, v0x56135aa14d40_0;
E_0x56135aa09b90/0 .event negedge, L_0x56135aa43b50;
E_0x56135aa09b90/1 .event posedge, v0x56135aa14d40_0;
E_0x56135aa09b90 .event/or E_0x56135aa09b90/0, E_0x56135aa09b90/1;
L_0x56135aa439a0 .part v0x56135aa43770_0, 0, 1;
L_0x56135aa43b50 .part v0x56135aa43770_0, 0, 1;
L_0x56135aa43c20 .part v0x56135aa43770_0, 0, 1;
L_0x56135aa43cf0 .concat [ 3 4 3 0], v0x56135aa433f0_0, o0x7f7b3df843d8, v0x56135aa431a0_0;
S_0x56135aa03810 .scope module, "c" "clock_divider" 3 16, 4 1 0, S_0x56135aa0cfd0;
 .timescale -9 -10;
    .port_info 0 /INPUT 1 "clk"
    .port_info 1 /INPUT 1 "reset_n"
    .port_info 2 /OUTPUT 1 "slw_clk_1"
    .port_info 3 /OUTPUT 1 "slw_clk_2"
P_0x56135aa03990 .param/l "divby_1" 0 4 10, +C4<00000000000111101000010010000000>;
P_0x56135aa039d0 .param/l "divby_2" 0 4 11, +C4<00000001011111010111100001000000>;
v0x56135aa19e60_0 .net "clk", 0 0, v0x56135aa435a0_0;  alias, 1 drivers
v0x56135aa13490_0 .var "divider_1", 31 0;
v0x56135aa13590_0 .var "divider_2", 31 0;
v0x56135aa22190_0 .net "reset_n", 0 0, L_0x56135aa439a0;  1 drivers
v0x56135aa14d40_0 .var "slw_clk_1", 0 0;
v0x56135aa151f0_0 .var "slw_clk_2", 0 0;
E_0x56135aa09e00/0 .event negedge, v0x56135aa22190_0;
E_0x56135aa09e00/1 .event posedge, v0x56135aa19e60_0;
E_0x56135aa09e00 .event/or E_0x56135aa09e00/0, E_0x56135aa09e00/1;
S_0x56135aa42230 .scope module, "h0" "codeconverter" 3 126, 5 1 0, S_0x56135aa0cfd0;
 .timescale -9 -10;
    .port_info 0 /INPUT 3 "num"
    .port_info 1 /OUTPUT 8 "out"
v0x56135aa42460_0 .net "num", 2 0, v0x56135aa430d0_0;  1 drivers
v0x56135aa42560_0 .var "out", 7 0;
E_0x56135aa21ba0 .event edge, v0x56135aa42460_0;
    .scope S_0x56135aa03810;
T_0 ;
    %wait E_0x56135aa09e00;
    %load/vec4 v0x56135aa22190_0;
    %pad/u 32;
    %cmpi/e 0, 0, 32;
    %jmp/0xz  T_0.0, 4;
    %pushi/vec4 0, 0, 32;
    %assign/vec4 v0x56135aa13490_0, 0;
    %jmp T_0.1;
T_0.0 ;
    %load/vec4 v0x56135aa13490_0;
    %cmpi/e 2000000, 0, 32;
    %jmp/0xz  T_0.2, 4;
    %load/vec4 v0x56135aa14d40_0;
    %inv;
    %assign/vec4 v0x56135aa14d40_0, 0;
    %pushi/vec4 0, 0, 32;
    %assign/vec4 v0x56135aa13490_0, 0;
    %jmp T_0.3;
T_0.2 ;
    %load/vec4 v0x56135aa13490_0;
    %addi 1, 0, 32;
    %assign/vec4 v0x56135aa13490_0, 0;
T_0.3 ;
T_0.1 ;
    %jmp T_0;
    .thread T_0;
    .scope S_0x56135aa03810;
T_1 ;
    %wait E_0x56135aa09e00;
    %load/vec4 v0x56135aa22190_0;
    %pad/u 32;
    %cmpi/e 0, 0, 32;
    %jmp/0xz  T_1.0, 4;
    %pushi/vec4 0, 0, 32;
    %assign/vec4 v0x56135aa13590_0, 0;
    %jmp T_1.1;
T_1.0 ;
    %load/vec4 v0x56135aa13590_0;
    %cmpi/e 25000000, 0, 32;
    %jmp/0xz  T_1.2, 4;
    %load/vec4 v0x56135aa151f0_0;
    %inv;
    %assign/vec4 v0x56135aa151f0_0, 0;
    %pushi/vec4 0, 0, 32;
    %assign/vec4 v0x56135aa13590_0, 0;
    %jmp T_1.3;
T_1.2 ;
    %load/vec4 v0x56135aa13590_0;
    %addi 1, 0, 32;
    %assign/vec4 v0x56135aa13590_0, 0;
T_1.3 ;
T_1.1 ;
    %jmp T_1;
    .thread T_1;
    .scope S_0x56135aa42230;
T_2 ;
    %wait E_0x56135aa21ba0;
    %load/vec4 v0x56135aa42460_0;
    %dup/vec4;
    %pushi/vec4 0, 0, 3;
    %cmp/u;
    %jmp/1 T_2.0, 6;
    %dup/vec4;
    %pushi/vec4 1, 0, 3;
    %cmp/u;
    %jmp/1 T_2.1, 6;
    %dup/vec4;
    %pushi/vec4 2, 0, 3;
    %cmp/u;
    %jmp/1 T_2.2, 6;
    %dup/vec4;
    %pushi/vec4 3, 0, 3;
    %cmp/u;
    %jmp/1 T_2.3, 6;
    %dup/vec4;
    %pushi/vec4 7, 0, 3;
    %cmp/u;
    %jmp/1 T_2.4, 6;
    %pushi/vec4 255, 0, 8;
    %store/vec4 v0x56135aa42560_0, 0, 8;
    %jmp T_2.6;
T_2.0 ;
    %pushi/vec4 192, 0, 8;
    %store/vec4 v0x56135aa42560_0, 0, 8;
    %jmp T_2.6;
T_2.1 ;
    %pushi/vec4 249, 0, 8;
    %store/vec4 v0x56135aa42560_0, 0, 8;
    %jmp T_2.6;
T_2.2 ;
    %pushi/vec4 164, 0, 8;
    %store/vec4 v0x56135aa42560_0, 0, 8;
    %jmp T_2.6;
T_2.3 ;
    %pushi/vec4 176, 0, 8;
    %store/vec4 v0x56135aa42560_0, 0, 8;
    %jmp T_2.6;
T_2.4 ;
    %pushi/vec4 255, 0, 8;
    %store/vec4 v0x56135aa42560_0, 0, 8;
    %jmp T_2.6;
T_2.6 ;
    %pop/vec4 1;
    %jmp T_2;
    .thread T_2, $push;
    .scope S_0x56135aa0cfd0;
T_3 ;
    %wait E_0x56135aa21ba0;
    %load/vec4 v0x56135aa430d0_0;
    %dup/vec4;
    %pushi/vec4 0, 0, 3;
    %cmp/u;
    %jmp/1 T_3.0, 6;
    %dup/vec4;
    %pushi/vec4 1, 0, 3;
    %cmp/u;
    %jmp/1 T_3.1, 6;
    %dup/vec4;
    %pushi/vec4 2, 0, 3;
    %cmp/u;
    %jmp/1 T_3.2, 6;
    %dup/vec4;
    %pushi/vec4 3, 0, 3;
    %cmp/u;
    %jmp/1 T_3.3, 6;
    %jmp T_3.4;
T_3.0 ;
    %load/vec4 v0x56135aa42af0_0;
    %parti/s 1, 0, 2;
    %pad/u 32;
    %cmpi/e 1, 0, 32;
    %jmp/0xz  T_3.5, 4;
    %pushi/vec4 1, 0, 3;
    %store/vec4 v0x56135aa43330_0, 0, 3;
    %jmp T_3.6;
T_3.5 ;
    %load/vec4 v0x56135aa42af0_0;
    %parti/s 1, 1, 2;
    %pad/u 32;
    %pushi/vec4 1, 0, 32;
    %cmp/e;
    %flag_get/vec4 4;
    %load/vec4 v0x56135aa42810_0;
    %parti/s 1, 1, 2;
    %pad/u 32;
    %pushi/vec4 1, 0, 32;
    %cmp/e;
    %flag_get/vec4 4;
    %and;
    %flag_set/vec4 8;
    %jmp/0xz  T_3.7, 8;
    %pushi/vec4 2, 0, 3;
    %store/vec4 v0x56135aa43330_0, 0, 3;
    %jmp T_3.8;
T_3.7 ;
    %load/vec4 v0x56135aa42af0_0;
    %parti/s 1, 1, 2;
    %pad/u 32;
    %pushi/vec4 1, 0, 32;
    %cmp/e;
    %flag_get/vec4 4;
    %load/vec4 v0x56135aa42810_0;
    %parti/s 1, 1, 2;
    %pad/u 32;
    %pushi/vec4 0, 0, 32;
    %cmp/e;
    %flag_get/vec4 4;
    %and;
    %flag_set/vec4 8;
    %jmp/0xz  T_3.9, 8;
    %pushi/vec4 3, 0, 3;
    %store/vec4 v0x56135aa43330_0, 0, 3;
    %jmp T_3.10;
T_3.9 ;
    %pushi/vec4 0, 0, 3;
    %store/vec4 v0x56135aa43330_0, 0, 3;
T_3.10 ;
T_3.8 ;
T_3.6 ;
    %jmp T_3.4;
T_3.1 ;
    %load/vec4 v0x56135aa42af0_0;
    %parti/s 1, 0, 2;
    %pad/u 32;
    %cmpi/e 0, 0, 32;
    %jmp/0xz  T_3.11, 4;
    %pushi/vec4 0, 0, 3;
    %store/vec4 v0x56135aa43330_0, 0, 3;
    %jmp T_3.12;
T_3.11 ;
    %pushi/vec4 1, 0, 3;
    %store/vec4 v0x56135aa43330_0, 0, 3;
T_3.12 ;
    %jmp T_3.4;
T_3.2 ;
    %load/vec4 v0x56135aa42af0_0;
    %parti/s 1, 0, 2;
    %pad/u 32;
    %cmpi/e 1, 0, 32;
    %jmp/0xz  T_3.13, 4;
    %pushi/vec4 1, 0, 3;
    %store/vec4 v0x56135aa43330_0, 0, 3;
    %jmp T_3.14;
T_3.13 ;
    %load/vec4 v0x56135aa42af0_0;
    %parti/s 1, 1, 2;
    %pad/u 32;
    %pushi/vec4 1, 0, 32;
    %cmp/e;
    %flag_get/vec4 4;
    %load/vec4 v0x56135aa42810_0;
    %parti/s 1, 1, 2;
    %pad/u 32;
    %pushi/vec4 1, 0, 32;
    %cmp/e;
    %flag_get/vec4 4;
    %and;
    %flag_set/vec4 8;
    %jmp/0xz  T_3.15, 8;
    %pushi/vec4 2, 0, 3;
    %store/vec4 v0x56135aa43330_0, 0, 3;
    %jmp T_3.16;
T_3.15 ;
    %pushi/vec4 0, 0, 3;
    %store/vec4 v0x56135aa43330_0, 0, 3;
T_3.16 ;
T_3.14 ;
    %jmp T_3.4;
T_3.3 ;
    %load/vec4 v0x56135aa42af0_0;
    %parti/s 1, 0, 2;
    %pad/u 32;
    %cmpi/e 1, 0, 32;
    %jmp/0xz  T_3.17, 4;
    %pushi/vec4 1, 0, 3;
    %store/vec4 v0x56135aa43330_0, 0, 3;
    %jmp T_3.18;
T_3.17 ;
    %load/vec4 v0x56135aa42af0_0;
    %parti/s 1, 1, 2;
    %pad/u 32;
    %pushi/vec4 1, 0, 32;
    %cmp/e;
    %flag_get/vec4 4;
    %load/vec4 v0x56135aa42810_0;
    %parti/s 1, 1, 2;
    %pad/u 32;
    %pushi/vec4 0, 0, 32;
    %cmp/e;
    %flag_get/vec4 4;
    %and;
    %flag_set/vec4 8;
    %jmp/0xz  T_3.19, 8;
    %pushi/vec4 3, 0, 3;
    %store/vec4 v0x56135aa43330_0, 0, 3;
    %jmp T_3.20;
T_3.19 ;
    %pushi/vec4 0, 0, 3;
    %store/vec4 v0x56135aa43330_0, 0, 3;
T_3.20 ;
T_3.18 ;
    %jmp T_3.4;
T_3.4 ;
    %pop/vec4 1;
    %jmp T_3;
    .thread T_3, $push;
    .scope S_0x56135aa0cfd0;
T_4 ;
    %wait E_0x56135aa09b90;
    %load/vec4 v0x56135aa42810_0;
    %parti/s 1, 0, 2;
    %pad/u 32;
    %cmpi/e 0, 0, 32;
    %jmp/0xz  T_4.0, 4;
    %pushi/vec4 0, 0, 3;
    %store/vec4 v0x56135aa430d0_0, 0, 3;
    %jmp T_4.1;
T_4.0 ;
    %load/vec4 v0x56135aa43330_0;
    %store/vec4 v0x56135aa430d0_0, 0, 3;
T_4.1 ;
    %jmp T_4;
    .thread T_4;
    .scope S_0x56135aa0cfd0;
T_5 ;
    %wait E_0x56135aa09950;
    %load/vec4 v0x56135aa430d0_0;
    %cmpi/e 0, 0, 3;
    %jmp/0xz  T_5.0, 4;
    %pushi/vec4 0, 0, 2;
    %assign/vec4 v0x56135aa429c0_0, 0;
    %jmp T_5.1;
T_5.0 ;
    %load/vec4 v0x56135aa429c0_0;
    %pad/u 32;
    %cmpi/ne 3, 0, 32;
    %jmp/0xz  T_5.2, 4;
    %load/vec4 v0x56135aa429c0_0;
    %addi 1, 0, 2;
    %assign/vec4 v0x56135aa429c0_0, 0;
    %jmp T_5.3;
T_5.2 ;
    %pushi/vec4 0, 0, 2;
    %assign/vec4 v0x56135aa429c0_0, 0;
T_5.3 ;
T_5.1 ;
    %jmp T_5;
    .thread T_5;
    .scope S_0x56135aa0cfd0;
T_6 ;
    %wait E_0x56135aa0a350;
    %load/vec4 v0x56135aa430d0_0;
    %dup/vec4;
    %pushi/vec4 0, 0, 3;
    %cmp/u;
    %jmp/1 T_6.0, 6;
    %dup/vec4;
    %pushi/vec4 1, 0, 3;
    %cmp/u;
    %jmp/1 T_6.1, 6;
    %dup/vec4;
    %pushi/vec4 2, 0, 3;
    %cmp/u;
    %jmp/1 T_6.2, 6;
    %dup/vec4;
    %pushi/vec4 3, 0, 3;
    %cmp/u;
    %jmp/1 T_6.3, 6;
    %jmp T_6.4;
T_6.0 ;
    %pushi/vec4 0, 0, 3;
    %store/vec4 v0x56135aa431a0_0, 0, 3;
    %pushi/vec4 0, 0, 3;
    %store/vec4 v0x56135aa433f0_0, 0, 3;
    %jmp T_6.4;
T_6.1 ;
    %load/vec4 v0x56135aa429c0_0;
    %parti/s 1, 0, 2;
    %load/vec4 v0x56135aa429c0_0;
    %parti/s 1, 0, 2;
    %concat/vec4; draw_concat_vec4
    %load/vec4 v0x56135aa429c0_0;
    %parti/s 1, 0, 2;
    %concat/vec4; draw_concat_vec4
    %store/vec4 v0x56135aa431a0_0, 0, 3;
    %load/vec4 v0x56135aa429c0_0;
    %parti/s 1, 0, 2;
    %load/vec4 v0x56135aa429c0_0;
    %parti/s 1, 0, 2;
    %concat/vec4; draw_concat_vec4
    %load/vec4 v0x56135aa429c0_0;
    %parti/s 1, 0, 2;
    %concat/vec4; draw_concat_vec4
    %store/vec4 v0x56135aa433f0_0, 0, 3;
    %jmp T_6.4;
T_6.2 ;
    %pushi/vec4 0, 0, 3;
    %store/vec4 v0x56135aa433f0_0, 0, 3;
    %load/vec4 v0x56135aa429c0_0;
    %dup/vec4;
    %pushi/vec4 0, 0, 2;
    %cmp/u;
    %jmp/1 T_6.5, 6;
    %dup/vec4;
    %pushi/vec4 1, 0, 2;
    %cmp/u;
    %jmp/1 T_6.6, 6;
    %dup/vec4;
    %pushi/vec4 2, 0, 2;
    %cmp/u;
    %jmp/1 T_6.7, 6;
    %dup/vec4;
    %pushi/vec4 3, 0, 2;
    %cmp/u;
    %jmp/1 T_6.8, 6;
    %jmp T_6.9;
T_6.5 ;
    %pushi/vec4 0, 0, 3;
    %store/vec4 v0x56135aa431a0_0, 0, 3;
    %jmp T_6.9;
T_6.6 ;
    %pushi/vec4 1, 0, 1;
    %ix/load 4, 0, 0;
    %flag_set/imm 4, 0;
    %store/vec4 v0x56135aa431a0_0, 4, 1;
    %jmp T_6.9;
T_6.7 ;
    %pushi/vec4 3, 0, 3;
    %store/vec4 v0x56135aa431a0_0, 0, 3;
    %jmp T_6.9;
T_6.8 ;
    %pushi/vec4 7, 0, 3;
    %store/vec4 v0x56135aa431a0_0, 0, 3;
    %jmp T_6.9;
T_6.9 ;
    %pop/vec4 1;
    %jmp T_6.4;
T_6.3 ;
    %pushi/vec4 0, 0, 3;
    %store/vec4 v0x56135aa431a0_0, 0, 3;
    %load/vec4 v0x56135aa429c0_0;
    %dup/vec4;
    %pushi/vec4 0, 0, 2;
    %cmp/u;
    %jmp/1 T_6.10, 6;
    %dup/vec4;
    %pushi/vec4 1, 0, 2;
    %cmp/u;
    %jmp/1 T_6.11, 6;
    %dup/vec4;
    %pushi/vec4 2, 0, 2;
    %cmp/u;
    %jmp/1 T_6.12, 6;
    %dup/vec4;
    %pushi/vec4 3, 0, 2;
    %cmp/u;
    %jmp/1 T_6.13, 6;
    %jmp T_6.14;
T_6.10 ;
    %pushi/vec4 0, 0, 3;
    %store/vec4 v0x56135aa433f0_0, 0, 3;
    %jmp T_6.14;
T_6.11 ;
    %pushi/vec4 1, 0, 1;
    %ix/load 4, 2, 0;
    %flag_set/imm 4, 0;
    %store/vec4 v0x56135aa433f0_0, 4, 1;
    %jmp T_6.14;
T_6.12 ;
    %pushi/vec4 6, 0, 3;
    %store/vec4 v0x56135aa433f0_0, 0, 3;
    %jmp T_6.14;
T_6.13 ;
    %pushi/vec4 7, 0, 3;
    %store/vec4 v0x56135aa433f0_0, 0, 3;
    %jmp T_6.14;
T_6.14 ;
    %pop/vec4 1;
    %jmp T_6.4;
T_6.4 ;
    %pop/vec4 1;
    %jmp T_6;
    .thread T_6;
    .scope S_0x56135aa0ce50;
T_7 ;
    %pushi/vec4 0, 0, 1;
    %store/vec4 v0x56135aa435a0_0, 0, 1;
    %end;
    .thread T_7;
    .scope S_0x56135aa0ce50;
T_8 ;
    %delay 10, 0;
    %load/vec4 v0x56135aa435a0_0;
    %inv;
    %store/vec4 v0x56135aa435a0_0, 0, 1;
    %jmp T_8;
    .thread T_8;
    .scope S_0x56135aa0ce50;
T_9 ;
    %vpi_call 2 24 "$dumpfile", "out.vcd" {0 0 0};
    %vpi_call 2 25 "$dumpvars" {0 0 0};
    %vpi_call 2 26 "$display", $time, "<<starting>>" {0 0 0};
    %pushi/vec4 3, 0, 2;
    %store/vec4 v0x56135aa43770_0, 0, 2;
    %pushi/vec4 0, 0, 10;
    %store/vec4 v0x56135aa438b0_0, 0, 10;
    %delay 5000, 0;
    %pushi/vec4 1, 0, 1;
    %ix/load 4, 0, 0;
    %flag_set/imm 4, 0;
    %store/vec4 v0x56135aa438b0_0, 4, 1;
    %delay 5000, 0;
    %pushi/vec4 0, 0, 1;
    %ix/load 4, 0, 0;
    %flag_set/imm 4, 0;
    %store/vec4 v0x56135aa438b0_0, 4, 1;
    %pushi/vec4 0, 0, 1;
    %ix/load 4, 1, 0;
    %flag_set/imm 4, 0;
    %store/vec4 v0x56135aa43770_0, 4, 1;
    %delay 500, 0;
    %pushi/vec4 1, 0, 1;
    %ix/load 4, 1, 0;
    %flag_set/imm 4, 0;
    %store/vec4 v0x56135aa43770_0, 4, 1;
    %delay 5000, 0;
    %pushi/vec4 1, 0, 1;
    %ix/load 4, 1, 0;
    %flag_set/imm 4, 0;
    %store/vec4 v0x56135aa438b0_0, 4, 1;
    %delay 5000, 0;
    %pushi/vec4 0, 0, 1;
    %ix/load 4, 1, 0;
    %flag_set/imm 4, 0;
    %store/vec4 v0x56135aa43770_0, 4, 1;
    %delay 500, 0;
    %pushi/vec4 0, 0, 1;
    %ix/load 4, 1, 0;
    %flag_set/imm 4, 0;
    %store/vec4 v0x56135aa43770_0, 4, 1;
    %delay 5000, 0;
    %pushi/vec4 1, 0, 1;
    %ix/load 4, 1, 0;
    %flag_set/imm 4, 0;
    %store/vec4 v0x56135aa438b0_0, 4, 1;
    %delay 5000, 0;
    %pushi/vec4 0, 0, 1;
    %ix/load 4, 0, 0;
    %flag_set/imm 4, 0;
    %store/vec4 v0x56135aa43770_0, 4, 1;
    %delay 500, 0;
    %pushi/vec4 1, 0, 1;
    %ix/load 4, 0, 0;
    %flag_set/imm 4, 0;
    %store/vec4 v0x56135aa43770_0, 4, 1;
    %delay 5000, 0;
    %pushi/vec4 0, 0, 1;
    %ix/load 4, 0, 0;
    %flag_set/imm 4, 0;
    %store/vec4 v0x56135aa43770_0, 4, 1;
    %delay 500, 0;
    %pushi/vec4 1, 0, 1;
    %ix/load 4, 0, 0;
    %flag_set/imm 4, 0;
    %store/vec4 v0x56135aa43770_0, 4, 1;
    %delay 5000, 0;
    %vpi_call 2 41 "$display", "<<ending>>" {0 0 0};
    %vpi_call 2 42 "$finish" {0 0 0};
    %end;
    .thread T_9;
    .scope S_0x56135aa0ce50;
T_10 ;
    %vpi_call 2 47 "$monitor", $time, "clk = %b, key = %b, sw = %b, hex0 = %b, led = %b", v0x56135aa435a0_0, v0x56135aa43770_0, v0x56135aa438b0_0, v0x56135aa43660_0, v0x56135aa43810_0 {0 0 0};
    %end;
    .thread T_10;
# The file index is used to find the file name in the following table.
:file_names 6;
    "N/A";
    "<interactive>";
    "tb.v";
    "top.v";
    "clock_divider.v";
    "codeconverter.v";
